\BOOKMARK [0][-]{chapter.1}{\376\377\0001\000\040\004\024\004\065\004\100\004\065\004\062\004\076\000\040\004\064\004\070\004\100\004\065\004\072\004\102\004\076\004\100\004\070\004\071}{}% 1
\BOOKMARK [1][-]{section.1.1}{\376\377\0001\000.\0001\000\040\004\020\004\073\004\104\004\060\004\062\004\070\004\102\004\075\004\113\004\071\000\040\004\103\004\072\004\060\004\067\004\060\004\102\004\065\004\073\004\114\000\040\004\064\004\070\004\100\004\065\004\072\004\102\004\076\004\100\004\070\004\071}{chapter.1}% 2
\BOOKMARK [0][-]{chapter.2}{\376\377\0002\000\040\004\020\004\073\004\104\004\060\004\062\004\070\004\102\004\075\004\113\004\071\000\040\004\103\004\072\004\060\004\067\004\060\004\102\004\065\004\073\004\114\000\040\004\077\004\100\004\076\004\101\004\102\004\100\004\060\004\075\004\101\004\102\004\062\000\040\004\070\004\074\004\065\004\075}{}% 3
\BOOKMARK [1][-]{section.2.1}{\376\377\0002\000.\0001\000\040\004\041\004\077\004\070\004\101\004\076\004\072\000\040\004\077\004\060\004\072\004\065\004\102\004\076\004\062}{chapter.2}% 4
\BOOKMARK [0][-]{chapter.3}{\376\377\0003\000\040\004\030\004\065\004\100\004\060\004\100\004\105\004\070\004\107\004\065\004\101\004\072\004\070\004\071\000\040\004\101\004\077\004\070\004\101\004\076\004\072\000\040\004\072\004\073\004\060\004\101\004\101\004\076\004\062}{}% 5
\BOOKMARK [1][-]{section.3.1}{\376\377\0003\000.\0001\000\040\004\030\004\065\004\100\004\060\004\100\004\105\004\070\004\117\000\040\004\072\004\073\004\060\004\101\004\101\004\076\004\062}{chapter.3}% 6
\BOOKMARK [0][-]{chapter.4}{\376\377\0004\000\040\004\020\004\073\004\104\004\060\004\062\004\070\004\102\004\075\004\113\004\071\000\040\004\103\004\072\004\060\004\067\004\060\004\102\004\065\004\073\004\114\000\040\004\072\004\073\004\060\004\101\004\101\004\076\004\062}{}% 7
\BOOKMARK [1][-]{section.4.1}{\376\377\0004\000.\0001\000\040\004\032\004\073\004\060\004\101\004\101\004\113}{chapter.4}% 8
\BOOKMARK [0][-]{chapter.5}{\376\377\0005\000\040\004\041\004\077\004\070\004\101\004\076\004\072\000\040\004\104\004\060\004\071\004\073\004\076\004\062}{}% 9
\BOOKMARK [1][-]{section.5.1}{\376\377\0005\000.\0001\000\040\004\044\004\060\004\071\004\073\004\113}{chapter.5}% 10
\BOOKMARK [0][-]{chapter.6}{\376\377\0006\000\040\004\024\004\070\004\100\004\065\004\072\004\102\004\076\004\100\004\070\004\070}{}% 11
\BOOKMARK [1][-]{section.6.1}{\376\377\0006\000.\0001\000\040\004\041\004\076\004\064\004\065\004\100\004\066\004\060\004\075\004\070\004\065\000\040\004\064\004\070\004\100\004\065\004\072\004\102\004\076\004\100\004\070\004\070\000\040\000B\000a\000l\000a\000n\000c\000e\000F\000o\000r\000g\000e}{chapter.6}% 12
\BOOKMARK [1][-]{section.6.2}{\376\377\0006\000.\0002\000\040\004\041\004\076\004\064\004\065\004\100\004\066\004\060\004\075\004\070\004\065\000\040\004\064\004\070\004\100\004\065\004\072\004\102\004\076\004\100\004\070\004\070\000\040\000B\000a\000l\000a\000n\000c\000e\000F\000o\000r\000g\000e\000/\000C\000o\000r\000e}{chapter.6}% 13
\BOOKMARK [1][-]{section.6.3}{\376\377\0006\000.\0003\000\040\004\041\004\076\004\064\004\065\004\100\004\066\004\060\004\075\004\070\004\065\000\040\004\064\004\070\004\100\004\065\004\072\004\102\004\076\004\100\004\070\004\070\000\040\000B\000a\000l\000a\000n\000c\000e\000F\000o\000r\000g\000e\000/\000C\000o\000r\000e\000/\000D\000a\000t\000a}{chapter.6}% 14
\BOOKMARK [1][-]{section.6.4}{\376\377\0006\000.\0004\000\040\004\041\004\076\004\064\004\065\004\100\004\066\004\060\004\075\004\070\004\065\000\040\004\064\004\070\004\100\004\065\004\072\004\102\004\076\004\100\004\070\004\070\000\040\000B\000a\000l\000a\000n\000c\000e\000F\000o\000r\000g\000e\000/\000E\000d\000i\000t\000o\000r}{chapter.6}% 15
\BOOKMARK [1][-]{section.6.5}{\376\377\0006\000.\0005\000\040\004\041\004\076\004\064\004\065\004\100\004\066\004\060\004\075\004\070\004\065\000\040\004\064\004\070\004\100\004\065\004\072\004\102\004\076\004\100\004\070\004\070\000\040\000B\000a\000l\000a\000n\000c\000e\000F\000o\000r\000g\000e\000/\000T\000e\000s\000t\000s\000/\000E\000d\000i\000t\000o\000r}{chapter.6}% 16
\BOOKMARK [1][-]{section.6.6}{\376\377\0006\000.\0006\000\040\004\041\004\076\004\064\004\065\004\100\004\066\004\060\004\075\004\070\004\065\000\040\004\064\004\070\004\100\004\065\004\072\004\102\004\076\004\100\004\070\004\070\000\040\000B\000a\000l\000a\000n\000c\000e\000F\000o\000r\000g\000e\000/\000I\000m\000p\000o\000r\000t\000E\000x\000p\000o\000r\000t}{chapter.6}% 17
\BOOKMARK [1][-]{section.6.7}{\376\377\0006\000.\0007\000\040\004\041\004\076\004\064\004\065\004\100\004\066\004\060\004\075\004\070\004\065\000\040\004\064\004\070\004\100\004\065\004\072\004\102\004\076\004\100\004\070\004\070\000\040\000B\000a\000l\000a\000n\000c\000e\000F\000o\000r\000g\000e\000/\000C\000o\000r\000e\000/\000D\000a\000t\000a\000/\000O\000p\000e\000r\000a\000t\000i\000o\000n\000s}{chapter.6}% 18
\BOOKMARK [1][-]{section.6.8}{\376\377\0006\000.\0008\000\040\004\041\004\076\004\064\004\065\004\100\004\066\004\060\004\075\004\070\004\065\000\040\004\064\004\070\004\100\004\065\004\072\004\102\004\076\004\100\004\070\004\070\000\040\000B\000a\000l\000a\000n\000c\000e\000F\000o\000r\000g\000e\000/\000S\000e\000r\000v\000i\000c\000e\000s}{chapter.6}% 19
\BOOKMARK [1][-]{section.6.9}{\376\377\0006\000.\0009\000\040\004\041\004\076\004\064\004\065\004\100\004\066\004\060\004\075\004\070\004\065\000\040\004\064\004\070\004\100\004\065\004\072\004\102\004\076\004\100\004\070\004\070\000\040\000B\000a\000l\000a\000n\000c\000e\000F\000o\000r\000g\000e\000/\000T\000e\000s\000t\000s}{chapter.6}% 20
\BOOKMARK [1][-]{section.6.10}{\376\377\0006\000.\0001\0000\000\040\004\041\004\076\004\064\004\065\004\100\004\066\004\060\004\075\004\070\004\065\000\040\004\064\004\070\004\100\004\065\004\072\004\102\004\076\004\100\004\070\004\070\000\040\000B\000a\000l\000a\000n\000c\000e\000F\000o\000r\000g\000e\000/\000E\000d\000i\000t\000o\000r\000/\000U\000I}{chapter.6}% 21
\BOOKMARK [1][-]{section.6.11}{\376\377\0006\000.\0001\0001\000\040\004\041\004\076\004\064\004\065\004\100\004\066\004\060\004\075\004\070\004\065\000\040\004\064\004\070\004\100\004\065\004\072\004\102\004\076\004\100\004\070\004\070\000\040\000B\000a\000l\000a\000n\000c\000e\000F\000o\000r\000g\000e\000/\000E\000d\000i\000t\000o\000r\000/\000U\000I\000/\000W\000i\000n\000d\000o\000w\000s}{chapter.6}% 22
\BOOKMARK [0][-]{chapter.7}{\376\377\0007\000\040\004\037\004\100\004\076\004\101\004\102\004\100\004\060\004\075\004\101\004\102\004\062\004\060\000\040\004\070\004\074\004\065\004\075}{}% 23
\BOOKMARK [1][-]{section.7.1}{\376\377\0007\000.\0001\000\040\004\037\004\100\004\076\004\101\004\102\004\100\004\060\004\075\004\101\004\102\004\062\004\076\000\040\004\070\004\074\004\065\004\075\000\040\000B\000a\000l\000a\000n\000c\000e\000F\000o\000r\000g\000e}{chapter.7}% 24
\BOOKMARK [1][-]{section.7.2}{\376\377\0007\000.\0002\000\040\004\037\004\100\004\076\004\101\004\102\004\100\004\060\004\075\004\101\004\102\004\062\004\076\000\040\004\070\004\074\004\065\004\075\000\040\000B\000a\000l\000a\000n\000c\000e\000F\000o\000r\000g\000e\000.\000C\000o\000r\000e}{chapter.7}% 25
\BOOKMARK [1][-]{section.7.3}{\376\377\0007\000.\0003\000\040\004\037\004\100\004\076\004\101\004\102\004\100\004\060\004\075\004\101\004\102\004\062\004\076\000\040\004\070\004\074\004\065\004\075\000\040\000B\000a\000l\000a\000n\000c\000e\000F\000o\000r\000g\000e\000.\000C\000o\000r\000e\000.\000D\000a\000t\000a}{chapter.7}% 26
\BOOKMARK [2][-]{subsection.7.3.1}{\376\377\0007\000.\0003\000.\0001\000\040\004\037\004\065\004\100\004\065\004\107\004\070\004\101\004\073\004\065\004\075\004\070\004\117}{section.7.3}% 27
\BOOKMARK [3][-]{subsubsection.7.3.1.1}{\376\377\0007\000.\0003\000.\0001\000.\0001\000\040\000C\000o\000l\000u\000m\000n\000T\000y\000p\000e}{subsection.7.3.1}% 28
\BOOKMARK [3][-]{subsubsection.7.3.1.2}{\376\377\0007\000.\0003\000.\0001\000.\0002\000\040\000E\000r\000r\000o\000r\000S\000e\000v\000e\000r\000i\000t\000y}{subsection.7.3.1}% 29
\BOOKMARK [1][-]{section.7.4}{\376\377\0007\000.\0004\000\040\004\037\004\100\004\076\004\101\004\102\004\100\004\060\004\075\004\101\004\102\004\062\004\076\000\040\004\070\004\074\004\065\004\075\000\040\000B\000a\000l\000a\000n\000c\000e\000F\000o\000r\000g\000e\000.\000D\000a\000t\000a}{chapter.7}% 30
\BOOKMARK [1][-]{section.7.5}{\376\377\0007\000.\0005\000\040\004\037\004\100\004\076\004\101\004\102\004\100\004\060\004\075\004\101\004\102\004\062\004\076\000\040\004\070\004\074\004\065\004\075\000\040\000B\000a\000l\000a\000n\000c\000e\000F\000o\000r\000g\000e\000.\000D\000a\000t\000a\000.\000O\000p\000e\000r\000a\000t\000i\000o\000n\000s}{chapter.7}% 31
\BOOKMARK [2][-]{subsection.7.5.1}{\376\377\0007\000.\0005\000.\0001\000\040\004\037\004\065\004\100\004\065\004\107\004\070\004\101\004\073\004\065\004\075\004\070\004\117}{section.7.5}% 32
\BOOKMARK [3][-]{subsubsection.7.5.1.1}{\376\377\0007\000.\0005\000.\0001\000.\0001\000\040\000F\000i\000l\000t\000e\000r\000O\000p\000e\000r\000a\000t\000o\000r}{subsection.7.5.1}% 33
\BOOKMARK [3][-]{subsubsection.7.5.1.2}{\376\377\0007\000.\0005\000.\0001\000.\0002\000\040\000L\000o\000g\000i\000c\000a\000l\000O\000p\000e\000r\000a\000t\000o\000r}{subsection.7.5.1}% 34
\BOOKMARK [3][-]{subsubsection.7.5.1.3}{\376\377\0007\000.\0005\000.\0001\000.\0003\000\040\000S\000o\000r\000t\000D\000i\000r\000e\000c\000t\000i\000o\000n}{subsection.7.5.1}% 35
\BOOKMARK [1][-]{section.7.6}{\376\377\0007\000.\0006\000\040\004\037\004\100\004\076\004\101\004\102\004\100\004\060\004\075\004\101\004\102\004\062\004\076\000\040\004\070\004\074\004\065\004\075\000\040\000B\000a\000l\000a\000n\000c\000e\000F\000o\000r\000g\000e\000.\000I\000m\000p\000o\000r\000t\000E\000x\000p\000o\000r\000t}{chapter.7}% 36
\BOOKMARK [1][-]{section.7.7}{\376\377\0007\000.\0007\000\040\004\037\004\100\004\076\004\101\004\102\004\100\004\060\004\075\004\101\004\102\004\062\004\076\000\040\004\070\004\074\004\065\004\075\000\040\000B\000a\000l\000a\000n\000c\000e\000F\000o\000r\000g\000e\000.\000S\000e\000r\000v\000i\000c\000e\000s}{chapter.7}% 37
\BOOKMARK [1][-]{section.7.8}{\376\377\0007\000.\0008\000\040\004\037\004\100\004\076\004\101\004\102\004\100\004\060\004\075\004\101\004\102\004\062\004\076\000\040\004\070\004\074\004\065\004\075\000\040\000B\000a\000l\000a\000n\000c\000e\000F\000o\000r\000g\000e\000.\000T\000e\000s\000t\000s}{chapter.7}% 38
\BOOKMARK [0][-]{chapter.8}{\376\377\0008\000\040\004\032\004\073\004\060\004\101\004\101\004\113}{}% 39
\BOOKMARK [1][-]{section.8.1}{\376\377\0008\000.\0001\000\040\004\032\004\073\004\060\004\101\004\101\000\040\000B\000a\000l\000a\000n\000c\000e\000F\000o\000r\000g\000e\000.\000S\000e\000r\000v\000i\000c\000e\000s\000.\000A\000d\000d\000R\000o\000w\000C\000o\000m\000m\000a\000n\000d}{chapter.8}% 40
\BOOKMARK [2][-]{subsection.8.1.1}{\376\377\0008\000.\0001\000.\0001\000\040\004\037\004\076\004\064\004\100\004\076\004\061\004\075\004\076\004\065\000\040\004\076\004\077\004\070\004\101\004\060\004\075\004\070\004\065}{section.8.1}% 41
\BOOKMARK [2][-]{subsection.8.1.2}{\376\377\0008\000.\0001\000.\0002\000\040\004\032\004\076\004\075\004\101\004\102\004\100\004\103\004\072\004\102\004\076\004\100\000\050\004\113\000\051}{section.8.1}% 42
\BOOKMARK [3][-]{subsubsection.8.1.2.1}{\376\377\0008\000.\0001\000.\0002\000.\0001\000\040\000A\000d\000d\000R\000o\000w\000C\000o\000m\000m\000a\000n\000d\000\050\000\051}{subsection.8.1.2}% 43
\BOOKMARK [2][-]{subsection.8.1.3}{\376\377\0008\000.\0001\000.\0003\000\040\004\034\004\065\004\102\004\076\004\064\004\113}{section.8.1}% 44
\BOOKMARK [3][-]{subsubsection.8.1.3.1}{\376\377\0008\000.\0001\000.\0003\000.\0001\000\040\000E\000x\000e\000c\000u\000t\000e\000\050\000\051}{subsection.8.1.3}% 45
\BOOKMARK [3][-]{subsubsection.8.1.3.2}{\376\377\0008\000.\0001\000.\0003\000.\0002\000\040\000G\000e\000t\000D\000e\000s\000c\000r\000i\000p\000t\000i\000o\000n\000\050\000\051}{subsection.8.1.3}% 46
\BOOKMARK [3][-]{subsubsection.8.1.3.3}{\376\377\0008\000.\0001\000.\0003\000.\0003\000\040\000U\000n\000d\000o\000\050\000\051}{subsection.8.1.3}% 47
\BOOKMARK [1][-]{section.8.2}{\376\377\0008\000.\0002\000\040\004\032\004\073\004\060\004\101\004\101\000\040\000B\000a\000l\000a\000n\000c\000e\000F\000o\000r\000g\000e\000.\000T\000e\000s\000t\000s\000.\000B\000a\000l\000a\000n\000c\000e\000F\000o\000r\000g\000e\000T\000e\000s\000t\000s}{chapter.8}% 48
\BOOKMARK [2][-]{subsection.8.2.1}{\376\377\0008\000.\0002\000.\0001\000\040\004\037\004\076\004\064\004\100\004\076\004\061\004\075\004\076\004\065\000\040\004\076\004\077\004\070\004\101\004\060\004\075\004\070\004\065}{section.8.2}% 49
\BOOKMARK [2][-]{subsection.8.2.2}{\376\377\0008\000.\0002\000.\0002\000\040\004\034\004\065\004\102\004\076\004\064\004\113}{section.8.2}% 50
\BOOKMARK [3][-]{subsubsection.8.2.2.1}{\376\377\0008\000.\0002\000.\0002\000.\0001\000\040\000T\000e\000s\000t\0000\0001\000\137\000B\000a\000l\000a\000n\000c\000e\000R\000o\000w\000\137\000S\000t\000r\000i\000n\000g\000V\000a\000l\000u\000e\000\137\000S\000u\000c\000c\000e\000s\000s\000\050\000\051}{subsection.8.2.2}% 51
\BOOKMARK [3][-]{subsubsection.8.2.2.2}{\376\377\0008\000.\0002\000.\0002\000.\0002\000\040\000T\000e\000s\000t\0000\0002\000\137\000B\000a\000l\000a\000n\000c\000e\000R\000o\000w\000\137\000I\000n\000t\000e\000g\000e\000r\000V\000a\000l\000u\000e\000\137\000S\000u\000c\000c\000e\000s\000s\000\050\000\051}{subsection.8.2.2}% 52
\BOOKMARK [3][-]{subsubsection.8.2.2.3}{\376\377\0008\000.\0002\000.\0002\000.\0003\000\040\000T\000e\000s\000t\0000\0003\000\137\000B\000a\000l\000a\000n\000c\000e\000R\000o\000w\000\137\000F\000l\000o\000a\000t\000V\000a\000l\000u\000e\000\137\000S\000u\000c\000c\000e\000s\000s\000\050\000\051}{subsection.8.2.2}% 53
\BOOKMARK [3][-]{subsubsection.8.2.2.4}{\376\377\0008\000.\0002\000.\0002\000.\0004\000\040\000T\000e\000s\000t\0000\0004\000\137\000B\000a\000l\000a\000n\000c\000e\000R\000o\000w\000\137\000B\000o\000o\000l\000e\000a\000n\000V\000a\000l\000u\000e\000\137\000S\000u\000c\000c\000e\000s\000s\000\050\000\051}{subsection.8.2.2}% 54
\BOOKMARK [3][-]{subsubsection.8.2.2.5}{\376\377\0008\000.\0002\000.\0002\000.\0005\000\040\000T\000e\000s\000t\0000\0005\000\137\000B\000a\000l\000a\000n\000c\000e\000R\000o\000w\000\137\000V\000e\000c\000t\000o\000r\0002\000V\000a\000l\000u\000e\000\137\000S\000u\000c\000c\000e\000s\000s\000\050\000\051}{subsection.8.2.2}% 55
\BOOKMARK [3][-]{subsubsection.8.2.2.6}{\376\377\0008\000.\0002\000.\0002\000.\0006\000\040\000T\000e\000s\000t\0000\0006\000\137\000B\000a\000l\000a\000n\000c\000e\000R\000o\000w\000\137\000V\000e\000c\000t\000o\000r\0003\000V\000a\000l\000u\000e\000\137\000S\000u\000c\000c\000e\000s\000s\000\050\000\051}{subsection.8.2.2}% 56
\BOOKMARK [3][-]{subsubsection.8.2.2.7}{\376\377\0008\000.\0002\000.\0002\000.\0007\000\040\000T\000e\000s\000t\0000\0007\000\137\000B\000a\000l\000a\000n\000c\000e\000R\000o\000w\000\137\000C\000o\000l\000o\000r\000V\000a\000l\000u\000e\000\137\000S\000u\000c\000c\000e\000s\000s\000\050\000\051}{subsection.8.2.2}% 57
\BOOKMARK [3][-]{subsubsection.8.2.2.8}{\376\377\0008\000.\0002\000.\0002\000.\0008\000\040\000T\000e\000s\000t\0000\0008\000\137\000B\000a\000l\000a\000n\000c\000e\000R\000o\000w\000\137\000N\000o\000n\000E\000x\000i\000s\000t\000e\000n\000t\000C\000o\000l\000u\000m\000n\000\137\000R\000e\000t\000u\000r\000n\000s\000N\000u\000l\000l\000\050\000\051}{subsection.8.2.2}% 58
\BOOKMARK [3][-]{subsubsection.8.2.2.9}{\376\377\0008\000.\0002\000.\0002\000.\0009\000\040\000T\000e\000s\000t\0000\0009\000\137\000B\000a\000l\000a\000n\000c\000e\000R\000o\000w\000\137\000N\000u\000l\000l\000V\000a\000l\000u\000e\000\137\000H\000a\000n\000d\000l\000e\000s\000C\000o\000r\000r\000e\000c\000t\000l\000y\000\050\000\051}{subsection.8.2.2}% 59
\BOOKMARK [3][-]{subsubsection.8.2.2.10}{\376\377\0008\000.\0002\000.\0002\000.\0001\0000\000\040\000T\000e\000s\000t\0001\0000\000\137\000B\000a\000l\000a\000n\000c\000e\000R\000o\000w\000\137\000C\000l\000o\000n\000e\000\137\000C\000r\000e\000a\000t\000e\000s\000I\000n\000d\000e\000p\000e\000n\000d\000e\000n\000t\000C\000o\000p\000y\000\050\000\051}{subsection.8.2.2}% 60
\BOOKMARK [3][-]{subsubsection.8.2.2.11}{\376\377\0008\000.\0002\000.\0002\000.\0001\0001\000\040\000T\000e\000s\000t\0001\0001\000\137\000B\000a\000l\000a\000n\000c\000e\000T\000a\000b\000l\000e\000\137\000A\000d\000d\000C\000o\000l\000u\000m\000n\000\137\000S\000u\000c\000c\000e\000e\000d\000s\000\050\000\051}{subsection.8.2.2}% 61
\BOOKMARK [3][-]{subsubsection.8.2.2.12}{\376\377\0008\000.\0002\000.\0002\000.\0001\0002\000\040\000T\000e\000s\000t\0001\0002\000\137\000B\000a\000l\000a\000n\000c\000e\000T\000a\000b\000l\000e\000\137\000A\000d\000d\000R\000o\000w\000\137\000S\000u\000c\000c\000e\000e\000d\000s\000\050\000\051}{subsection.8.2.2}% 62
\BOOKMARK [3][-]{subsubsection.8.2.2.13}{\376\377\0008\000.\0002\000.\0002\000.\0001\0003\000\040\000T\000e\000s\000t\0001\0003\000\137\000B\000a\000l\000a\000n\000c\000e\000T\000a\000b\000l\000e\000\137\000R\000e\000m\000o\000v\000e\000R\000o\000w\000\137\000S\000u\000c\000c\000e\000e\000d\000s\000\050\000\051}{subsection.8.2.2}% 63
\BOOKMARK [3][-]{subsubsection.8.2.2.14}{\376\377\0008\000.\0002\000.\0002\000.\0001\0004\000\040\000T\000e\000s\000t\0001\0004\000\137\000B\000a\000l\000a\000n\000c\000e\000T\000a\000b\000l\000e\000\137\000R\000e\000m\000o\000v\000e\000N\000o\000n\000E\000x\000i\000s\000t\000e\000n\000t\000R\000o\000w\000\137\000R\000e\000t\000u\000r\000n\000s\000F\000a\000l\000s\000e\000\050\000\051}{subsection.8.2.2}% 64
\BOOKMARK [3][-]{subsubsection.8.2.2.15}{\376\377\0008\000.\0002\000.\0002\000.\0001\0005\000\040\000T\000e\000s\000t\0001\0005\000\137\000B\000a\000l\000a\000n\000c\000e\000T\000a\000b\000l\000e\000\137\000V\000a\000l\000i\000d\000a\000t\000e\000R\000e\000q\000u\000i\000r\000e\000d\000F\000i\000e\000l\000d\000\137\000F\000a\000i\000l\000s\000\050\000\051}{subsection.8.2.2}% 65
\BOOKMARK [3][-]{subsubsection.8.2.2.16}{\376\377\0008\000.\0002\000.\0002\000.\0001\0006\000\040\000T\000e\000s\000t\0001\0006\000\137\000T\000a\000b\000l\000e\000S\000o\000r\000t\000e\000r\000\137\000I\000n\000t\000e\000g\000e\000r\000A\000s\000c\000e\000n\000d\000i\000n\000g\000\137\000C\000o\000r\000r\000e\000c\000t\000O\000r\000d\000e\000r\000\050\000\051}{subsection.8.2.2}% 66
\BOOKMARK [3][-]{subsubsection.8.2.2.17}{\376\377\0008\000.\0002\000.\0002\000.\0001\0007\000\040\000T\000e\000s\000t\0001\0007\000\137\000T\000a\000b\000l\000e\000S\000o\000r\000t\000e\000r\000\137\000I\000n\000t\000e\000g\000e\000r\000D\000e\000s\000c\000e\000n\000d\000i\000n\000g\000\137\000C\000o\000r\000r\000e\000c\000t\000O\000r\000d\000e\000r\000\050\000\051}{subsection.8.2.2}% 67
\BOOKMARK [3][-]{subsubsection.8.2.2.18}{\376\377\0008\000.\0002\000.\0002\000.\0001\0008\000\040\000T\000e\000s\000t\0001\0008\000\137\000T\000a\000b\000l\000e\000S\000o\000r\000t\000e\000r\000\137\000S\000t\000r\000i\000n\000g\000A\000s\000c\000e\000n\000d\000i\000n\000g\000\137\000C\000o\000r\000r\000e\000c\000t\000O\000r\000d\000e\000r\000\050\000\051}{subsection.8.2.2}% 68
\BOOKMARK [3][-]{subsubsection.8.2.2.19}{\376\377\0008\000.\0002\000.\0002\000.\0001\0009\000\040\000T\000e\000s\000t\0001\0009\000\137\000T\000a\000b\000l\000e\000S\000o\000r\000t\000e\000r\000\137\000N\000u\000l\000l\000V\000a\000l\000u\000e\000s\000\137\000H\000a\000n\000d\000l\000e\000s\000G\000r\000a\000c\000e\000f\000u\000l\000l\000y\000\050\000\051}{subsection.8.2.2}% 69
\BOOKMARK [3][-]{subsubsection.8.2.2.20}{\376\377\0008\000.\0002\000.\0002\000.\0002\0000\000\040\000T\000e\000s\000t\0002\0000\000\137\000C\000o\000l\000u\000m\000n\000F\000i\000l\000t\000e\000r\000\137\000E\000q\000u\000a\000l\000s\000\137\000F\000i\000l\000t\000e\000r\000s\000C\000o\000r\000r\000e\000c\000t\000l\000y\000\050\000\051}{subsection.8.2.2}% 70
\BOOKMARK [3][-]{subsubsection.8.2.2.21}{\376\377\0008\000.\0002\000.\0002\000.\0002\0001\000\040\000T\000e\000s\000t\0002\0001\000\137\000C\000o\000l\000u\000m\000n\000F\000i\000l\000t\000e\000r\000\137\000C\000o\000n\000t\000a\000i\000n\000s\000\137\000F\000i\000l\000t\000e\000r\000s\000C\000o\000r\000r\000e\000c\000t\000l\000y\000\050\000\051}{subsection.8.2.2}% 71
\BOOKMARK [3][-]{subsubsection.8.2.2.22}{\376\377\0008\000.\0002\000.\0002\000.\0002\0002\000\040\000T\000e\000s\000t\0002\0002\000\137\000C\000o\000l\000u\000m\000n\000F\000i\000l\000t\000e\000r\000\137\000G\000r\000e\000a\000t\000e\000r\000T\000h\000a\000n\000\137\000F\000i\000l\000t\000e\000r\000s\000C\000o\000r\000r\000e\000c\000t\000l\000y\000\050\000\051}{subsection.8.2.2}% 72
\BOOKMARK [3][-]{subsubsection.8.2.2.23}{\376\377\0008\000.\0002\000.\0002\000.\0002\0003\000\040\000T\000e\000s\000t\0002\0003\000\137\000C\000o\000m\000p\000o\000s\000i\000t\000e\000F\000i\000l\000t\000e\000r\000\137\000A\000n\000d\000\137\000C\000o\000m\000b\000i\000n\000e\000s\000C\000o\000r\000r\000e\000c\000t\000l\000y\000\050\000\051}{subsection.8.2.2}% 73
\BOOKMARK [3][-]{subsubsection.8.2.2.24}{\376\377\0008\000.\0002\000.\0002\000.\0002\0004\000\040\000T\000e\000s\000t\0002\0004\000\137\000U\000n\000d\000o\000R\000e\000d\000o\000S\000e\000r\000v\000i\000c\000e\000\137\000E\000x\000e\000c\000u\000t\000e\000C\000o\000m\000m\000a\000n\000d\000\137\000C\000a\000n\000U\000n\000d\000o\000\050\000\051}{subsection.8.2.2}% 74
\BOOKMARK [3][-]{subsubsection.8.2.2.25}{\376\377\0008\000.\0002\000.\0002\000.\0002\0005\000\040\000T\000e\000s\000t\0002\0005\000\137\000U\000n\000d\000o\000R\000e\000d\000o\000S\000e\000r\000v\000i\000c\000e\000\137\000U\000n\000d\000o\000\137\000R\000e\000s\000t\000o\000r\000e\000s\000P\000r\000e\000v\000i\000o\000u\000s\000S\000t\000a\000t\000e\000\050\000\051}{subsection.8.2.2}% 75
\BOOKMARK [3][-]{subsubsection.8.2.2.26}{\376\377\0008\000.\0002\000.\0002\000.\0002\0006\000\040\000T\000e\000s\000t\0002\0006\000\137\000U\000n\000d\000o\000R\000e\000d\000o\000S\000e\000r\000v\000i\000c\000e\000\137\000R\000e\000d\000o\000\137\000R\000e\000a\000p\000p\000l\000i\000e\000s\000C\000o\000m\000m\000a\000n\000d\000\050\000\051}{subsection.8.2.2}% 76
\BOOKMARK [3][-]{subsubsection.8.2.2.27}{\376\377\0008\000.\0002\000.\0002\000.\0002\0007\000\040\000T\000e\000s\000t\0002\0007\000\137\000R\000a\000n\000g\000e\000V\000a\000l\000i\000d\000a\000t\000o\000r\000\137\000V\000a\000l\000u\000e\000I\000n\000R\000a\000n\000g\000e\000\137\000R\000e\000t\000u\000r\000n\000s\000T\000r\000u\000e\000\050\000\051}{subsection.8.2.2}% 77
\BOOKMARK [3][-]{subsubsection.8.2.2.28}{\376\377\0008\000.\0002\000.\0002\000.\0002\0008\000\040\000T\000e\000s\000t\0002\0008\000\137\000R\000a\000n\000g\000e\000V\000a\000l\000i\000d\000a\000t\000o\000r\000\137\000V\000a\000l\000u\000e\000O\000u\000t\000O\000f\000R\000a\000n\000g\000e\000\137\000R\000e\000t\000u\000r\000n\000s\000F\000a\000l\000s\000e\000\050\000\051}{subsection.8.2.2}% 78
\BOOKMARK [3][-]{subsubsection.8.2.2.29}{\376\377\0008\000.\0002\000.\0002\000.\0002\0009\000\040\000T\000e\000s\000t\0002\0009\000\137\000R\000e\000q\000u\000i\000r\000e\000d\000V\000a\000l\000i\000d\000a\000t\000o\000r\000\137\000N\000o\000n\000E\000m\000p\000t\000y\000V\000a\000l\000u\000e\000\137\000R\000e\000t\000u\000r\000n\000s\000T\000r\000u\000e\000\050\000\051}{subsection.8.2.2}% 79
\BOOKMARK [3][-]{subsubsection.8.2.2.30}{\376\377\0008\000.\0002\000.\0002\000.\0003\0000\000\040\000T\000e\000s\000t\0003\0000\000\137\000R\000e\000q\000u\000i\000r\000e\000d\000V\000a\000l\000i\000d\000a\000t\000o\000r\000\137\000E\000m\000p\000t\000y\000V\000a\000l\000u\000e\000\137\000R\000e\000t\000u\000r\000n\000s\000F\000a\000l\000s\000e\000\050\000\051}{subsection.8.2.2}% 80
\BOOKMARK [3][-]{subsubsection.8.2.2.31}{\376\377\0008\000.\0002\000.\0002\000.\0003\0001\000\040\000T\000e\000s\000t\0003\0001\000\137\000R\000e\000g\000e\000x\000V\000a\000l\000i\000d\000a\000t\000o\000r\000\137\000M\000a\000t\000c\000h\000i\000n\000g\000P\000a\000t\000t\000e\000r\000n\000\137\000R\000e\000t\000u\000r\000n\000s\000T\000r\000u\000e\000\050\000\051}{subsection.8.2.2}% 81
\BOOKMARK [3][-]{subsubsection.8.2.2.32}{\376\377\0008\000.\0002\000.\0002\000.\0003\0002\000\040\000T\000e\000s\000t\0003\0002\000\137\000R\000e\000g\000e\000x\000V\000a\000l\000i\000d\000a\000t\000o\000r\000\137\000N\000o\000n\000M\000a\000t\000c\000h\000i\000n\000g\000P\000a\000t\000t\000e\000r\000n\000\137\000R\000e\000t\000u\000r\000n\000s\000F\000a\000l\000s\000e\000\050\000\051}{subsection.8.2.2}% 82
\BOOKMARK [3][-]{subsubsection.8.2.2.33}{\376\377\0008\000.\0002\000.\0002\000.\0003\0003\000\040\000T\000e\000s\000t\0003\0003\000\137\000B\000a\000l\000a\000n\000c\000e\000T\000a\000b\000l\000e\000\137\000L\000a\000r\000g\000e\000D\000a\000t\000a\000s\000e\000t\000\137\000P\000e\000r\000f\000o\000r\000m\000s\000W\000e\000l\000l\000\050\000\051}{subsection.8.2.2}% 83
\BOOKMARK [3][-]{subsubsection.8.2.2.34}{\376\377\0008\000.\0002\000.\0002\000.\0003\0004\000\040\000T\000e\000s\000t\0003\0004\000\137\000B\000a\000l\000a\000n\000c\000e\000R\000o\000w\000\137\000R\000a\000p\000i\000d\000U\000p\000d\000a\000t\000e\000s\000\137\000M\000a\000i\000n\000t\000a\000i\000n\000s\000C\000o\000n\000s\000i\000s\000t\000e\000n\000c\000y\000\050\000\051}{subsection.8.2.2}% 84
\BOOKMARK [3][-]{subsubsection.8.2.2.35}{\376\377\0008\000.\0002\000.\0002\000.\0003\0005\000\040\000T\000e\000s\000t\0003\0005\000\137\000S\000e\000r\000i\000a\000l\000i\000z\000a\000b\000l\000e\000D\000i\000c\000t\000i\000o\000n\000a\000r\000y\000\137\000L\000a\000r\000g\000e\000D\000a\000t\000a\000s\000e\000t\000\137\000H\000a\000n\000d\000l\000e\000s\000C\000o\000r\000r\000e\000c\000t\000l\000y\000\050\000\051}{subsection.8.2.2}% 85
\BOOKMARK [1][-]{section.8.3}{\376\377\0008\000.\0003\000\040\004\032\004\073\004\060\004\101\004\101\000\040\000B\000a\000l\000a\000n\000c\000e\000F\000o\000r\000g\000e\000.\000C\000o\000r\000e\000.\000D\000a\000t\000a\000.\000B\000a\000l\000a\000n\000c\000e\000R\000o\000w}{chapter.8}% 86
\BOOKMARK [2][-]{subsection.8.3.1}{\376\377\0008\000.\0003\000.\0001\000\040\004\037\004\076\004\064\004\100\004\076\004\061\004\075\004\076\004\065\000\040\004\076\004\077\004\070\004\101\004\060\004\075\004\070\004\065}{section.8.3}% 87
\BOOKMARK [2][-]{subsection.8.3.2}{\376\377\0008\000.\0003\000.\0002\000\040\004\032\004\076\004\075\004\101\004\102\004\100\004\103\004\072\004\102\004\076\004\100\000\050\004\113\000\051}{section.8.3}% 88
\BOOKMARK [3][-]{subsubsection.8.3.2.1}{\376\377\0008\000.\0003\000.\0002\000.\0001\000\040\000B\000a\000l\000a\000n\000c\000e\000R\000o\000w\000\050\000\051}{subsection.8.3.2}% 89
\BOOKMARK [2][-]{subsection.8.3.3}{\376\377\0008\000.\0003\000.\0003\000\040\004\034\004\065\004\102\004\076\004\064\004\113}{section.8.3}% 90
\BOOKMARK [3][-]{subsubsection.8.3.3.1}{\376\377\0008\000.\0003\000.\0003\000.\0001\000\040\000C\000l\000o\000n\000e\000\050\000\051}{subsection.8.3.3}% 91
\BOOKMARK [3][-]{subsubsection.8.3.3.2}{\376\377\0008\000.\0003\000.\0003\000.\0002\000\040\000G\000e\000t\000V\000a\000l\000u\000e\000\050\000\051}{subsection.8.3.3}% 92
\BOOKMARK [3][-]{subsubsection.8.3.3.3}{\376\377\0008\000.\0003\000.\0003\000.\0003\000\040\000O\000n\000B\000e\000f\000o\000r\000e\000S\000e\000r\000i\000a\000l\000i\000z\000e\000\050\000\051}{subsection.8.3.3}% 93
\BOOKMARK [3][-]{subsubsection.8.3.3.4}{\376\377\0008\000.\0003\000.\0003\000.\0004\000\040\000S\000e\000t\000V\000a\000l\000u\000e\000\050\000\051}{subsection.8.3.3}% 94
\BOOKMARK [2][-]{subsection.8.3.4}{\376\377\0008\000.\0003\000.\0004\000\040\004\037\004\076\004\073\004\075\004\113\004\071\000\040\004\101\004\077\004\070\004\101\004\076\004\072\000\040\004\101\004\062\004\076\004\071\004\101\004\102\004\062}{section.8.3}% 95
\BOOKMARK [3][-]{subsubsection.8.3.4.1}{\376\377\0008\000.\0003\000.\0004\000.\0001\000\040\000C\000r\000e\000a\000t\000e\000d\000A\000t}{subsection.8.3.4}% 96
\BOOKMARK [3][-]{subsubsection.8.3.4.2}{\376\377\0008\000.\0003\000.\0004\000.\0002\000\040\000R\000o\000w\000I\000d}{subsection.8.3.4}% 97
\BOOKMARK [1][-]{section.8.4}{\376\377\0008\000.\0004\000\040\004\032\004\073\004\060\004\101\004\101\000\040\000B\000a\000l\000a\000n\000c\000e\000F\000o\000r\000g\000e\000.\000C\000o\000r\000e\000.\000D\000a\000t\000a\000.\000B\000a\000l\000a\000n\000c\000e\000T\000a\000b\000l\000e}{chapter.8}% 98
\BOOKMARK [2][-]{subsection.8.4.1}{\376\377\0008\000.\0004\000.\0001\000\040\004\037\004\076\004\064\004\100\004\076\004\061\004\075\004\076\004\065\000\040\004\076\004\077\004\070\004\101\004\060\004\075\004\070\004\065}{section.8.4}% 99
\BOOKMARK [2][-]{subsection.8.4.2}{\376\377\0008\000.\0004\000.\0002\000\040\004\034\004\065\004\102\004\076\004\064\004\113}{section.8.4}% 100
\BOOKMARK [3][-]{subsubsection.8.4.2.1}{\376\377\0008\000.\0004\000.\0002\000.\0001\000\040\000A\000d\000d\000C\000o\000l\000u\000m\000n\000\050\000\051}{subsection.8.4.2}% 101
\BOOKMARK [3][-]{subsubsection.8.4.2.2}{\376\377\0008\000.\0004\000.\0002\000.\0002\000\040\000A\000d\000d\000R\000o\000w\000\050\000\051}{subsection.8.4.2}% 102
\BOOKMARK [3][-]{subsubsection.8.4.2.3}{\376\377\0008\000.\0004\000.\0002\000.\0003\000\040\000G\000e\000t\000C\000o\000l\000u\000m\000n\000\050\000\051}{subsection.8.4.2}% 103
\BOOKMARK [3][-]{subsubsection.8.4.2.4}{\376\377\0008\000.\0004\000.\0002\000.\0004\000\040\000G\000e\000t\000R\000o\000w\000\050\000\051}{subsection.8.4.2}% 104
\BOOKMARK [3][-]{subsubsection.8.4.2.5}{\376\377\0008\000.\0004\000.\0002\000.\0005\000\040\000H\000a\000s\000S\000t\000r\000u\000c\000t\000u\000r\000e\000\050\000\051}{subsection.8.4.2}% 105
\BOOKMARK [3][-]{subsubsection.8.4.2.6}{\376\377\0008\000.\0004\000.\0002\000.\0006\000\040\000R\000e\000m\000o\000v\000e\000C\000o\000l\000u\000m\000n\000\050\000\051}{subsection.8.4.2}% 106
\BOOKMARK [3][-]{subsubsection.8.4.2.7}{\376\377\0008\000.\0004\000.\0002\000.\0007\000\040\000R\000e\000m\000o\000v\000e\000R\000o\000w\000\050\000\051}{subsection.8.4.2}% 107
\BOOKMARK [3][-]{subsubsection.8.4.2.8}{\376\377\0008\000.\0004\000.\0002\000.\0008\000\040\000V\000a\000l\000i\000d\000a\000t\000e\000D\000a\000t\000a\000\050\000\051}{subsection.8.4.2}% 108
\BOOKMARK [2][-]{subsection.8.4.3}{\376\377\0008\000.\0004\000.\0003\000\040\004\037\004\076\004\073\004\075\004\113\004\071\000\040\004\101\004\077\004\070\004\101\004\076\004\072\000\040\004\101\004\062\004\076\004\071\004\101\004\102\004\062}{section.8.4}% 109
\BOOKMARK [3][-]{subsubsection.8.4.3.1}{\376\377\0008\000.\0004\000.\0003\000.\0001\000\040\000C\000o\000l\000u\000m\000n\000s}{subsection.8.4.3}% 110
\BOOKMARK [3][-]{subsubsection.8.4.3.2}{\376\377\0008\000.\0004\000.\0003\000.\0002\000\040\000L\000a\000s\000t\000M\000o\000d\000i\000f\000i\000e\000d}{subsection.8.4.3}% 111
\BOOKMARK [3][-]{subsubsection.8.4.3.3}{\376\377\0008\000.\0004\000.\0003\000.\0003\000\040\000R\000o\000w\000s}{subsection.8.4.3}% 112
\BOOKMARK [3][-]{subsubsection.8.4.3.4}{\376\377\0008\000.\0004\000.\0003\000.\0004\000\040\000T\000a\000b\000l\000e\000I\000d}{subsection.8.4.3}% 113
\BOOKMARK [3][-]{subsubsection.8.4.3.5}{\376\377\0008\000.\0004\000.\0003\000.\0005\000\040\000T\000a\000b\000l\000e\000N\000a\000m\000e}{subsection.8.4.3}% 114
\BOOKMARK [1][-]{section.8.5}{\376\377\0008\000.\0005\000\040\004\032\004\073\004\060\004\101\004\101\000\040\000B\000a\000l\000a\000n\000c\000e\000F\000o\000r\000g\000e\000.\000S\000e\000r\000v\000i\000c\000e\000s\000.\000C\000l\000i\000p\000b\000o\000a\000r\000d\000S\000e\000r\000v\000i\000c\000e}{chapter.8}% 115
\BOOKMARK [2][-]{subsection.8.5.1}{\376\377\0008\000.\0005\000.\0001\000\040\004\037\004\076\004\064\004\100\004\076\004\061\004\075\004\076\004\065\000\040\004\076\004\077\004\070\004\101\004\060\004\075\004\070\004\065}{section.8.5}% 116
\BOOKMARK [2][-]{subsection.8.5.2}{\376\377\0008\000.\0005\000.\0002\000\040\004\034\004\065\004\102\004\076\004\064\004\113}{section.8.5}% 117
\BOOKMARK [3][-]{subsubsection.8.5.2.1}{\376\377\0008\000.\0005\000.\0002\000.\0001\000\040\000C\000a\000n\000P\000a\000s\000t\000e\000\050\000\051}{subsection.8.5.2}% 118
\BOOKMARK [3][-]{subsubsection.8.5.2.2}{\376\377\0008\000.\0005\000.\0002\000.\0002\000\040\000C\000l\000e\000a\000r\000\050\000\051}{subsection.8.5.2}% 119
\BOOKMARK [3][-]{subsubsection.8.5.2.3}{\376\377\0008\000.\0005\000.\0002\000.\0003\000\040\000C\000o\000p\000y\000\050\000\051}{subsection.8.5.2}% 120
\BOOKMARK [3][-]{subsubsection.8.5.2.4}{\376\377\0008\000.\0005\000.\0002\000.\0004\000\040\000C\000o\000p\000y\000M\000u\000l\000t\000i\000p\000l\000e\000\050\000\051}{subsection.8.5.2}% 121
\BOOKMARK [3][-]{subsubsection.8.5.2.5}{\376\377\0008\000.\0005\000.\0002\000.\0005\000\040\000P\000a\000s\000t\000e\000\050\000\051}{subsection.8.5.2}% 122
\BOOKMARK [3][-]{subsubsection.8.5.2.6}{\376\377\0008\000.\0005\000.\0002\000.\0006\000\040\000P\000a\000s\000t\000e\000M\000u\000l\000t\000i\000p\000l\000e\000\050\000\051}{subsection.8.5.2}% 123
\BOOKMARK [1][-]{section.8.6}{\376\377\0008\000.\0006\000\040\004\041\004\102\004\100\004\103\004\072\004\102\004\103\004\100\004\060\000\040\000B\000a\000l\000a\000n\000c\000e\000F\000o\000r\000g\000e\000.\000C\000o\000r\000e\000.\000D\000a\000t\000a\000.\000C\000o\000l\000o\000r\000S\000e\000r\000i\000a\000l\000i\000z\000a\000b\000l\000e}{chapter.8}% 124
\BOOKMARK [2][-]{subsection.8.6.1}{\376\377\0008\000.\0006\000.\0001\000\040\004\037\004\076\004\064\004\100\004\076\004\061\004\075\004\076\004\065\000\040\004\076\004\077\004\070\004\101\004\060\004\075\004\070\004\065}{section.8.6}% 125
\BOOKMARK [2][-]{subsection.8.6.2}{\376\377\0008\000.\0006\000.\0002\000\040\004\034\004\065\004\102\004\076\004\064\004\113}{section.8.6}% 126
\BOOKMARK [3][-]{subsubsection.8.6.2.1}{\376\377\0008\000.\0006\000.\0002\000.\0001\000\040\000F\000r\000o\000m\000C\000o\000l\000o\000r\000\050\000\051}{subsection.8.6.2}% 127
\BOOKMARK [3][-]{subsubsection.8.6.2.2}{\376\377\0008\000.\0006\000.\0002\000.\0002\000\040\000T\000o\000C\000o\000l\000o\000r\000\050\000\051}{subsection.8.6.2}% 128
\BOOKMARK [2][-]{subsection.8.6.3}{\376\377\0008\000.\0006\000.\0003\000\040\004\024\004\060\004\075\004\075\004\113\004\065\000\040\004\072\004\073\004\060\004\101\004\101\004\060}{section.8.6}% 129
\BOOKMARK [3][-]{subsubsection.8.6.3.1}{\376\377\0008\000.\0006\000.\0003\000.\0001\000\040\000a}{subsection.8.6.3}% 130
\BOOKMARK [3][-]{subsubsection.8.6.3.2}{\376\377\0008\000.\0006\000.\0003\000.\0002\000\040\000b}{subsection.8.6.3}% 131
\BOOKMARK [3][-]{subsubsection.8.6.3.3}{\376\377\0008\000.\0006\000.\0003\000.\0003\000\040\000g}{subsection.8.6.3}% 132
\BOOKMARK [3][-]{subsubsection.8.6.3.4}{\376\377\0008\000.\0006\000.\0003\000.\0004\000\040\000r}{subsection.8.6.3}% 133
\BOOKMARK [1][-]{section.8.7}{\376\377\0008\000.\0007\000\040\004\032\004\073\004\060\004\101\004\101\000\040\000B\000a\000l\000a\000n\000c\000e\000F\000o\000r\000g\000e\000.\000C\000o\000r\000e\000.\000D\000a\000t\000a\000.\000C\000o\000l\000u\000m\000n\000D\000e\000f\000i\000n\000i\000t\000i\000o\000n}{chapter.8}% 134
\BOOKMARK [2][-]{subsection.8.7.1}{\376\377\0008\000.\0007\000.\0001\000\040\004\037\004\076\004\064\004\100\004\076\004\061\004\075\004\076\004\065\000\040\004\076\004\077\004\070\004\101\004\060\004\075\004\070\004\065}{section.8.7}% 135
\BOOKMARK [2][-]{subsection.8.7.2}{\376\377\0008\000.\0007\000.\0002\000\040\004\032\004\076\004\075\004\101\004\102\004\100\004\103\004\072\004\102\004\076\004\100\000\050\004\113\000\051}{section.8.7}% 136
\BOOKMARK [3][-]{subsubsection.8.7.2.1}{\376\377\0008\000.\0007\000.\0002\000.\0001\000\040\000C\000o\000l\000u\000m\000n\000D\000e\000f\000i\000n\000i\000t\000i\000o\000n\000\050\000\051}{subsection.8.7.2}% 137
\BOOKMARK [2][-]{subsection.8.7.3}{\376\377\0008\000.\0007\000.\0003\000\040\004\034\004\065\004\102\004\076\004\064\004\113}{section.8.7}% 138
\BOOKMARK [3][-]{subsubsection.8.7.3.1}{\376\377\0008\000.\0007\000.\0003\000.\0001\000\040\000G\000e\000t\000A\000s\000s\000e\000t\000T\000y\000p\000e\000\050\000\051}{subsection.8.7.3}% 139
\BOOKMARK [3][-]{subsubsection.8.7.3.2}{\376\377\0008\000.\0007\000.\0003\000.\0002\000\040\000G\000e\000t\000T\000y\000p\000e\000N\000a\000m\000e\000\050\000\051}{subsection.8.7.3}% 140
\BOOKMARK [3][-]{subsubsection.8.7.3.3}{\376\377\0008\000.\0007\000.\0003\000.\0003\000\040\000S\000e\000t\000A\000s\000s\000e\000t\000T\000y\000p\000e\000\050\000\051}{subsection.8.7.3}% 141
\BOOKMARK [3][-]{subsubsection.8.7.3.4}{\376\377\0008\000.\0007\000.\0003\000.\0004\000\040\000V\000a\000l\000i\000d\000a\000t\000e\000\050\000\051}{subsection.8.7.3}% 142
\BOOKMARK [2][-]{subsection.8.7.4}{\376\377\0008\000.\0007\000.\0004\000\040\004\037\004\076\004\073\004\075\004\113\004\071\000\040\004\101\004\077\004\070\004\101\004\076\004\072\000\040\004\101\004\062\004\076\004\071\004\101\004\102\004\062}{section.8.7}% 143
\BOOKMARK [3][-]{subsubsection.8.7.4.1}{\376\377\0008\000.\0007\000.\0004\000.\0001\000\040\000A\000s\000s\000e\000t\000T\000y\000p\000e}{subsection.8.7.4}% 144
\BOOKMARK [3][-]{subsubsection.8.7.4.2}{\376\377\0008\000.\0007\000.\0004\000.\0002\000\040\000C\000o\000l\000u\000m\000n\000I\000d}{subsection.8.7.4}% 145
\BOOKMARK [3][-]{subsubsection.8.7.4.3}{\376\377\0008\000.\0007\000.\0004\000.\0003\000\040\000D\000a\000t\000a\000T\000y\000p\000e}{subsection.8.7.4}% 146
\BOOKMARK [3][-]{subsubsection.8.7.4.4}{\376\377\0008\000.\0007\000.\0004\000.\0004\000\040\000D\000e\000f\000a\000u\000l\000t\000V\000a\000l\000u\000e}{subsection.8.7.4}% 147
\BOOKMARK [3][-]{subsubsection.8.7.4.5}{\376\377\0008\000.\0007\000.\0004\000.\0005\000\040\000D\000i\000s\000p\000l\000a\000y\000N\000a\000m\000e}{subsection.8.7.4}% 148
\BOOKMARK [3][-]{subsubsection.8.7.4.6}{\376\377\0008\000.\0007\000.\0004\000.\0006\000\040\000E\000n\000u\000m\000D\000e\000f\000i\000n\000i\000t\000i\000o\000n}{subsection.8.7.4}% 149
\BOOKMARK [3][-]{subsubsection.8.7.4.7}{\376\377\0008\000.\0007\000.\0004\000.\0007\000\040\000I\000s\000R\000e\000q\000u\000i\000r\000e\000d}{subsection.8.7.4}% 150
\BOOKMARK [3][-]{subsubsection.8.7.4.8}{\376\377\0008\000.\0007\000.\0004\000.\0008\000\040\000V\000a\000l\000i\000d\000a\000t\000o\000r}{subsection.8.7.4}% 151
\BOOKMARK [1][-]{section.8.8}{\376\377\0008\000.\0008\000\040\004\032\004\073\004\060\004\101\004\101\000\040\000B\000a\000l\000a\000n\000c\000e\000F\000o\000r\000g\000e\000.\000D\000a\000t\000a\000.\000O\000p\000e\000r\000a\000t\000i\000o\000n\000s\000.\000C\000o\000l\000u\000m\000n\000F\000i\000l\000t\000e\000r}{chapter.8}% 152
\BOOKMARK [2][-]{subsection.8.8.1}{\376\377\0008\000.\0008\000.\0001\000\040\004\037\004\076\004\064\004\100\004\076\004\061\004\075\004\076\004\065\000\040\004\076\004\077\004\070\004\101\004\060\004\075\004\070\004\065}{section.8.8}% 153
\BOOKMARK [2][-]{subsection.8.8.2}{\376\377\0008\000.\0008\000.\0002\000\040\004\032\004\076\004\075\004\101\004\102\004\100\004\103\004\072\004\102\004\076\004\100\000\050\004\113\000\051}{section.8.8}% 154
\BOOKMARK [3][-]{subsubsection.8.8.2.1}{\376\377\0008\000.\0008\000.\0002\000.\0001\000\040\000C\000o\000l\000u\000m\000n\000F\000i\000l\000t\000e\000r\000\050\000\051}{subsection.8.8.2}% 155
\BOOKMARK [2][-]{subsection.8.8.3}{\376\377\0008\000.\0008\000.\0003\000\040\004\034\004\065\004\102\004\076\004\064\004\113}{section.8.8}% 156
\BOOKMARK [3][-]{subsubsection.8.8.3.1}{\376\377\0008\000.\0008\000.\0003\000.\0001\000\040\000A\000p\000p\000l\000y\000\050\000\051}{subsection.8.8.3}% 157
\BOOKMARK [1][-]{section.8.9}{\376\377\0008\000.\0009\000\040\004\032\004\073\004\060\004\101\004\101\000\040\000B\000a\000l\000a\000n\000c\000e\000F\000o\000r\000g\000e\000.\000D\000a\000t\000a\000.\000O\000p\000e\000r\000a\000t\000i\000o\000n\000s\000.\000C\000o\000m\000p\000o\000s\000i\000t\000e\000F\000i\000l\000t\000e\000r}{chapter.8}% 158
\BOOKMARK [2][-]{subsection.8.9.1}{\376\377\0008\000.\0009\000.\0001\000\040\004\037\004\076\004\064\004\100\004\076\004\061\004\075\004\076\004\065\000\040\004\076\004\077\004\070\004\101\004\060\004\075\004\070\004\065}{section.8.9}% 159
\BOOKMARK [2][-]{subsection.8.9.2}{\376\377\0008\000.\0009\000.\0002\000\040\004\032\004\076\004\075\004\101\004\102\004\100\004\103\004\072\004\102\004\076\004\100\000\050\004\113\000\051}{section.8.9}% 160
\BOOKMARK [3][-]{subsubsection.8.9.2.1}{\376\377\0008\000.\0009\000.\0002\000.\0001\000\040\000C\000o\000m\000p\000o\000s\000i\000t\000e\000F\000i\000l\000t\000e\000r\000\050\000\051}{subsection.8.9.2}% 161
\BOOKMARK [2][-]{subsection.8.9.3}{\376\377\0008\000.\0009\000.\0003\000\040\004\034\004\065\004\102\004\076\004\064\004\113}{section.8.9}% 162
\BOOKMARK [3][-]{subsubsection.8.9.3.1}{\376\377\0008\000.\0009\000.\0003\000.\0001\000\040\000A\000d\000d\000F\000i\000l\000t\000e\000r\000\050\000\051}{subsection.8.9.3}% 163
\BOOKMARK [3][-]{subsubsection.8.9.3.2}{\376\377\0008\000.\0009\000.\0003\000.\0002\000\040\000A\000p\000p\000l\000y\000\050\000\051}{subsection.8.9.3}% 164
\BOOKMARK [1][-]{section.8.10}{\376\377\0008\000.\0001\0000\000\040\004\032\004\073\004\060\004\101\004\101\000\040\000B\000a\000l\000a\000n\000c\000e\000F\000o\000r\000g\000e\000.\000I\000m\000p\000o\000r\000t\000E\000x\000p\000o\000r\000t\000.\000C\000S\000V\000E\000x\000p\000o\000r\000t\000e\000r}{chapter.8}% 165
\BOOKMARK [2][-]{subsection.8.10.1}{\376\377\0008\000.\0001\0000\000.\0001\000\040\004\037\004\076\004\064\004\100\004\076\004\061\004\075\004\076\004\065\000\040\004\076\004\077\004\070\004\101\004\060\004\075\004\070\004\065}{section.8.10}% 166
\BOOKMARK [2][-]{subsection.8.10.2}{\376\377\0008\000.\0001\0000\000.\0002\000\040\004\034\004\065\004\102\004\076\004\064\004\113}{section.8.10}% 167
\BOOKMARK [3][-]{subsubsection.8.10.2.1}{\376\377\0008\000.\0001\0000\000.\0002\000.\0001\000\040\000E\000x\000p\000o\000r\000t\000\050\000\051}{subsection.8.10.2}% 168
\BOOKMARK [1][-]{section.8.11}{\376\377\0008\000.\0001\0001\000\040\004\032\004\073\004\060\004\101\004\101\000\040\000B\000a\000l\000a\000n\000c\000e\000F\000o\000r\000g\000e\000.\000I\000m\000p\000o\000r\000t\000E\000x\000p\000o\000r\000t\000.\000C\000S\000V\000I\000m\000p\000o\000r\000t\000e\000r}{chapter.8}% 169
\BOOKMARK [2][-]{subsection.8.11.1}{\376\377\0008\000.\0001\0001\000.\0001\000\040\004\037\004\076\004\064\004\100\004\076\004\061\004\075\004\076\004\065\000\040\004\076\004\077\004\070\004\101\004\060\004\075\004\070\004\065}{section.8.11}% 170
\BOOKMARK [2][-]{subsection.8.11.2}{\376\377\0008\000.\0001\0001\000.\0002\000\040\004\034\004\065\004\102\004\076\004\064\004\113}{section.8.11}% 171
\BOOKMARK [3][-]{subsubsection.8.11.2.1}{\376\377\0008\000.\0001\0001\000.\0002\000.\0001\000\040\000C\000a\000n\000I\000m\000p\000o\000r\000t\000\050\000\051}{subsection.8.11.2}% 172
\BOOKMARK [3][-]{subsubsection.8.11.2.2}{\376\377\0008\000.\0001\0001\000.\0002\000.\0002\000\040\000I\000m\000p\000o\000r\000t\000\050\000\051}{subsection.8.11.2}% 173
\BOOKMARK [1][-]{section.8.12}{\376\377\0008\000.\0001\0002\000\040\004\032\004\073\004\060\004\101\004\101\000\040\000B\000a\000l\000a\000n\000c\000e\000F\000o\000r\000g\000e\000.\000S\000e\000r\000v\000i\000c\000e\000s\000.\000D\000e\000l\000e\000t\000e\000R\000o\000w\000C\000o\000m\000m\000a\000n\000d}{chapter.8}% 174
\BOOKMARK [2][-]{subsection.8.12.1}{\376\377\0008\000.\0001\0002\000.\0001\000\040\004\037\004\076\004\064\004\100\004\076\004\061\004\075\004\076\004\065\000\040\004\076\004\077\004\070\004\101\004\060\004\075\004\070\004\065}{section.8.12}% 175
\BOOKMARK [2][-]{subsection.8.12.2}{\376\377\0008\000.\0001\0002\000.\0002\000\040\004\032\004\076\004\075\004\101\004\102\004\100\004\103\004\072\004\102\004\076\004\100\000\050\004\113\000\051}{section.8.12}% 176
\BOOKMARK [3][-]{subsubsection.8.12.2.1}{\376\377\0008\000.\0001\0002\000.\0002\000.\0001\000\040\000D\000e\000l\000e\000t\000e\000R\000o\000w\000C\000o\000m\000m\000a\000n\000d\000\050\000\051}{subsection.8.12.2}% 177
\BOOKMARK [2][-]{subsection.8.12.3}{\376\377\0008\000.\0001\0002\000.\0003\000\040\004\034\004\065\004\102\004\076\004\064\004\113}{section.8.12}% 178
\BOOKMARK [3][-]{subsubsection.8.12.3.1}{\376\377\0008\000.\0001\0002\000.\0003\000.\0001\000\040\000E\000x\000e\000c\000u\000t\000e\000\050\000\051}{subsection.8.12.3}% 179
\BOOKMARK [3][-]{subsubsection.8.12.3.2}{\376\377\0008\000.\0001\0002\000.\0003\000.\0002\000\040\000G\000e\000t\000D\000e\000s\000c\000r\000i\000p\000t\000i\000o\000n\000\050\000\051}{subsection.8.12.3}% 180
\BOOKMARK [3][-]{subsubsection.8.12.3.3}{\376\377\0008\000.\0001\0002\000.\0003\000.\0003\000\040\000U\000n\000d\000o\000\050\000\051}{subsection.8.12.3}% 181
\BOOKMARK [1][-]{section.8.13}{\376\377\0008\000.\0001\0003\000\040\004\032\004\073\004\060\004\101\004\101\000\040\000B\000a\000l\000a\000n\000c\000e\000F\000o\000r\000g\000e\000.\000S\000e\000r\000v\000i\000c\000e\000s\000.\000E\000d\000i\000t\000C\000e\000l\000l\000C\000o\000m\000m\000a\000n\000d}{chapter.8}% 182
\BOOKMARK [2][-]{subsection.8.13.1}{\376\377\0008\000.\0001\0003\000.\0001\000\040\004\037\004\076\004\064\004\100\004\076\004\061\004\075\004\076\004\065\000\040\004\076\004\077\004\070\004\101\004\060\004\075\004\070\004\065}{section.8.13}% 183
\BOOKMARK [2][-]{subsection.8.13.2}{\376\377\0008\000.\0001\0003\000.\0002\000\040\004\032\004\076\004\075\004\101\004\102\004\100\004\103\004\072\004\102\004\076\004\100\000\050\004\113\000\051}{section.8.13}% 184
\BOOKMARK [3][-]{subsubsection.8.13.2.1}{\376\377\0008\000.\0001\0003\000.\0002\000.\0001\000\040\000E\000d\000i\000t\000C\000e\000l\000l\000C\000o\000m\000m\000a\000n\000d\000\050\000\051}{subsection.8.13.2}% 185
\BOOKMARK [2][-]{subsection.8.13.3}{\376\377\0008\000.\0001\0003\000.\0003\000\040\004\034\004\065\004\102\004\076\004\064\004\113}{section.8.13}% 186
\BOOKMARK [3][-]{subsubsection.8.13.3.1}{\376\377\0008\000.\0001\0003\000.\0003\000.\0001\000\040\000E\000x\000e\000c\000u\000t\000e\000\050\000\051}{subsection.8.13.3}% 187
\BOOKMARK [3][-]{subsubsection.8.13.3.2}{\376\377\0008\000.\0001\0003\000.\0003\000.\0002\000\040\000G\000e\000t\000D\000e\000s\000c\000r\000i\000p\000t\000i\000o\000n\000\050\000\051}{subsection.8.13.3}% 188
\BOOKMARK [3][-]{subsubsection.8.13.3.3}{\376\377\0008\000.\0001\0003\000.\0003\000.\0003\000\040\000U\000n\000d\000o\000\050\000\051}{subsection.8.13.3}% 189
\BOOKMARK [1][-]{section.8.14}{\376\377\0008\000.\0001\0004\000\040\004\032\004\073\004\060\004\101\004\101\000\040\000B\000a\000l\000a\000n\000c\000e\000F\000o\000r\000g\000e\000.\000C\000o\000r\000e\000.\000D\000a\000t\000a\000.\000E\000n\000u\000m\000D\000e\000f\000i\000n\000i\000t\000i\000o\000n}{chapter.8}% 190
\BOOKMARK [2][-]{subsection.8.14.1}{\376\377\0008\000.\0001\0004\000.\0001\000\040\004\037\004\076\004\064\004\100\004\076\004\061\004\075\004\076\004\065\000\040\004\076\004\077\004\070\004\101\004\060\004\075\004\070\004\065}{section.8.14}% 191
\BOOKMARK [2][-]{subsection.8.14.2}{\376\377\0008\000.\0001\0004\000.\0002\000\040\004\032\004\076\004\075\004\101\004\102\004\100\004\103\004\072\004\102\004\076\004\100\000\050\004\113\000\051}{section.8.14}% 192
\BOOKMARK [3][-]{subsubsection.8.14.2.1}{\376\377\0008\000.\0001\0004\000.\0002\000.\0001\000\040\000E\000n\000u\000m\000D\000e\000f\000i\000n\000i\000t\000i\000o\000n\000\050\000\051}{subsection.8.14.2}% 193
\BOOKMARK [2][-]{subsection.8.14.3}{\376\377\0008\000.\0001\0004\000.\0003\000\040\004\034\004\065\004\102\004\076\004\064\004\113}{section.8.14}% 194
\BOOKMARK [3][-]{subsubsection.8.14.3.1}{\376\377\0008\000.\0001\0004\000.\0003\000.\0001\000\040\000A\000d\000d\000V\000a\000l\000u\000e\000\050\000\051}{subsection.8.14.3}% 195
\BOOKMARK [3][-]{subsubsection.8.14.3.2}{\376\377\0008\000.\0001\0004\000.\0003\000.\0002\000\040\000G\000e\000t\000I\000n\000d\000e\000x\000\050\000\051}{subsection.8.14.3}% 196
\BOOKMARK [3][-]{subsubsection.8.14.3.3}{\376\377\0008\000.\0001\0004\000.\0003\000.\0003\000\040\000R\000e\000m\000o\000v\000e\000V\000a\000l\000u\000e\000\050\000\051}{subsection.8.14.3}% 197
\BOOKMARK [2][-]{subsection.8.14.4}{\376\377\0008\000.\0001\0004\000.\0004\000\040\004\037\004\076\004\073\004\075\004\113\004\071\000\040\004\101\004\077\004\070\004\101\004\076\004\072\000\040\004\101\004\062\004\076\004\071\004\101\004\102\004\062}{section.8.14}% 198
\BOOKMARK [3][-]{subsubsection.8.14.4.1}{\376\377\0008\000.\0001\0004\000.\0004\000.\0001\000\040\000E\000n\000u\000m\000N\000a\000m\000e}{subsection.8.14.4}% 199
\BOOKMARK [3][-]{subsubsection.8.14.4.2}{\376\377\0008\000.\0001\0004\000.\0004\000.\0002\000\040\000V\000a\000l\000u\000e\000s}{subsection.8.14.4}% 200
\BOOKMARK [1][-]{section.8.15}{\376\377\0008\000.\0001\0005\000\040\004\032\004\073\004\060\004\101\004\101\000\040\000B\000a\000l\000a\000n\000c\000e\000F\000o\000r\000g\000e\000.\000D\000a\000t\000a\000.\000O\000p\000e\000r\000a\000t\000i\000o\000n\000s\000.\000F\000i\000l\000t\000e\000r\000C\000o\000n\000d\000i\000t\000i\000o\000n}{chapter.8}% 201
\BOOKMARK [2][-]{subsection.8.15.1}{\376\377\0008\000.\0001\0005\000.\0001\000\040\004\037\004\076\004\064\004\100\004\076\004\061\004\075\004\076\004\065\000\040\004\076\004\077\004\070\004\101\004\060\004\075\004\070\004\065}{section.8.15}% 202
\BOOKMARK [2][-]{subsection.8.15.2}{\376\377\0008\000.\0001\0005\000.\0002\000\040\004\034\004\065\004\102\004\076\004\064\004\113}{section.8.15}% 203
\BOOKMARK [3][-]{subsubsection.8.15.2.1}{\376\377\0008\000.\0001\0005\000.\0002\000.\0001\000\040\000M\000a\000t\000c\000h\000e\000s\000\050\000\051}{subsection.8.15.2}% 204
\BOOKMARK [2][-]{subsection.8.15.3}{\376\377\0008\000.\0001\0005\000.\0003\000\040\004\037\004\076\004\073\004\075\004\113\004\071\000\040\004\101\004\077\004\070\004\101\004\076\004\072\000\040\004\101\004\062\004\076\004\071\004\101\004\102\004\062}{section.8.15}% 205
\BOOKMARK [3][-]{subsubsection.8.15.3.1}{\376\377\0008\000.\0001\0005\000.\0003\000.\0001\000\040\000C\000o\000l\000u\000m\000n\000I\000d}{subsection.8.15.3}% 206
\BOOKMARK [3][-]{subsubsection.8.15.3.2}{\376\377\0008\000.\0001\0005\000.\0003\000.\0002\000\040\000O\000p\000e\000r\000a\000t\000o\000r}{subsection.8.15.3}% 207
\BOOKMARK [3][-]{subsubsection.8.15.3.3}{\376\377\0008\000.\0001\0005\000.\0003\000.\0003\000\040\000V\000a\000l\000u\000e}{subsection.8.15.3}% 208
\BOOKMARK [1][-]{section.8.16}{\376\377\0008\000.\0001\0006\000\040\004\030\004\075\004\102\004\065\004\100\004\104\004\065\004\071\004\101\000\040\000B\000a\000l\000a\000n\000c\000e\000F\000o\000r\000g\000e\000.\000S\000e\000r\000v\000i\000c\000e\000s\000.\000I\000C\000o\000m\000m\000a\000n\000d}{chapter.8}% 209
\BOOKMARK [2][-]{subsection.8.16.1}{\376\377\0008\000.\0001\0006\000.\0001\000\040\004\037\004\076\004\064\004\100\004\076\004\061\004\075\004\076\004\065\000\040\004\076\004\077\004\070\004\101\004\060\004\075\004\070\004\065}{section.8.16}% 210
\BOOKMARK [2][-]{subsection.8.16.2}{\376\377\0008\000.\0001\0006\000.\0002\000\040\004\034\004\065\004\102\004\076\004\064\004\113}{section.8.16}% 211
\BOOKMARK [3][-]{subsubsection.8.16.2.1}{\376\377\0008\000.\0001\0006\000.\0002\000.\0001\000\040\000E\000x\000e\000c\000u\000t\000e\000\050\000\051}{subsection.8.16.2}% 212
\BOOKMARK [3][-]{subsubsection.8.16.2.2}{\376\377\0008\000.\0001\0006\000.\0002\000.\0002\000\040\000G\000e\000t\000D\000e\000s\000c\000r\000i\000p\000t\000i\000o\000n\000\050\000\051}{subsection.8.16.2}% 213
\BOOKMARK [3][-]{subsubsection.8.16.2.3}{\376\377\0008\000.\0001\0006\000.\0002\000.\0003\000\040\000U\000n\000d\000o\000\050\000\051}{subsection.8.16.2}% 214
\BOOKMARK [1][-]{section.8.17}{\376\377\0008\000.\0001\0007\000\040\004\030\004\075\004\102\004\065\004\100\004\104\004\065\004\071\004\101\000\040\000B\000a\000l\000a\000n\000c\000e\000F\000o\000r\000g\000e\000.\000I\000m\000p\000o\000r\000t\000E\000x\000p\000o\000r\000t\000.\000I\000E\000x\000p\000o\000r\000t\000e\000r}{chapter.8}% 215
\BOOKMARK [2][-]{subsection.8.17.1}{\376\377\0008\000.\0001\0007\000.\0001\000\040\004\037\004\076\004\064\004\100\004\076\004\061\004\075\004\076\004\065\000\040\004\076\004\077\004\070\004\101\004\060\004\075\004\070\004\065}{section.8.17}% 216
\BOOKMARK [2][-]{subsection.8.17.2}{\376\377\0008\000.\0001\0007\000.\0002\000\040\004\034\004\065\004\102\004\076\004\064\004\113}{section.8.17}% 217
\BOOKMARK [3][-]{subsubsection.8.17.2.1}{\376\377\0008\000.\0001\0007\000.\0002\000.\0001\000\040\000E\000x\000p\000o\000r\000t\000\050\000\051}{subsection.8.17.2}% 218
\BOOKMARK [1][-]{section.8.18}{\376\377\0008\000.\0001\0008\000\040\004\030\004\075\004\102\004\065\004\100\004\104\004\065\004\071\004\101\000\040\000B\000a\000l\000a\000n\000c\000e\000F\000o\000r\000g\000e\000.\000D\000a\000t\000a\000.\000O\000p\000e\000r\000a\000t\000i\000o\000n\000s\000.\000I\000F\000i\000l\000t\000e\000r}{chapter.8}% 219
\BOOKMARK [2][-]{subsection.8.18.1}{\376\377\0008\000.\0001\0008\000.\0001\000\040\004\037\004\076\004\064\004\100\004\076\004\061\004\075\004\076\004\065\000\040\004\076\004\077\004\070\004\101\004\060\004\075\004\070\004\065}{section.8.18}% 220
\BOOKMARK [2][-]{subsection.8.18.2}{\376\377\0008\000.\0001\0008\000.\0002\000\040\004\034\004\065\004\102\004\076\004\064\004\113}{section.8.18}% 221
\BOOKMARK [3][-]{subsubsection.8.18.2.1}{\376\377\0008\000.\0001\0008\000.\0002\000.\0001\000\040\000A\000p\000p\000l\000y\000\050\000\051}{subsection.8.18.2}% 222
\BOOKMARK [1][-]{section.8.19}{\376\377\0008\000.\0001\0009\000\040\004\030\004\075\004\102\004\065\004\100\004\104\004\065\004\071\004\101\000\040\000B\000a\000l\000a\000n\000c\000e\000F\000o\000r\000g\000e\000.\000I\000m\000p\000o\000r\000t\000E\000x\000p\000o\000r\000t\000.\000I\000I\000m\000p\000o\000r\000t\000e\000r}{chapter.8}% 223
\BOOKMARK [2][-]{subsection.8.19.1}{\376\377\0008\000.\0001\0009\000.\0001\000\040\004\037\004\076\004\064\004\100\004\076\004\061\004\075\004\076\004\065\000\040\004\076\004\077\004\070\004\101\004\060\004\075\004\070\004\065}{section.8.19}% 224
\BOOKMARK [2][-]{subsection.8.19.2}{\376\377\0008\000.\0001\0009\000.\0002\000\040\004\034\004\065\004\102\004\076\004\064\004\113}{section.8.19}% 225
\BOOKMARK [3][-]{subsubsection.8.19.2.1}{\376\377\0008\000.\0001\0009\000.\0002\000.\0001\000\040\000C\000a\000n\000I\000m\000p\000o\000r\000t\000\050\000\051}{subsection.8.19.2}% 226
\BOOKMARK [3][-]{subsubsection.8.19.2.2}{\376\377\0008\000.\0001\0009\000.\0002\000.\0002\000\040\000I\000m\000p\000o\000r\000t\000\050\000\051}{subsection.8.19.2}% 227
\BOOKMARK [1][-]{section.8.20}{\376\377\0008\000.\0002\0000\000\040\004\030\004\075\004\102\004\065\004\100\004\104\004\065\004\071\004\101\000\040\000B\000a\000l\000a\000n\000c\000e\000F\000o\000r\000g\000e\000.\000S\000e\000r\000v\000i\000c\000e\000s\000.\000I\000V\000a\000l\000i\000d\000a\000t\000o\000r}{chapter.8}% 228
\BOOKMARK [2][-]{subsection.8.20.1}{\376\377\0008\000.\0002\0000\000.\0001\000\040\004\037\004\076\004\064\004\100\004\076\004\061\004\075\004\076\004\065\000\040\004\076\004\077\004\070\004\101\004\060\004\075\004\070\004\065}{section.8.20}% 229
\BOOKMARK [2][-]{subsection.8.20.2}{\376\377\0008\000.\0002\0000\000.\0002\000\040\004\034\004\065\004\102\004\076\004\064\004\113}{section.8.20}% 230
\BOOKMARK [3][-]{subsubsection.8.20.2.1}{\376\377\0008\000.\0002\0000\000.\0002\000.\0001\000\040\000G\000e\000t\000E\000r\000r\000o\000r\000M\000e\000s\000s\000a\000g\000e\000\050\000\051}{subsection.8.20.2}% 231
\BOOKMARK [3][-]{subsubsection.8.20.2.2}{\376\377\0008\000.\0002\0000\000.\0002\000.\0002\000\040\000V\000a\000l\000i\000d\000a\000t\000e\000\050\000\051}{subsection.8.20.2}% 232
\BOOKMARK [1][-]{section.8.21}{\376\377\0008\000.\0002\0001\000\040\004\032\004\073\004\060\004\101\004\101\000\040\000B\000a\000l\000a\000n\000c\000e\000F\000o\000r\000g\000e\000.\000S\000e\000r\000v\000i\000c\000e\000s\000.\000M\000u\000l\000t\000i\000D\000e\000l\000e\000t\000e\000C\000o\000m\000m\000a\000n\000d}{chapter.8}% 233
\BOOKMARK [2][-]{subsection.8.21.1}{\376\377\0008\000.\0002\0001\000.\0001\000\040\004\037\004\076\004\064\004\100\004\076\004\061\004\075\004\076\004\065\000\040\004\076\004\077\004\070\004\101\004\060\004\075\004\070\004\065}{section.8.21}% 234
\BOOKMARK [2][-]{subsection.8.21.2}{\376\377\0008\000.\0002\0001\000.\0002\000\040\004\032\004\076\004\075\004\101\004\102\004\100\004\103\004\072\004\102\004\076\004\100\000\050\004\113\000\051}{section.8.21}% 235
\BOOKMARK [3][-]{subsubsection.8.21.2.1}{\376\377\0008\000.\0002\0001\000.\0002\000.\0001\000\040\000M\000u\000l\000t\000i\000D\000e\000l\000e\000t\000e\000C\000o\000m\000m\000a\000n\000d\000\050\000\051}{subsection.8.21.2}% 236
\BOOKMARK [2][-]{subsection.8.21.3}{\376\377\0008\000.\0002\0001\000.\0003\000\040\004\034\004\065\004\102\004\076\004\064\004\113}{section.8.21}% 237
\BOOKMARK [3][-]{subsubsection.8.21.3.1}{\376\377\0008\000.\0002\0001\000.\0003\000.\0001\000\040\000E\000x\000e\000c\000u\000t\000e\000\050\000\051}{subsection.8.21.3}% 238
\BOOKMARK [3][-]{subsubsection.8.21.3.2}{\376\377\0008\000.\0002\0001\000.\0003\000.\0002\000\040\000G\000e\000t\000D\000e\000s\000c\000r\000i\000p\000t\000i\000o\000n\000\050\000\051}{subsection.8.21.3}% 239
\BOOKMARK [3][-]{subsubsection.8.21.3.3}{\376\377\0008\000.\0002\0001\000.\0003\000.\0003\000\040\000U\000n\000d\000o\000\050\000\051}{subsection.8.21.3}% 240
\BOOKMARK [1][-]{section.8.22}{\376\377\0008\000.\0002\0002\000\040\004\032\004\073\004\060\004\101\004\101\000\040\000B\000a\000l\000a\000n\000c\000e\000F\000o\000r\000g\000e\000.\000S\000e\000r\000v\000i\000c\000e\000s\000.\000R\000a\000n\000g\000e\000V\000a\000l\000i\000d\000a\000t\000o\000r}{chapter.8}% 241
\BOOKMARK [2][-]{subsection.8.22.1}{\376\377\0008\000.\0002\0002\000.\0001\000\040\004\037\004\076\004\064\004\100\004\076\004\061\004\075\004\076\004\065\000\040\004\076\004\077\004\070\004\101\004\060\004\075\004\070\004\065}{section.8.22}% 242
\BOOKMARK [2][-]{subsection.8.22.2}{\376\377\0008\000.\0002\0002\000.\0002\000\040\004\032\004\076\004\075\004\101\004\102\004\100\004\103\004\072\004\102\004\076\004\100\000\050\004\113\000\051}{section.8.22}% 243
\BOOKMARK [3][-]{subsubsection.8.22.2.1}{\376\377\0008\000.\0002\0002\000.\0002\000.\0001\000\040\000R\000a\000n\000g\000e\000V\000a\000l\000i\000d\000a\000t\000o\000r\000\050\000\051}{subsection.8.22.2}% 244
\BOOKMARK [2][-]{subsection.8.22.3}{\376\377\0008\000.\0002\0002\000.\0003\000\040\004\034\004\065\004\102\004\076\004\064\004\113}{section.8.22}% 245
\BOOKMARK [3][-]{subsubsection.8.22.3.1}{\376\377\0008\000.\0002\0002\000.\0003\000.\0001\000\040\000G\000e\000t\000E\000r\000r\000o\000r\000M\000e\000s\000s\000a\000g\000e\000\050\000\051}{subsection.8.22.3}% 246
\BOOKMARK [3][-]{subsubsection.8.22.3.2}{\376\377\0008\000.\0002\0002\000.\0003\000.\0002\000\040\000V\000a\000l\000i\000d\000a\000t\000e\000\050\000\051}{subsection.8.22.3}% 247
\BOOKMARK [1][-]{section.8.23}{\376\377\0008\000.\0002\0003\000\040\004\032\004\073\004\060\004\101\004\101\000\040\000B\000a\000l\000a\000n\000c\000e\000F\000o\000r\000g\000e\000.\000S\000e\000r\000v\000i\000c\000e\000s\000.\000R\000e\000g\000e\000x\000V\000a\000l\000i\000d\000a\000t\000o\000r}{chapter.8}% 248
\BOOKMARK [2][-]{subsection.8.23.1}{\376\377\0008\000.\0002\0003\000.\0001\000\040\004\037\004\076\004\064\004\100\004\076\004\061\004\075\004\076\004\065\000\040\004\076\004\077\004\070\004\101\004\060\004\075\004\070\004\065}{section.8.23}% 249
\BOOKMARK [2][-]{subsection.8.23.2}{\376\377\0008\000.\0002\0003\000.\0002\000\040\004\032\004\076\004\075\004\101\004\102\004\100\004\103\004\072\004\102\004\076\004\100\000\050\004\113\000\051}{section.8.23}% 250
\BOOKMARK [3][-]{subsubsection.8.23.2.1}{\376\377\0008\000.\0002\0003\000.\0002\000.\0001\000\040\000R\000e\000g\000e\000x\000V\000a\000l\000i\000d\000a\000t\000o\000r\000\050\000\051}{subsection.8.23.2}% 251
\BOOKMARK [2][-]{subsection.8.23.3}{\376\377\0008\000.\0002\0003\000.\0003\000\040\004\034\004\065\004\102\004\076\004\064\004\113}{section.8.23}% 252
\BOOKMARK [3][-]{subsubsection.8.23.3.1}{\376\377\0008\000.\0002\0003\000.\0003\000.\0001\000\040\000G\000e\000t\000E\000r\000r\000o\000r\000M\000e\000s\000s\000a\000g\000e\000\050\000\051}{subsection.8.23.3}% 253
\BOOKMARK [3][-]{subsubsection.8.23.3.2}{\376\377\0008\000.\0002\0003\000.\0003\000.\0002\000\040\000V\000a\000l\000i\000d\000a\000t\000e\000\050\000\051}{subsection.8.23.3}% 254
\BOOKMARK [1][-]{section.8.24}{\376\377\0008\000.\0002\0004\000\040\004\032\004\073\004\060\004\101\004\101\000\040\000B\000a\000l\000a\000n\000c\000e\000F\000o\000r\000g\000e\000.\000S\000e\000r\000v\000i\000c\000e\000s\000.\000R\000e\000q\000u\000i\000r\000e\000d\000V\000a\000l\000i\000d\000a\000t\000o\000r}{chapter.8}% 255
\BOOKMARK [2][-]{subsection.8.24.1}{\376\377\0008\000.\0002\0004\000.\0001\000\040\004\037\004\076\004\064\004\100\004\076\004\061\004\075\004\076\004\065\000\040\004\076\004\077\004\070\004\101\004\060\004\075\004\070\004\065}{section.8.24}% 256
\BOOKMARK [2][-]{subsection.8.24.2}{\376\377\0008\000.\0002\0004\000.\0002\000\040\004\034\004\065\004\102\004\076\004\064\004\113}{section.8.24}% 257
\BOOKMARK [3][-]{subsubsection.8.24.2.1}{\376\377\0008\000.\0002\0004\000.\0002\000.\0001\000\040\000G\000e\000t\000E\000r\000r\000o\000r\000M\000e\000s\000s\000a\000g\000e\000\050\000\051}{subsection.8.24.2}% 258
\BOOKMARK [3][-]{subsubsection.8.24.2.2}{\376\377\0008\000.\0002\0004\000.\0002\000.\0002\000\040\000V\000a\000l\000i\000d\000a\000t\000e\000\050\000\051}{subsection.8.24.2}% 259
\BOOKMARK [1][-]{section.8.25}{\376\377\0008\000.\0002\0005\000\040\004\050\004\060\004\061\004\073\004\076\004\075\000\040\004\072\004\073\004\060\004\101\004\101\004\060\000\040\000B\000a\000l\000a\000n\000c\000e\000F\000o\000r\000g\000e\000.\000C\000o\000r\000e\000.\000D\000a\000t\000a\000.\000S\000e\000r\000i\000a\000l\000i\000z\000a\000b\000l\000e\000D\000i\000c\000t\000i\000o\000n\000a\000r\000y\000<\000\040\000T\000K\000e\000y\000,\000\040\000T\000V\000a\000l\000u\000e\000\040\000>}{chapter.8}% 260
\BOOKMARK [2][-]{subsection.8.25.1}{\376\377\0008\000.\0002\0005\000.\0001\000\040\004\037\004\076\004\064\004\100\004\076\004\061\004\075\004\076\004\065\000\040\004\076\004\077\004\070\004\101\004\060\004\075\004\070\004\065}{section.8.25}% 261
\BOOKMARK [2][-]{subsection.8.25.2}{\376\377\0008\000.\0002\0005\000.\0002\000\040\004\034\004\065\004\102\004\076\004\064\004\113}{section.8.25}% 262
\BOOKMARK [3][-]{subsubsection.8.25.2.1}{\376\377\0008\000.\0002\0005\000.\0002\000.\0001\000\040\000O\000n\000A\000f\000t\000e\000r\000D\000e\000s\000e\000r\000i\000a\000l\000i\000z\000e\000\050\000\051}{subsection.8.25.2}% 263
\BOOKMARK [3][-]{subsubsection.8.25.2.2}{\376\377\0008\000.\0002\0005\000.\0002\000.\0002\000\040\000O\000n\000B\000e\000f\000o\000r\000e\000S\000e\000r\000i\000a\000l\000i\000z\000e\000\050\000\051}{subsection.8.25.2}% 264
\BOOKMARK [1][-]{section.8.26}{\376\377\0008\000.\0002\0006\000\040\004\032\004\073\004\060\004\101\004\101\000\040\000B\000a\000l\000a\000n\000c\000e\000F\000o\000r\000g\000e\000.\000D\000a\000t\000a\000.\000O\000p\000e\000r\000a\000t\000i\000o\000n\000s\000.\000S\000o\000r\000t\000i\000n\000g\000S\000t\000a\000t\000e}{chapter.8}% 265
\BOOKMARK [2][-]{subsection.8.26.1}{\376\377\0008\000.\0002\0006\000.\0001\000\040\004\037\004\076\004\064\004\100\004\076\004\061\004\075\004\076\004\065\000\040\004\076\004\077\004\070\004\101\004\060\004\075\004\070\004\065}{section.8.26}% 266
\BOOKMARK [2][-]{subsection.8.26.2}{\376\377\0008\000.\0002\0006\000.\0002\000\040\004\034\004\065\004\102\004\076\004\064\004\113}{section.8.26}% 267
\BOOKMARK [3][-]{subsubsection.8.26.2.1}{\376\377\0008\000.\0002\0006\000.\0002\000.\0001\000\040\000T\000o\000g\000g\000l\000e\000\050\000\051}{subsection.8.26.2}% 268
\BOOKMARK [2][-]{subsection.8.26.3}{\376\377\0008\000.\0002\0006\000.\0003\000\040\004\037\004\076\004\073\004\075\004\113\004\071\000\040\004\101\004\077\004\070\004\101\004\076\004\072\000\040\004\101\004\062\004\076\004\071\004\101\004\102\004\062}{section.8.26}% 269
\BOOKMARK [3][-]{subsubsection.8.26.3.1}{\376\377\0008\000.\0002\0006\000.\0003\000.\0001\000\040\000D\000i\000r\000e\000c\000t\000i\000o\000n}{subsection.8.26.3}% 270
\BOOKMARK [3][-]{subsubsection.8.26.3.2}{\376\377\0008\000.\0002\0006\000.\0003\000.\0002\000\040\000S\000o\000r\000t\000C\000o\000l\000u\000m\000n\000I\000d}{subsection.8.26.3}% 271
\BOOKMARK [1][-]{section.8.27}{\376\377\0008\000.\0002\0007\000\040\004\032\004\073\004\060\004\101\004\101\000\040\000B\000a\000l\000a\000n\000c\000e\000F\000o\000r\000g\000e\000.\000D\000a\000t\000a\000.\000O\000p\000e\000r\000a\000t\000i\000o\000n\000s\000.\000T\000a\000b\000l\000e\000S\000o\000r\000t\000e\000r}{chapter.8}% 272
\BOOKMARK [2][-]{subsection.8.27.1}{\376\377\0008\000.\0002\0007\000.\0001\000\040\004\037\004\076\004\064\004\100\004\076\004\061\004\075\004\076\004\065\000\040\004\076\004\077\004\070\004\101\004\060\004\075\004\070\004\065}{section.8.27}% 273
\BOOKMARK [2][-]{subsection.8.27.2}{\376\377\0008\000.\0002\0007\000.\0002\000\040\004\034\004\065\004\102\004\076\004\064\004\113}{section.8.27}% 274
\BOOKMARK [3][-]{subsubsection.8.27.2.1}{\376\377\0008\000.\0002\0007\000.\0002\000.\0001\000\040\000S\000o\000r\000t\000\050\000\051}{subsection.8.27.2}% 275
\BOOKMARK [1][-]{section.8.28}{\376\377\0008\000.\0002\0008\000\040\004\032\004\073\004\060\004\101\004\101\000\040\000B\000a\000l\000a\000n\000c\000e\000F\000o\000r\000g\000e\000.\000S\000e\000r\000v\000i\000c\000e\000s\000.\000U\000n\000d\000o\000R\000e\000d\000o\000S\000e\000r\000v\000i\000c\000e}{chapter.8}% 276
\BOOKMARK [2][-]{subsection.8.28.1}{\376\377\0008\000.\0002\0008\000.\0001\000\040\004\037\004\076\004\064\004\100\004\076\004\061\004\075\004\076\004\065\000\040\004\076\004\077\004\070\004\101\004\060\004\075\004\070\004\065}{section.8.28}% 277
\BOOKMARK [2][-]{subsection.8.28.2}{\376\377\0008\000.\0002\0008\000.\0002\000\040\004\034\004\065\004\102\004\076\004\064\004\113}{section.8.28}% 278
\BOOKMARK [3][-]{subsubsection.8.28.2.1}{\376\377\0008\000.\0002\0008\000.\0002\000.\0001\000\040\000C\000a\000n\000R\000e\000d\000o\000\050\000\051}{subsection.8.28.2}% 279
\BOOKMARK [3][-]{subsubsection.8.28.2.2}{\376\377\0008\000.\0002\0008\000.\0002\000.\0002\000\040\000C\000a\000n\000U\000n\000d\000o\000\050\000\051}{subsection.8.28.2}% 280
\BOOKMARK [3][-]{subsubsection.8.28.2.3}{\376\377\0008\000.\0002\0008\000.\0002\000.\0003\000\040\000C\000l\000e\000a\000r\000\050\000\051}{subsection.8.28.2}% 281
\BOOKMARK [3][-]{subsubsection.8.28.2.4}{\376\377\0008\000.\0002\0008\000.\0002\000.\0004\000\040\000E\000x\000e\000c\000u\000t\000e\000C\000o\000m\000m\000a\000n\000d\000\050\000\051}{subsection.8.28.2}% 282
\BOOKMARK [3][-]{subsubsection.8.28.2.5}{\376\377\0008\000.\0002\0008\000.\0002\000.\0005\000\040\000R\000e\000d\000o\000\050\000\051}{subsection.8.28.2}% 283
\BOOKMARK [3][-]{subsubsection.8.28.2.6}{\376\377\0008\000.\0002\0008\000.\0002\000.\0006\000\040\000U\000n\000d\000o\000\050\000\051}{subsection.8.28.2}% 284
\BOOKMARK [1][-]{section.8.29}{\376\377\0008\000.\0002\0009\000\040\004\032\004\073\004\060\004\101\004\101\000\040\000B\000a\000l\000a\000n\000c\000e\000F\000o\000r\000g\000e\000.\000C\000o\000r\000e\000.\000D\000a\000t\000a\000.\000V\000a\000l\000i\000d\000a\000t\000i\000o\000n\000E\000r\000r\000o\000r}{chapter.8}% 285
\BOOKMARK [2][-]{subsection.8.29.1}{\376\377\0008\000.\0002\0009\000.\0001\000\040\004\037\004\076\004\064\004\100\004\076\004\061\004\075\004\076\004\065\000\040\004\076\004\077\004\070\004\101\004\060\004\075\004\070\004\065}{section.8.29}% 286
\BOOKMARK [2][-]{subsection.8.29.2}{\376\377\0008\000.\0002\0009\000.\0002\000\040\004\032\004\076\004\075\004\101\004\102\004\100\004\103\004\072\004\102\004\076\004\100\000\050\004\113\000\051}{section.8.29}% 287
\BOOKMARK [3][-]{subsubsection.8.29.2.1}{\376\377\0008\000.\0002\0009\000.\0002\000.\0001\000\040\000V\000a\000l\000i\000d\000a\000t\000i\000o\000n\000E\000r\000r\000o\000r\000\050\000\051}{subsection.8.29.2}% 288
\BOOKMARK [2][-]{subsection.8.29.3}{\376\377\0008\000.\0002\0009\000.\0003\000\040\004\037\004\076\004\073\004\075\004\113\004\071\000\040\004\101\004\077\004\070\004\101\004\076\004\072\000\040\004\101\004\062\004\076\004\071\004\101\004\102\004\062}{section.8.29}% 289
\BOOKMARK [3][-]{subsubsection.8.29.3.1}{\376\377\0008\000.\0002\0009\000.\0003\000.\0001\000\040\000C\000o\000l\000u\000m\000n\000I\000d}{subsection.8.29.3}% 290
\BOOKMARK [3][-]{subsubsection.8.29.3.2}{\376\377\0008\000.\0002\0009\000.\0003\000.\0002\000\040\000M\000e\000s\000s\000a\000g\000e}{subsection.8.29.3}% 291
\BOOKMARK [3][-]{subsubsection.8.29.3.3}{\376\377\0008\000.\0002\0009\000.\0003\000.\0003\000\040\000R\000o\000w\000I\000d}{subsection.8.29.3}% 292
\BOOKMARK [3][-]{subsubsection.8.29.3.4}{\376\377\0008\000.\0002\0009\000.\0003\000.\0004\000\040\000S\000e\000v\000e\000r\000i\000t\000y}{subsection.8.29.3}% 293
\BOOKMARK [1][-]{section.8.30}{\376\377\0008\000.\0003\0000\000\040\004\032\004\073\004\060\004\101\004\101\000\040\000B\000a\000l\000a\000n\000c\000e\000F\000o\000r\000g\000e\000.\000C\000o\000r\000e\000.\000D\000a\000t\000a\000.\000V\000a\000l\000i\000d\000a\000t\000i\000o\000n\000R\000e\000s\000u\000l\000t}{chapter.8}% 294
\BOOKMARK [2][-]{subsection.8.30.1}{\376\377\0008\000.\0003\0000\000.\0001\000\040\004\037\004\076\004\064\004\100\004\076\004\061\004\075\004\076\004\065\000\040\004\076\004\077\004\070\004\101\004\060\004\075\004\070\004\065}{section.8.30}% 295
\BOOKMARK [2][-]{subsection.8.30.2}{\376\377\0008\000.\0003\0000\000.\0002\000\040\004\032\004\076\004\075\004\101\004\102\004\100\004\103\004\072\004\102\004\076\004\100\000\050\004\113\000\051}{section.8.30}% 296
\BOOKMARK [3][-]{subsubsection.8.30.2.1}{\376\377\0008\000.\0003\0000\000.\0002\000.\0001\000\040\000V\000a\000l\000i\000d\000a\000t\000i\000o\000n\000R\000e\000s\000u\000l\000t\000\050\000\051}{subsection.8.30.2}% 297
\BOOKMARK [2][-]{subsection.8.30.3}{\376\377\0008\000.\0003\0000\000.\0003\000\040\004\034\004\065\004\102\004\076\004\064\004\113}{section.8.30}% 298
\BOOKMARK [3][-]{subsubsection.8.30.3.1}{\376\377\0008\000.\0003\0000\000.\0003\000.\0001\000\040\000A\000d\000d\000E\000r\000r\000o\000r\000\050\000\051}{subsection.8.30.3}% 299
\BOOKMARK [3][-]{subsubsection.8.30.3.2}{\376\377\0008\000.\0003\0000\000.\0003\000.\0002\000\040\000H\000a\000s\000E\000r\000r\000o\000r\000s\000\050\000\051}{subsection.8.30.3}% 300
\BOOKMARK [2][-]{subsection.8.30.4}{\376\377\0008\000.\0003\0000\000.\0004\000\040\004\037\004\076\004\073\004\075\004\113\004\071\000\040\004\101\004\077\004\070\004\101\004\076\004\072\000\040\004\101\004\062\004\076\004\071\004\101\004\102\004\062}{section.8.30}% 301
\BOOKMARK [3][-]{subsubsection.8.30.4.1}{\376\377\0008\000.\0003\0000\000.\0004\000.\0001\000\040\000E\000r\000r\000o\000r\000s}{subsection.8.30.4}% 302
\BOOKMARK [3][-]{subsubsection.8.30.4.2}{\376\377\0008\000.\0003\0000\000.\0004\000.\0002\000\040\000I\000s\000V\000a\000l\000i\000d}{subsection.8.30.4}% 303
\BOOKMARK [1][-]{section.8.31}{\376\377\0008\000.\0003\0001\000\040\004\041\004\102\004\100\004\103\004\072\004\102\004\103\004\100\004\060\000\040\000B\000a\000l\000a\000n\000c\000e\000F\000o\000r\000g\000e\000.\000C\000o\000r\000e\000.\000D\000a\000t\000a\000.\000V\000e\000c\000t\000o\000r\0002\000S\000e\000r\000i\000a\000l\000i\000z\000a\000b\000l\000e}{chapter.8}% 304
\BOOKMARK [2][-]{subsection.8.31.1}{\376\377\0008\000.\0003\0001\000.\0001\000\040\004\037\004\076\004\064\004\100\004\076\004\061\004\075\004\076\004\065\000\040\004\076\004\077\004\070\004\101\004\060\004\075\004\070\004\065}{section.8.31}% 305
\BOOKMARK [2][-]{subsection.8.31.2}{\376\377\0008\000.\0003\0001\000.\0002\000\040\004\034\004\065\004\102\004\076\004\064\004\113}{section.8.31}% 306
\BOOKMARK [3][-]{subsubsection.8.31.2.1}{\376\377\0008\000.\0003\0001\000.\0002\000.\0001\000\040\000F\000r\000o\000m\000V\000e\000c\000t\000o\000r\0002\000\050\000\051}{subsection.8.31.2}% 307
\BOOKMARK [3][-]{subsubsection.8.31.2.2}{\376\377\0008\000.\0003\0001\000.\0002\000.\0002\000\040\000T\000o\000V\000e\000c\000t\000o\000r\0002\000\050\000\051}{subsection.8.31.2}% 308
\BOOKMARK [2][-]{subsection.8.31.3}{\376\377\0008\000.\0003\0001\000.\0003\000\040\004\024\004\060\004\075\004\075\004\113\004\065\000\040\004\072\004\073\004\060\004\101\004\101\004\060}{section.8.31}% 309
\BOOKMARK [3][-]{subsubsection.8.31.3.1}{\376\377\0008\000.\0003\0001\000.\0003\000.\0001\000\040\000x}{subsection.8.31.3}% 310
\BOOKMARK [3][-]{subsubsection.8.31.3.2}{\376\377\0008\000.\0003\0001\000.\0003\000.\0002\000\040\000y}{subsection.8.31.3}% 311
\BOOKMARK [1][-]{section.8.32}{\376\377\0008\000.\0003\0002\000\040\004\041\004\102\004\100\004\103\004\072\004\102\004\103\004\100\004\060\000\040\000B\000a\000l\000a\000n\000c\000e\000F\000o\000r\000g\000e\000.\000C\000o\000r\000e\000.\000D\000a\000t\000a\000.\000V\000e\000c\000t\000o\000r\0003\000S\000e\000r\000i\000a\000l\000i\000z\000a\000b\000l\000e}{chapter.8}% 312
\BOOKMARK [2][-]{subsection.8.32.1}{\376\377\0008\000.\0003\0002\000.\0001\000\040\004\037\004\076\004\064\004\100\004\076\004\061\004\075\004\076\004\065\000\040\004\076\004\077\004\070\004\101\004\060\004\075\004\070\004\065}{section.8.32}% 313
\BOOKMARK [2][-]{subsection.8.32.2}{\376\377\0008\000.\0003\0002\000.\0002\000\040\004\034\004\065\004\102\004\076\004\064\004\113}{section.8.32}% 314
\BOOKMARK [3][-]{subsubsection.8.32.2.1}{\376\377\0008\000.\0003\0002\000.\0002\000.\0001\000\040\000F\000r\000o\000m\000V\000e\000c\000t\000o\000r\0003\000\050\000\051}{subsection.8.32.2}% 315
\BOOKMARK [3][-]{subsubsection.8.32.2.2}{\376\377\0008\000.\0003\0002\000.\0002\000.\0002\000\040\000T\000o\000V\000e\000c\000t\000o\000r\0003\000\050\000\051}{subsection.8.32.2}% 316
\BOOKMARK [2][-]{subsection.8.32.3}{\376\377\0008\000.\0003\0002\000.\0003\000\040\004\024\004\060\004\075\004\075\004\113\004\065\000\040\004\072\004\073\004\060\004\101\004\101\004\060}{section.8.32}% 317
\BOOKMARK [3][-]{subsubsection.8.32.3.1}{\376\377\0008\000.\0003\0002\000.\0003\000.\0001\000\040\000x}{subsection.8.32.3}% 318
\BOOKMARK [3][-]{subsubsection.8.32.3.2}{\376\377\0008\000.\0003\0002\000.\0003\000.\0002\000\040\000y}{subsection.8.32.3}% 319
\BOOKMARK [3][-]{subsubsection.8.32.3.3}{\376\377\0008\000.\0003\0002\000.\0003\000.\0003\000\040\000z}{subsection.8.32.3}% 320
\BOOKMARK [0][-]{chapter.9}{\376\377\0009\000\040\004\044\004\060\004\071\004\073\004\113}{}% 321
\BOOKMARK [1][-]{section.9.1}{\376\377\0009\000.\0001\000\040\004\044\004\060\004\071\004\073\000\040\000B\000a\000l\000a\000n\000c\000e\000F\000o\000r\000g\000e\000/\000C\000o\000r\000e\000/\000D\000a\000t\000a\000/\000B\000a\000l\000a\000n\000c\000e\000R\000o\000w\000.\000c\000s}{chapter.9}% 322
\BOOKMARK [1][-]{section.9.2}{\376\377\0009\000.\0002\000\040\004\044\004\060\004\071\004\073\000\040\000B\000a\000l\000a\000n\000c\000e\000F\000o\000r\000g\000e\000/\000C\000o\000r\000e\000/\000D\000a\000t\000a\000/\000B\000a\000l\000a\000n\000c\000e\000T\000a\000b\000l\000e\000.\000c\000s}{chapter.9}% 323
\BOOKMARK [1][-]{section.9.3}{\376\377\0009\000.\0003\000\040\004\044\004\060\004\071\004\073\000\040\000B\000a\000l\000a\000n\000c\000e\000F\000o\000r\000g\000e\000/\000C\000o\000r\000e\000/\000D\000a\000t\000a\000/\000C\000o\000l\000u\000m\000n\000D\000e\000f\000i\000n\000i\000t\000i\000o\000n\000.\000c\000s}{chapter.9}% 324
\BOOKMARK [1][-]{section.9.4}{\376\377\0009\000.\0004\000\040\004\044\004\060\004\071\004\073\000\040\000B\000a\000l\000a\000n\000c\000e\000F\000o\000r\000g\000e\000/\000C\000o\000r\000e\000/\000D\000a\000t\000a\000/\000C\000o\000l\000u\000m\000n\000T\000y\000p\000e\000.\000c\000s}{chapter.9}% 325
\BOOKMARK [1][-]{section.9.5}{\376\377\0009\000.\0005\000\040\004\044\004\060\004\071\004\073\000\040\000B\000a\000l\000a\000n\000c\000e\000F\000o\000r\000g\000e\000/\000C\000o\000r\000e\000/\000D\000a\000t\000a\000/\000E\000n\000u\000m\000D\000e\000f\000i\000n\000i\000t\000i\000o\000n\000.\000c\000s}{chapter.9}% 326
\BOOKMARK [1][-]{section.9.6}{\376\377\0009\000.\0006\000\040\004\044\004\060\004\071\004\073\000\040\000B\000a\000l\000a\000n\000c\000e\000F\000o\000r\000g\000e\000/\000C\000o\000r\000e\000/\000D\000a\000t\000a\000/\000O\000p\000e\000r\000a\000t\000i\000o\000n\000s\000/\000F\000i\000l\000t\000e\000r\000i\000n\000g\000.\000c\000s}{chapter.9}% 327
\BOOKMARK [1][-]{section.9.7}{\376\377\0009\000.\0007\000\040\004\044\004\060\004\071\004\073\000\040\000B\000a\000l\000a\000n\000c\000e\000F\000o\000r\000g\000e\000/\000C\000o\000r\000e\000/\000D\000a\000t\000a\000/\000O\000p\000e\000r\000a\000t\000i\000o\000n\000s\000/\000T\000a\000b\000l\000e\000S\000o\000r\000t\000e\000r\000.\000c\000s}{chapter.9}% 328
\BOOKMARK [1][-]{section.9.8}{\376\377\0009\000.\0008\000\040\004\044\004\060\004\071\004\073\000\040\000B\000a\000l\000a\000n\000c\000e\000F\000o\000r\000g\000e\000/\000C\000o\000r\000e\000/\000D\000a\000t\000a\000/\000S\000e\000r\000i\000a\000l\000i\000z\000a\000b\000l\000e\000D\000i\000c\000t\000i\000o\000n\000a\000r\000y\000.\000c\000s}{chapter.9}% 329
\BOOKMARK [1][-]{section.9.9}{\376\377\0009\000.\0009\000\040\004\044\004\060\004\071\004\073\000\040\000B\000a\000l\000a\000n\000c\000e\000F\000o\000r\000g\000e\000/\000C\000o\000r\000e\000/\000D\000a\000t\000a\000/\000V\000a\000l\000i\000d\000a\000t\000i\000o\000n\000R\000e\000s\000u\000l\000t\000.\000c\000s}{chapter.9}% 330
\BOOKMARK [1][-]{section.9.10}{\376\377\0009\000.\0001\0000\000\040\004\044\004\060\004\071\004\073\000\040\000B\000a\000l\000a\000n\000c\000e\000F\000o\000r\000g\000e\000/\000E\000d\000i\000t\000o\000r\000/\000U\000I\000/\000B\000a\000l\000a\000n\000c\000e\000T\000a\000b\000l\000e\000E\000d\000i\000t\000o\000r\000W\000i\000n\000d\000o\000w\000.\000c\000s}{chapter.9}% 331
\BOOKMARK [1][-]{section.9.11}{\376\377\0009\000.\0001\0001\000\040\004\044\004\060\004\071\004\073\000\040\000B\000a\000l\000a\000n\000c\000e\000F\000o\000r\000g\000e\000/\000E\000d\000i\000t\000o\000r\000/\000U\000I\000/\000W\000i\000n\000d\000o\000w\000s\000/\000C\000r\000e\000a\000t\000e\000T\000a\000b\000l\000e\000W\000i\000z\000a\000r\000d\000.\000c\000s}{chapter.9}% 332
\BOOKMARK [1][-]{section.9.12}{\376\377\0009\000.\0001\0002\000\040\004\044\004\060\004\071\004\073\000\040\000B\000a\000l\000a\000n\000c\000e\000F\000o\000r\000g\000e\000/\000I\000m\000p\000o\000r\000t\000E\000x\000p\000o\000r\000t\000/\000C\000S\000V\000E\000x\000p\000o\000r\000t\000e\000r\000.\000c\000s}{chapter.9}% 333
\BOOKMARK [1][-]{section.9.13}{\376\377\0009\000.\0001\0003\000\040\004\044\004\060\004\071\004\073\000\040\000B\000a\000l\000a\000n\000c\000e\000F\000o\000r\000g\000e\000/\000I\000m\000p\000o\000r\000t\000E\000x\000p\000o\000r\000t\000/\000C\000S\000V\000I\000m\000p\000o\000r\000t\000e\000r\000.\000c\000s}{chapter.9}% 334
\BOOKMARK [1][-]{section.9.14}{\376\377\0009\000.\0001\0004\000\040\004\044\004\060\004\071\004\073\000\040\000B\000a\000l\000a\000n\000c\000e\000F\000o\000r\000g\000e\000/\000S\000e\000r\000v\000i\000c\000e\000s\000/\000C\000l\000i\000p\000b\000o\000a\000r\000d\000S\000e\000r\000v\000i\000c\000e\000.\000c\000s}{chapter.9}% 335
\BOOKMARK [1][-]{section.9.15}{\376\377\0009\000.\0001\0005\000\040\004\044\004\060\004\071\004\073\000\040\000B\000a\000l\000a\000n\000c\000e\000F\000o\000r\000g\000e\000/\000S\000e\000r\000v\000i\000c\000e\000s\000/\000C\000o\000m\000m\000a\000n\000d\000s\000.\000c\000s}{chapter.9}% 336
\BOOKMARK [1][-]{section.9.16}{\376\377\0009\000.\0001\0006\000\040\004\044\004\060\004\071\004\073\000\040\000B\000a\000l\000a\000n\000c\000e\000F\000o\000r\000g\000e\000/\000S\000e\000r\000v\000i\000c\000e\000s\000/\000I\000V\000a\000l\000i\000d\000a\000t\000o\000r\000.\000c\000s}{chapter.9}% 337
\BOOKMARK [1][-]{section.9.17}{\376\377\0009\000.\0001\0007\000\040\004\044\004\060\004\071\004\073\000\040\000B\000a\000l\000a\000n\000c\000e\000F\000o\000r\000g\000e\000/\000S\000e\000r\000v\000i\000c\000e\000s\000/\000U\000n\000d\000o\000R\000e\000d\000o\000S\000e\000r\000v\000i\000c\000e\000.\000c\000s}{chapter.9}% 338
\BOOKMARK [1][-]{section.9.18}{\376\377\0009\000.\0001\0008\000\040\004\044\004\060\004\071\004\073\000\040\000B\000a\000l\000a\000n\000c\000e\000F\000o\000r\000g\000e\000/\000S\000e\000r\000v\000i\000c\000e\000s\000/\000V\000a\000l\000i\000d\000a\000t\000o\000r\000s\000.\000c\000s}{chapter.9}% 339
\BOOKMARK [1][-]{section.9.19}{\376\377\0009\000.\0001\0009\000\040\004\044\004\060\004\071\004\073\000\040\000B\000a\000l\000a\000n\000c\000e\000F\000o\000r\000g\000e\000/\000T\000e\000s\000t\000s\000/\000E\000d\000i\000t\000o\000r\000/\000B\000a\000l\000a\000n\000c\000e\000F\000o\000r\000g\000e\000T\000e\000s\000t\000s\000.\000c\000s}{chapter.9}% 340
\BOOKMARK [0][-]{section*.125}{\376\377\004\037\004\100\004\065\004\064\004\074\004\065\004\102\004\075\004\113\004\071\000\040\004\103\004\072\004\060\004\067\004\060\004\102\004\065\004\073\004\114}{}% 341
