This is pdfTeX, Version 3.141592653-2.6-1.40.28 (TeX Live 2025) (preloaded format=pdflatex 2025.12.8)  8 DEC 2025 11:32
entering extended mode
 restricted \write18 enabled.
 %&-line parsing enabled.
**refman
(./refman.tex
LaTeX2e <2025-11-01>
L3 programming layer <2025-11-14>
(c:/texlive/2025/texmf-dist/tex/generic/iftex/iftex.sty
Package: iftex 2024/12/12 v1.0g TeX engine tests
)
(c:/texlive/2025/texmf-dist/tex/latex/base/book.cls
Document Class: book 2025/01/22 v1.4n Standard LaTeX document class
(c:/texlive/2025/texmf-dist/tex/latex/base/bk10.clo
File: bk10.clo 2025/01/22 v1.4n Standard LaTeX file (size option)
)
\c@part=\count275
\c@chapter=\count276
\c@section=\count277
\c@subsection=\count278
\c@subsubsection=\count279
\c@paragraph=\count280
\c@subparagraph=\count281
\c@figure=\count282
\c@table=\count283
\abovecaptionskip=\skip49
\belowcaptionskip=\skip50
\bibindent=\dimen148
)
(c:/texlive/2025/texmf-dist/tex/generic/infwarerr/infwarerr.sty
package info suppressed
) (./doxygen.sty
Package: doxygen 
(c:/texlive/2025/texmf-dist/tex/latex/base/alltt.sty
Package: alltt 2024/07/07 v2.0g defines alltt environment
)
(c:/texlive/2025/texmf-dist/tex/latex/tools/array.sty
Package: array 2025/09/25 v2.6n Tabular extension package (FMi)
\col@sep=\dimen149
\ar@mcellbox=\box53
\extrarowheight=\dimen150
\NC@list=\toks17
\extratabsurround=\skip51
\backup@length=\skip52
\ar@cellbox=\box54
)
(c:/texlive/2025/texmf-dist/tex/latex/tools/calc.sty
Package: calc 2025/03/01 v4.3b Infix arithmetic (KKT,FJ)
\calc@Acount=\count284
\calc@Bcount=\count285
\calc@Adimen=\dimen151
\calc@Bdimen=\dimen152
\calc@Askip=\skip53
\calc@Bskip=\skip54
LaTeX Info: Redefining \setlength on input line 86.
LaTeX Info: Redefining \addtolength on input line 87.
\calc@Ccount=\count286
\calc@Cskip=\skip55
)
(c:/texlive/2025/texmf-dist/tex/latex/float/float.sty
Package: float 2001/11/08 v1.3d Float enhancements (AL)
\c@float@type=\count287
\float@exts=\toks18
\float@box=\box55
\@float@everytoks=\toks19
\@floatcapt=\box56
)
(c:/texlive/2025/texmf-dist/tex/latex/base/ifthen.sty
Package: ifthen 2024/03/16 v1.1e Standard LaTeX ifthen package (DPC)
)
(c:/texlive/2025/texmf-dist/tex/latex/tools/verbatim.sty
Package: verbatim 2024-01-22 v1.5x LaTeX2e package for verbatim enhancements
\every@verbatim=\toks20
\verbatim@line=\toks21
\verbatim@in@stream=\read2
)
(c:/texlive/2025/texmf-dist/tex/latex/varwidth/varwidth.sty
Package: varwidth 2009/03/30 ver 0.92;  Variable-width minipages
\@vwid@box=\box57
\sift@deathcycles=\count288
\@vwid@loff=\dimen153
\@vwid@roff=\dimen154
)
==> First Aid for varwidth.sty applied!
(c:/texlive/2025/texmf-dist/tex/latex/xcolor/xcolor.sty
Package: xcolor 2024/09/29 v3.02 LaTeX color extensions (UK)

(c:/texlive/2025/texmf-dist/tex/latex/graphics-cfg/color.cfg
File: color.cfg 2016/01/02 v1.6 sample color configuration
)
Package xcolor Info: Driver file: pdftex.def on input line 274.

(c:/texlive/2025/texmf-dist/tex/latex/graphics-def/pdftex.def
File: pdftex.def 2025/09/29 v1.2d Graphics/color driver for pdftex
)
(c:/texlive/2025/texmf-dist/tex/latex/graphics/mathcolor.ltx)
Package xcolor Info: Model `cmy' substituted by `cmy0' on input line 1349.
Package xcolor Info: Model `hsb' substituted by `rgb' on input line 1353.
Package xcolor Info: Model `RGB' extended on input line 1365.
Package xcolor Info: Model `HTML' substituted by `rgb' on input line 1367.
Package xcolor Info: Model `Hsb' substituted by `hsb' on input line 1368.
Package xcolor Info: Model `tHsb' substituted by `hsb' on input line 1369.
Package xcolor Info: Model `HSB' substituted by `hsb' on input line 1370.
Package xcolor Info: Model `Gray' substituted by `gray' on input line 1371.
Package xcolor Info: Model `wave' substituted by `hsb' on input line 1372.
)
(c:/texlive/2025/texmf-dist/tex/latex/colortbl/colortbl.sty
Package: colortbl 2024/10/29 v1.0k Color table columns (DPC)
\everycr=\toks22
\minrowclearance=\skip56
\rownum=\count289
)
(c:/texlive/2025/texmf-dist/tex/latex/tools/longtable.sty
Package: longtable 2025-10-13 v4.24 Multi-page Table package (DPC)
\LTleft=\skip57
\LTright=\skip58
\LTpre=\skip59
\LTpost=\skip60
\LTchunksize=\count290
\LTcapwidth=\dimen155
\LT@head=\box58
\LT@firsthead=\box59
\LT@foot=\box60
\LT@lastfoot=\box61
\LT@gbox=\box62
\LT@cols=\count291
\LT@rows=\count292
\c@LT@tables=\count293
\c@LT@chunks=\count294
\LT@p@ftn=\toks23
)
(c:/texlive/2025/texmf-dist/tex/latex/xltabular/xltabular.sty
Package: xltabular 2025/02/28 v0.2i `xltabular' package (hv,RN)

(c:/texlive/2025/texmf-dist/tex/latex/tools/tabularx.sty
Package: tabularx 2023/12/11 v2.12a `tabularx' package (DPC)
\TX@col@width=\dimen156
\TX@old@table=\dimen157
\TX@old@col=\dimen158
\TX@target=\dimen159
\TX@delta=\dimen160
\TX@cols=\count295
\TX@ftn=\toks24
)
(c:/texlive/2025/texmf-dist/tex/latex/etoolbox/etoolbox.sty
Package: etoolbox 2025/10/02 v2.5m e-TeX tools for LaTeX (JAW)
\etb@tempcnta=\count296
)
(c:/texlive/2025/texmf-dist/tex/latex/ltablex/ltablex.sty
Package: ltablex 2014/08/13 v1.1 Modified tabularx
))
(c:/texlive/2025/texmf-dist/tex/latex/tabularray/tabularray.sty
Package: tabularray 2025-11-27 v2025C Typeset tabulars and arrays with LaTeX3

(c:/texlive/2025/texmf-dist/tex/latex/ninecolors/ninecolors.sty
Package: ninecolors 2022-02-13 v2022D Select colors with proper color contrast

(c:/texlive/2025/texmf-dist/tex/latex/l3packages/xparse/xparse.sty
(c:/texlive/2025/texmf-dist/tex/latex/l3kernel/expl3.sty
Package: expl3 2025-11-14 L3 programming layer (loader) 

(c:/texlive/2025/texmf-dist/tex/latex/l3backend/l3backend-pdftex.def
File: l3backend-pdftex.def 2025-10-09 L3 backend support: PDF output (pdfTeX)
\l__color_backend_stack_int=\count297
))
Package: xparse 2025-10-09 L3 Experimental document command parser
))
\g__tblr_nohyper_int=\count298
\l__tblr_a_int=\count299
\l__tblr_c_int=\count300
\l__tblr_r_int=\count301
\l__tblr_d_dim=\dimen161
\l__tblr_h_dim=\dimen162
\l__tblr_o_dim=\dimen163
\l__tblr_p_dim=\dimen164
\l__tblr_q_dim=\dimen165
\l__tblr_r_dim=\dimen166
\l__tblr_s_dim=\dimen167
\l__tblr_t_dim=\dimen168
\l__tblr_v_dim=\dimen169
\l__tblr_w_dim=\dimen170
\l__tblr_a_box=\box63
\l__tblr_b_box=\box64
\l__tblr_c_box=\box65
\l__tblr_d_box=\box66
\c@tblrcount=\count302
\c@colnum=\count303
\c@rowcount=\count304
\c@colcount=\count305
\abovesep=\dimen171
\belowsep=\dimen172
\leftsep=\dimen173
\rightsep=\dimen174
\gTblrLevelInt=\count306
\g__tblr_data_row_key_count_int=\count307
\g__tblr_data_column_key_count_int=\count308
\g__tblr_data_cell_key_count_int=\count309
\g__tblr_array_int=\count310
\l__tblr_key_count_int=\count311
\l__tblr_key_quotient_int=\count312
\l__tblr_key_quotient_two_int=\count313
\l__tblr_key_remainder_int=\count314
\g__tblr_data_str_value_count_int=\count315
\lTblrChildTotalInt=\count316
\lTblrChildHtotalInt=\count317
\lTblrChildVtotalInt=\count318
\l__child_diff_h_int=\count319
\l__child_diff_v_int=\count320
\l__child_sign_h_int=\count321
\l__child_sign_v_int=\count322
\l__child_step_int=\count323
\lTblrDefaultHruleWidthDim=\dimen175
\lTblrDefaultVruleWidthDim=\dimen176
\l__tblr_split_balance_int=\count324
\l__tblr_strut_dp_dim=\dimen177
\l__tblr_strut_ht_dim=\dimen178
\g__tblr_cell_wd_dim=\dimen179
\g__tblr_cell_ht_dim=\dimen180
\g__tblr_cell_head_dim=\dimen181
\g__tblr_cell_foot_dim=\dimen182
\l__tblr_measured_cell_box=\box67
\g__tblr_last_box=\box68
\l__tblr_temp_box=\box69
\l__tblr_column_target_dim=\dimen183
\l__tblr_hfuzz_dim=\dimen184
\l__tblr_caption_box=\box70
\l__tblr_caption_left_box=\box71
\lTblrRowHeadInt=\count325
\lTblrRowFootInt=\count326
\l__tblr_row_head_box=\box72
\l__tblr_row_foot_box=\box73
\l__tblr_row_head_foot_dim=\dimen185
\lTblrTableWidthDim=\dimen186
\l__tblr_table_firsthead_box=\box74
\l__tblr_table_middlehead_box=\box75
\l__tblr_table_lasthead_box=\box76
\l__tblr_table_firstfoot_box=\box77
\l__tblr_table_middlefoot_box=\box78
\l__tblr_table_lastfoot_box=\box79
\l__tblr_remain_height_dim=\dimen187
\l__tblr_next_rows_dim=\dimen188
\l__tblr_page_overfill_dim=\dimen189
\l__tblr_long_from_int=\count327
\l__tblr_long_to_int=\count328
\l__tblr_curr_i_int=\count329
\l__tblr_prev_i_int=\count330
\lTblrTablePageInt=\count331
\l__tblr_table_head_box=\box80
\l__tblr_table_foot_box=\box81
\l__tblr_table_head_foot_dim=\dimen190
\l__tblr_table_head_body_foot_dim=\dimen191
\l__tblr_table_box=\box82
\lTblrRowFirstInt=\count332
\lTblrRowLastInt=\count333
\l__tblr_cover_box_a_dim=\dimen192
\l__tblr_cover_box_b_dim=\dimen193
\l__tblr_table_hlines_box=\box83
\l__tblr_hline_box=\box84
\l__tblr_row_box=\box85
\l__tblr_col_o_wd_dim=\dimen194
\l__tblr_col_b_wd_dim=\dimen195
\l__tblr_hline_leftskip_dim=\dimen196
\l__tblr_hline_rightskip_dim=\dimen197
\l__tblr_row_ht_dim=\dimen198
\l__tblr_row_dp_dim=\dimen199
\l__tblr_row_abovesep_dim=\dimen256
\l__tblr_row_belowsep_dim=\dimen257
\l__tblr_row_vlines_box=\box86
\l__tblr_vline_box=\box87
\l__tblr_cell_box=\box88
\l__tblr_row_upper_dim=\dimen258
\l__tblr_row_lower_dim=\dimen259
\l__tblr_row_vpace_dim=\dimen260
\l__tblr_vline_aboveskip_dim=\dimen261
\l__tblr_vline_belowskip_dim=\dimen262
\lTblrCellRowSpanInt=\count334
\lTblrCellColSpanInt=\count335
\l__tblr_cell_wd_dim=\dimen263
\l__tblr_cell_ht_dim=\dimen264
\lTblrCellAboveBorderWidthDim=\dimen265
\lTblrCellBelowBorderWidthDim=\dimen266
\lTblrCellLeftBorderWidthDim=\dimen267
\lTblrCellRightBorderWidthDim=\dimen268
\l__tblr_diag_box=\box89
\l__tblr_cell_inner_wd_dim=\dimen269
\l__tblr_cell_inner_dp_dim=\dimen270
\l__tblr_cell_hanchor_dim=\dimen271
\l__tblr_last_cell_table_ht_dim=\dimen272
\l__tblr_last_cell_table_dp_dim=\dimen273
\l__tblr_last_vline_wd_dim=\dimen274
\l__tblr_tikz_node_box=\box90
)
\g__doxy_nohyper_int=\count336

(c:/texlive/2025/texmf-dist/tex/latex/fancyvrb/fancyvrb.sty
Package: fancyvrb 2025/07/28 4.6 verbatim text (tvz,hv)

(c:/texlive/2025/texmf-dist/tex/latex/graphics/keyval.sty
Package: keyval 2022/05/29 v1.15 key=value parser (DPC)
\KV@toks@=\toks25
)
\FV@CodeLineNo=\count337
\FV@InFile=\read3
\FV@TabBox=\box91
\c@FancyVerbLine=\count338
\FV@StepNumber=\count339
\FV@OutFile=\write3
)
(c:/texlive/2025/texmf-dist/tex/latex/tools/multicol.sty
Package: multicol 2025/10/21 v2.0b multicolumn formatting (FMi)
\c@tracingmulticols=\count340
\mult@box=\box92
\multicol@leftmargin=\dimen275
\c@unbalance=\count341
\c@collectmore=\count342
\doublecol@number=\count343
\multicoltolerance=\count344
\multicolpretolerance=\count345
\full@width=\dimen276
\page@free=\dimen277
\premulticols=\dimen278
\postmulticols=\dimen279
\multicolsep=\skip61
\multicolbaselineskip=\skip62
\partial@page=\box93
\last@line=\box94
\mc@boxedresult=\box95
\maxbalancingoverflow=\dimen280
\mult@rightbox=\box96
\mult@grightbox=\box97
\mult@firstbox=\box98
\mult@gfirstbox=\box99
\@tempa=\box100
\@tempa=\box101
\@tempa=\box102
\@tempa=\box103
\@tempa=\box104
\@tempa=\box105
\@tempa=\box106
\@tempa=\box107
\@tempa=\box108
\@tempa=\box109
\@tempa=\box110
\@tempa=\box111
\@tempa=\box112
\@tempa=\box113
\@tempa=\box114
\@tempa=\box115
\@tempa=\box116
\@tempa=\box117
\@tempa=\box118
\@tempa=\box119
\@tempa=\box120
\@tempa=\box121
\@tempa=\box122
\@tempa=\box123
\@tempa=\box124
\@tempa=\box125
\@tempa=\box126
\@tempa=\box127
\@tempa=\box128
\@tempa=\box129
\@tempa=\box130
\@tempa=\box131
\@tempa=\box132
\@tempa=\box133
\@tempa=\box134
\@tempa=\box135
\c@minrows=\count346
\c@columnbadness=\count347
\c@finalcolumnbadness=\count348
\last@try=\dimen281
\multicolovershoot=\dimen282
\multicolundershoot=\dimen283
\mult@nat@firstbox=\box136
\colbreak@box=\box137
\mc@col@check@num=\count349
\g__mc_curr_col_int=\count350
)
(c:/texlive/2025/texmf-dist/tex/latex/multirow/multirow.sty
Package: multirow 2024/11/12 v2.9 Span multiple rows of a table
\multirow@colwidth=\skip63
\multirow@cntb=\count351
\multirow@dima=\skip64
\bigstrutjot=\dimen284
)
(c:/texlive/2025/texmf-dist/tex/latex/hanging/hanging.sty
Package: hanging 2009/09/02 v1.2b hanging paragraphs and punctuation
\h@ngcommawd=\skip65
\h@ngfstopwd=\skip66
\h@ngquotewd=\skip67
\h@ngdquotewd=\skip68
\h@ngquerywd=\skip69
\h@ngexclwd=\skip70
\h@ngcolonwd=\skip71
\h@ngscolonwd=\skip72
)
(c:/texlive/2025/texmf-dist/tex/generic/iftex/ifpdf.sty
Package: ifpdf 2019/10/25 v3.4 ifpdf legacy package. Use iftex instead.
)
(c:/texlive/2025/texmf-dist/tex/latex/adjustbox/adjustbox.sty
Package: adjustbox 2025/02/26 v1.3c Adjusting TeX boxes (trim, clip, ...)

(c:/texlive/2025/texmf-dist/tex/latex/xkeyval/xkeyval.sty
Package: xkeyval 2025/11/04 v2.10 package option processing (HA)

(c:/texlive/2025/texmf-dist/tex/generic/xkeyval/xkeyval.tex
(c:/texlive/2025/texmf-dist/tex/generic/xkeyval/xkvutils.tex
\XKV@toks=\toks26
\XKV@tempa@toks=\toks27
\XKV@tempb@toks=\toks28
)
\XKV@depth=\count352
File: xkeyval.tex 2014/12/03 v2.7a key=value parser (HA)
))
(c:/texlive/2025/texmf-dist/tex/latex/adjustbox/adjcalc.sty
Package: adjcalc 2012/05/16 v1.1 Provides advanced setlength with multiple back
-ends (calc, etex, pgfmath)
)
(c:/texlive/2025/texmf-dist/tex/latex/adjustbox/trimclip.sty
Package: trimclip 2025/02/21 v1.2a Trim and clip general TeX material

(c:/texlive/2025/texmf-dist/tex/latex/graphics/graphicx.sty
Package: graphicx 2024/12/31 v1.2e Enhanced LaTeX Graphics (DPC,SPQR)

(c:/texlive/2025/texmf-dist/tex/latex/graphics/graphics.sty
Package: graphics 2024/08/06 v1.4g Standard LaTeX Graphics (DPC,SPQR)

(c:/texlive/2025/texmf-dist/tex/latex/graphics/trig.sty
Package: trig 2023/12/02 v1.11 sin cos tan (DPC)
)
(c:/texlive/2025/texmf-dist/tex/latex/graphics-cfg/graphics.cfg
File: graphics.cfg 2016/06/04 v1.11 sample graphics configuration
)
Package graphics Info: Driver file: pdftex.def on input line 106.
)
\Gin@req@height=\dimen285
\Gin@req@width=\dimen286
)
(c:/texlive/2025/texmf-dist/tex/latex/collectbox/collectbox.sty
Package: collectbox 2022/10/17 v0.4c Collect macro arguments as boxes
\collectedbox=\box138
)
\tc@llx=\dimen287
\tc@lly=\dimen288
\tc@urx=\dimen289
\tc@ury=\dimen290
Package trimclip Info: Using driver 'tc-pdftex.def'.

(c:/texlive/2025/texmf-dist/tex/latex/adjustbox/tc-pdftex.def
File: tc-pdftex.def 2025/02/26 v2.3 Clipping driver for pdftex
))
\adjbox@Width=\dimen291
\adjbox@Height=\dimen292
\adjbox@Depth=\dimen293
\adjbox@Totalheight=\dimen294
\adjbox@pwidth=\dimen295
\adjbox@pheight=\dimen296
\adjbox@pdepth=\dimen297
\adjbox@ptotalheight=\dimen298

(c:/texlive/2025/texmf-dist/tex/latex/ifoddpage/ifoddpage.sty
Package: ifoddpage 2022/10/18 v1.2 Conditionals for odd/even page detection
\c@checkoddpage=\count353
))
(c:/texlive/2025/texmf-dist/tex/latex/amsfonts/amssymb.sty
Package: amssymb 2013/01/14 v3.01 AMS font symbols

(c:/texlive/2025/texmf-dist/tex/latex/amsfonts/amsfonts.sty
Package: amsfonts 2013/01/14 v3.01 Basic AMSFonts support
\@emptytoks=\toks29
\symAMSa=\mathgroup4
\symAMSb=\mathgroup5
LaTeX Font Info:    Redeclaring math symbol \hbar on input line 98.
LaTeX Font Info:    Overwriting math alphabet `\mathfrak' in version `bold'
(Font)                  U/euf/m/n --> U/euf/b/n on input line 106.
))
(c:/texlive/2025/texmf-dist/tex/latex/stackengine/stackengine.sty
Package: stackengine 2021/07/22 v4.11\ Stacking text and objects in convenient 
ways

(c:/texlive/2025/texmf-dist/tex/generic/listofitems/listofitems.sty
(c:/texlive/2025/texmf-dist/tex/generic/listofitems/listofitems.tex
\loi_cnt_foreach_nest=\count354
\loi_nestcnt=\count355
)
Package: listofitems 2024/03/09 v1.65 Grab items in lists using user-specified 
sep char (CT)
)
\c@@stackindex=\count356
\@boxshift=\skip73
\stack@tmplength=\skip74
\temp@stkl=\skip75
\@stackedboxwidth=\skip76
\@addedbox=\box139
\@anchorbox=\box140
\@insetbox=\box141
\se@backgroundbox=\box142
\stackedbox=\box143
\@centerbox=\box144
\c@ROWcellindex@=\count357
)
(c:/texlive/2025/texmf-dist/tex/latex/enumitem/enumitem.sty
Package: enumitem 2025/02/06 v3.11 Customized lists
\labelindent=\skip77
\enit@outerparindent=\dimen299
\enit@toks=\toks30
\enit@inbox=\box145
\enit@count@id=\count358
\enitdp@description=\count359
)
(c:/texlive/2025/texmf-dist/tex/generic/alphalph/alphalph.sty
Package: alphalph 2019/12/09 v2.6 Convert numbers to letters (HO)

(c:/texlive/2025/texmf-dist/tex/generic/intcalc/intcalc.sty
Package: intcalc 2019/12/15 v1.3 Expandable calculations with integers (HO)
))
(c:/texlive/2025/texmf-dist/tex/generic/ulem/ulem.sty
\UL@box=\box146
\UL@hyphenbox=\box147
\UL@skip=\skip78
\UL@hook=\toks31
\UL@height=\dimen300
\UL@pe=\count360
\UL@pixel=\dimen301
\ULC@box=\box148
Package: ulem 2019/11/18
\ULdepth=\dimen302
)
\xrefbox=\box149
\xreflength=\skip79
\CodeWidthChar=\skip80
\CodeHeightChar=\skip81
\DoxyCodeWidth=\skip82
\c@DoxyEnumeratei=\count361
\c@DoxyEnumerateii=\count362
\c@DoxyEnumerateiii=\count363
\c@DoxyEnumerateiv=\count364
\c@DoxyEnumeratev=\count365
\c@DoxyEnumeratevi=\count366
\c@DoxyEnumeratevii=\count367
\c@DoxyEnumerateviii=\count368
\c@DoxyEnumerateix=\count369
\c@DoxyEnumeratex=\count370
\c@DoxyEnumeratexi=\count371
\c@DoxyEnumeratexii=\count372
\enitdp@DoxyEnumerate=\count373
\enitdp@DoxyItemize=\count374
\c@subsubsubsection=\count375
\c@subsubsubsubsection=\count376
\c@subsubsubsubsubsection=\count377
\c@subsubsubsubsubsubsection=\count378
)
(c:/texlive/2025/texmf-dist/tex/latex/base/inputenc.sty
Package: inputenc 2024/02/08 v1.3d Input encoding file
\inpenc@prehook=\toks32
\inpenc@posthook=\toks33
)
(c:/texlive/2025/texmf-dist/tex/latex/base/makeidx.sty
Package: makeidx 2021/10/04 v1.0m Standard LaTeX package
)
(c:/texlive/2025/texmf-dist/tex/latex/base/textcomp.sty
Package: textcomp 2024/04/24 v2.1b Standard LaTeX package
)
(c:/texlive/2025/texmf-dist/tex/latex/wasysym/wasysym.sty
Package: wasysym 2020/01/19 v2.4 Wasy-2 symbol support package
\symwasy=\mathgroup6
LaTeX Font Info:    Overwriting symbol font `wasy' in version `bold'
(Font)                  U/wasy/m/n --> U/wasy/b/n on input line 93.
)
(c:/texlive/2025/texmf-dist/tex/generic/iftex/ifxetex.sty
Package: ifxetex 2019/10/25 v0.7 ifxetex legacy package. Use iftex instead.
)
(c:/texlive/2025/texmf-dist/tex/latex/base/fontenc.sty
Package: fontenc 2025/07/18 v2.1d Standard LaTeX package

(c:/texlive/2025/texmf-dist/tex/latex/cyrillic/t2aenc.def
File: t2aenc.def 2023/11/07 v1.0k Cyrillic encoding definition file
Now handling font encoding T2A ...
... processing UTF-8 mapping file for font encoding T2A

(c:/texlive/2025/texmf-dist/tex/latex/base/t2aenc.dfu
File: t2aenc.dfu 2022/06/07 v1.3c UTF-8 support
   defining Unicode char U+00A4 (decimal 164)
   defining Unicode char U+00A7 (decimal 167)
   defining Unicode char U+00AB (decimal 171)
   defining Unicode char U+00BB (decimal 187)
   defining Unicode char U+0131 (decimal 305)
   defining Unicode char U+0237 (decimal 567)
   defining Unicode char U+0400 (decimal 1024)
   defining Unicode char U+0401 (decimal 1025)
   defining Unicode char U+0402 (decimal 1026)
   defining Unicode char U+0403 (decimal 1027)
   defining Unicode char U+0404 (decimal 1028)
   defining Unicode char U+0405 (decimal 1029)
   defining Unicode char U+0406 (decimal 1030)
   defining Unicode char U+0407 (decimal 1031)
   defining Unicode char U+0408 (decimal 1032)
   defining Unicode char U+0409 (decimal 1033)
   defining Unicode char U+040A (decimal 1034)
   defining Unicode char U+040B (decimal 1035)
   defining Unicode char U+040C (decimal 1036)
   defining Unicode char U+040D (decimal 1037)
   defining Unicode char U+040E (decimal 1038)
   defining Unicode char U+040F (decimal 1039)
   defining Unicode char U+0410 (decimal 1040)
   defining Unicode char U+0411 (decimal 1041)
   defining Unicode char U+0412 (decimal 1042)
   defining Unicode char U+0413 (decimal 1043)
   defining Unicode char U+0414 (decimal 1044)
   defining Unicode char U+0415 (decimal 1045)
   defining Unicode char U+0416 (decimal 1046)
   defining Unicode char U+0417 (decimal 1047)
   defining Unicode char U+0418 (decimal 1048)
   defining Unicode char U+0419 (decimal 1049)
   defining Unicode char U+041A (decimal 1050)
   defining Unicode char U+041B (decimal 1051)
   defining Unicode char U+041C (decimal 1052)
   defining Unicode char U+041D (decimal 1053)
   defining Unicode char U+041E (decimal 1054)
   defining Unicode char U+041F (decimal 1055)
   defining Unicode char U+0420 (decimal 1056)
   defining Unicode char U+0421 (decimal 1057)
   defining Unicode char U+0422 (decimal 1058)
   defining Unicode char U+0423 (decimal 1059)
   defining Unicode char U+0424 (decimal 1060)
   defining Unicode char U+0425 (decimal 1061)
   defining Unicode char U+0426 (decimal 1062)
   defining Unicode char U+0427 (decimal 1063)
   defining Unicode char U+0428 (decimal 1064)
   defining Unicode char U+0429 (decimal 1065)
   defining Unicode char U+042A (decimal 1066)
   defining Unicode char U+042B (decimal 1067)
   defining Unicode char U+042C (decimal 1068)
   defining Unicode char U+042D (decimal 1069)
   defining Unicode char U+042E (decimal 1070)
   defining Unicode char U+042F (decimal 1071)
   defining Unicode char U+0430 (decimal 1072)
   defining Unicode char U+0431 (decimal 1073)
   defining Unicode char U+0432 (decimal 1074)
   defining Unicode char U+0433 (decimal 1075)
   defining Unicode char U+0434 (decimal 1076)
   defining Unicode char U+0435 (decimal 1077)
   defining Unicode char U+0436 (decimal 1078)
   defining Unicode char U+0437 (decimal 1079)
   defining Unicode char U+0438 (decimal 1080)
   defining Unicode char U+0439 (decimal 1081)
   defining Unicode char U+043A (decimal 1082)
   defining Unicode char U+043B (decimal 1083)
   defining Unicode char U+043C (decimal 1084)
   defining Unicode char U+043D (decimal 1085)
   defining Unicode char U+043E (decimal 1086)
   defining Unicode char U+043F (decimal 1087)
   defining Unicode char U+0440 (decimal 1088)
   defining Unicode char U+0441 (decimal 1089)
   defining Unicode char U+0442 (decimal 1090)
   defining Unicode char U+0443 (decimal 1091)
   defining Unicode char U+0444 (decimal 1092)
   defining Unicode char U+0445 (decimal 1093)
   defining Unicode char U+0446 (decimal 1094)
   defining Unicode char U+0447 (decimal 1095)
   defining Unicode char U+0448 (decimal 1096)
   defining Unicode char U+0449 (decimal 1097)
   defining Unicode char U+044A (decimal 1098)
   defining Unicode char U+044B (decimal 1099)
   defining Unicode char U+044C (decimal 1100)
   defining Unicode char U+044D (decimal 1101)
   defining Unicode char U+044E (decimal 1102)
   defining Unicode char U+044F (decimal 1103)
   defining Unicode char U+0450 (decimal 1104)
   defining Unicode char U+0451 (decimal 1105)
   defining Unicode char U+0452 (decimal 1106)
   defining Unicode char U+0453 (decimal 1107)
   defining Unicode char U+0454 (decimal 1108)
   defining Unicode char U+0455 (decimal 1109)
   defining Unicode char U+0456 (decimal 1110)
   defining Unicode char U+0457 (decimal 1111)
   defining Unicode char U+0458 (decimal 1112)
   defining Unicode char U+0459 (decimal 1113)
   defining Unicode char U+045A (decimal 1114)
   defining Unicode char U+045B (decimal 1115)
   defining Unicode char U+045C (decimal 1116)
   defining Unicode char U+045D (decimal 1117)
   defining Unicode char U+045E (decimal 1118)
   defining Unicode char U+045F (decimal 1119)
   defining Unicode char U+0490 (decimal 1168)
   defining Unicode char U+0491 (decimal 1169)
   defining Unicode char U+0492 (decimal 1170)
   defining Unicode char U+0493 (decimal 1171)
   defining Unicode char U+0496 (decimal 1174)
   defining Unicode char U+0497 (decimal 1175)
   defining Unicode char U+0498 (decimal 1176)
   defining Unicode char U+0499 (decimal 1177)
   defining Unicode char U+049A (decimal 1178)
   defining Unicode char U+049B (decimal 1179)
   defining Unicode char U+049C (decimal 1180)
   defining Unicode char U+049D (decimal 1181)
   defining Unicode char U+04A0 (decimal 1184)
   defining Unicode char U+04A1 (decimal 1185)
   defining Unicode char U+04A2 (decimal 1186)
   defining Unicode char U+04A3 (decimal 1187)
   defining Unicode char U+04A4 (decimal 1188)
   defining Unicode char U+04A5 (decimal 1189)
   defining Unicode char U+04AA (decimal 1194)
   defining Unicode char U+04AB (decimal 1195)
   defining Unicode char U+04AE (decimal 1198)
   defining Unicode char U+04AF (decimal 1199)
   defining Unicode char U+04B0 (decimal 1200)
   defining Unicode char U+04B1 (decimal 1201)
   defining Unicode char U+04B2 (decimal 1202)
   defining Unicode char U+04B3 (decimal 1203)
   defining Unicode char U+04B6 (decimal 1206)
   defining Unicode char U+04B7 (decimal 1207)
   defining Unicode char U+04B8 (decimal 1208)
   defining Unicode char U+04B9 (decimal 1209)
   defining Unicode char U+04BA (decimal 1210)
   defining Unicode char U+04BB (decimal 1211)
   defining Unicode char U+04C0 (decimal 1216)
   defining Unicode char U+04C1 (decimal 1217)
   defining Unicode char U+04C2 (decimal 1218)
   defining Unicode char U+04D0 (decimal 1232)
   defining Unicode char U+04D1 (decimal 1233)
   defining Unicode char U+04D2 (decimal 1234)
   defining Unicode char U+04D3 (decimal 1235)
   defining Unicode char U+04D4 (decimal 1236)
   defining Unicode char U+04D5 (decimal 1237)
   defining Unicode char U+04D6 (decimal 1238)
   defining Unicode char U+04D7 (decimal 1239)
   defining Unicode char U+04D8 (decimal 1240)
   defining Unicode char U+04D9 (decimal 1241)
   defining Unicode char U+04DA (decimal 1242)
   defining Unicode char U+04DB (decimal 1243)
   defining Unicode char U+04DC (decimal 1244)
   defining Unicode char U+04DD (decimal 1245)
   defining Unicode char U+04DE (decimal 1246)
   defining Unicode char U+04DF (decimal 1247)
   defining Unicode char U+04E2 (decimal 1250)
   defining Unicode char U+04E3 (decimal 1251)
   defining Unicode char U+04E4 (decimal 1252)
   defining Unicode char U+04E5 (decimal 1253)
   defining Unicode char U+04E6 (decimal 1254)
   defining Unicode char U+04E7 (decimal 1255)
   defining Unicode char U+04E8 (decimal 1256)
   defining Unicode char U+04E9 (decimal 1257)
   defining Unicode char U+04EC (decimal 1260)
   defining Unicode char U+04ED (decimal 1261)
   defining Unicode char U+04EE (decimal 1262)
   defining Unicode char U+04EF (decimal 1263)
   defining Unicode char U+04F0 (decimal 1264)
   defining Unicode char U+04F1 (decimal 1265)
   defining Unicode char U+04F2 (decimal 1266)
   defining Unicode char U+04F3 (decimal 1267)
   defining Unicode char U+04F4 (decimal 1268)
   defining Unicode char U+04F5 (decimal 1269)
   defining Unicode char U+04F8 (decimal 1272)
   defining Unicode char U+04F9 (decimal 1273)
   defining Unicode char U+200C (decimal 8204)
   defining Unicode char U+2013 (decimal 8211)
   defining Unicode char U+2014 (decimal 8212)
   defining Unicode char U+2018 (decimal 8216)
   defining Unicode char U+2019 (decimal 8217)
   defining Unicode char U+201C (decimal 8220)
   defining Unicode char U+201D (decimal 8221)
   defining Unicode char U+201E (decimal 8222)
   defining Unicode char U+2030 (decimal 8240)
   defining Unicode char U+2031 (decimal 8241)
   defining Unicode char U+2116 (decimal 8470)
   defining Unicode char U+2329 (decimal 9001)
   defining Unicode char U+3008 (decimal 12296)
   defining Unicode char U+232A (decimal 9002)
   defining Unicode char U+3009 (decimal 12297)
   defining Unicode char U+2423 (decimal 9251)
   defining Unicode char U+27E8 (decimal 10216)
   defining Unicode char U+27E9 (decimal 10217)
   defining Unicode char U+FB00 (decimal 64256)
   defining Unicode char U+FB01 (decimal 64257)
   defining Unicode char U+FB02 (decimal 64258)
   defining Unicode char U+FB03 (decimal 64259)
   defining Unicode char U+FB04 (decimal 64260)
   defining Unicode char U+FB05 (decimal 64261)
   defining Unicode char U+FB06 (decimal 64262)
))
LaTeX Font Info:    Trying to load font information for T2A+cmr on input line 1
16.

(c:/texlive/2025/texmf-dist/tex/latex/cyrillic/t2acmr.fd
File: t2acmr.fd 2001/08/11 v1.0a Computer Modern Cyrillic font definitions
))
(c:/texlive/2025/texmf-dist/tex/generic/babel/babel.sty
Package: babel 2025/11/23 v25.16 The multilingual framework for LuaLaTeX, pdfLa
TeX and XeLaTeX
\babel@savecnt=\count379
LaTeX Encoding Info:    Redeclaring text command \ij (encoding OT1) on input li
ne 2050.
LaTeX Encoding Info:    Redeclaring text command \IJ (encoding OT1) on input li
ne 2052.
LaTeX Encoding Info:    Redeclaring text command \ij (encoding T1) on input lin
e 2054.
LaTeX Encoding Info:    Redeclaring text command \IJ (encoding T1) on input lin
e 2055.
LaTeX Encoding Info:    Ignoring declaration for text command \ij (encoding ?) 
on input line 2056.
LaTeX Encoding Info:    Ignoring declaration for text command \IJ (encoding ?) 
on input line 2058.
LaTeX Encoding Info:    Ignoring declaration for text command \SS (encoding ?) 
on input line 2083.
\U@D=\dimen303
\l@unhyphenated=\language14

(c:/texlive/2025/texmf-dist/tex/generic/babel/txtbabel.def)
\bbl@readstream=\read4
\bbl@dirlevel=\count380

(c:/texlive/2025/texmf-dist/tex/generic/babel/locale/ru/babel-russian.tex)
Package babel Info: Importing font and identification data for russian
(babel)             from babel-ru.ini. Reported on input line 4298.

(c:/texlive/2025/texmf-dist/tex/generic/babel-russian/russianb.ldf
File: russianb.ldf 2021/01/10 1.3m Russian support for the Babel system
Language: russian 2020/09/09 1.3k Russian support for the Babel system
Package babel Info: Making " an active character on input line 124.
Package babel Info: Default for \cyrdash is provided on input line 163.
))
(c:/texlive/2025/texmf-dist/tex/latex/base/fontenc.sty
Package: fontenc 2025/07/18 v2.1d Standard LaTeX package
)
(c:/texlive/2025/texmf-dist/tex/latex/psnfss/helvet.sty
Package: helvet 2020/03/25 PSNFSS-v9.3 (WaS) 
)
(c:/texlive/2025/texmf-dist/tex/latex/psnfss/courier.sty
Package: courier 2020/03/25 PSNFSS-v9.3 (WaS) 
)
(c:/texlive/2025/texmf-dist/tex/latex/geometry/geometry.sty
Package: geometry 2020/01/02 v5.9 Page Geometry

(c:/texlive/2025/texmf-dist/tex/generic/iftex/ifvtex.sty
Package: ifvtex 2019/10/25 v1.7 ifvtex legacy package. Use iftex instead.
)
\Gm@cnth=\count381
\Gm@cntv=\count382
\c@Gm@tempcnt=\count383
\Gm@bindingoffset=\dimen304
\Gm@wd@mp=\dimen305
\Gm@odd@mp=\dimen306
\Gm@even@mp=\dimen307
\Gm@layoutwidth=\dimen308
\Gm@layoutheight=\dimen309
\Gm@layouthoffset=\dimen310
\Gm@layoutvoffset=\dimen311
\Gm@dimlist=\toks34
)
(c:/texlive/2025/texmf-dist/tex/latex/changepage/changepage.sty
Package: changepage 2009/10/20 v1.0c check page and change page layout
\c@cp@cntr=\count384
\cp@tempcnt=\count385
LaTeX Info: Redefining \checkoddpage on input line 59.
)
(c:/texlive/2025/texmf-dist/tex/latex/fancyhdr/fancyhdr.sty
Package: fancyhdr 2025/02/07 v5.2 Extensive control of page headers and footers

\f@nch@headwidth=\skip83
\f@nch@offset@elh=\skip84
\f@nch@offset@erh=\skip85
\f@nch@offset@olh=\skip86
\f@nch@offset@orh=\skip87
\f@nch@offset@elf=\skip88
\f@nch@offset@erf=\skip89
\f@nch@offset@olf=\skip90
\f@nch@offset@orf=\skip91
\f@nch@height=\skip92
\f@nch@footalignment=\skip93
\f@nch@widthL=\skip94
\f@nch@widthC=\skip95
\f@nch@widthR=\skip96
\@temptokenb=\toks35
)
(c:/texlive/2025/texmf-dist/tex/latex/natbib/natbib.sty
Package: natbib 2010/09/13 8.31b (PWD, AO)
\bibhang=\skip97
\bibsep=\skip98
LaTeX Info: Redefining \cite on input line 694.
\c@NAT@ctr=\count386
)
(c:/texlive/2025/texmf-dist/tex/latex/tocloft/tocloft.sty
Package: tocloft 2017/08/31 v2.3i parameterised ToC, etc., typesetting
Package tocloft Info: The document has chapter divisions on input line 51.
\cftparskip=\skip99
\cftbeforetoctitleskip=\skip100
\cftaftertoctitleskip=\skip101
\cftbeforepartskip=\skip102
\cftpartnumwidth=\skip103
\cftpartindent=\skip104
\cftbeforechapskip=\skip105
\cftchapindent=\skip106
\cftchapnumwidth=\skip107
\cftbeforesecskip=\skip108
\cftsecindent=\skip109
\cftsecnumwidth=\skip110
\cftbeforesubsecskip=\skip111
\cftsubsecindent=\skip112
\cftsubsecnumwidth=\skip113
\cftbeforesubsubsecskip=\skip114
\cftsubsubsecindent=\skip115
\cftsubsubsecnumwidth=\skip116
\cftbeforeparaskip=\skip117
\cftparaindent=\skip118
\cftparanumwidth=\skip119
\cftbeforesubparaskip=\skip120
\cftsubparaindent=\skip121
\cftsubparanumwidth=\skip122
\cftbeforeloftitleskip=\skip123
\cftafterloftitleskip=\skip124
\cftbeforefigskip=\skip125
\cftfigindent=\skip126
\cftfignumwidth=\skip127
\c@lofdepth=\count387
\c@lotdepth=\count388
\cftbeforelottitleskip=\skip128
\cftafterlottitleskip=\skip129
\cftbeforetabskip=\skip130
\cfttabindent=\skip131
\cfttabnumwidth=\skip132
)
\@indexfile=\write4
\openout4 = `refman.idx'.


Writing index file refman.idx
(c:/texlive/2025/texmf-dist/tex/latex/newunicodechar/newunicodechar.sty
Package: newunicodechar 2018/04/08 v1.2 Defining Unicode characters
)
(c:/texlive/2025/texmf-dist/tex/latex/hyperref/hyperref.sty
Package: hyperref 2025-07-12 v7.01o Hypertext links for LaTeX

(c:/texlive/2025/texmf-dist/tex/latex/kvsetkeys/kvsetkeys.sty
Package: kvsetkeys 2022-10-05 v1.19 Key value parser (HO)
)
(c:/texlive/2025/texmf-dist/tex/generic/kvdefinekeys/kvdefinekeys.sty
Package: kvdefinekeys 2019-12-19 v1.6 Define keys (HO)
)
(c:/texlive/2025/texmf-dist/tex/generic/pdfescape/pdfescape.sty
Package: pdfescape 2019/12/09 v1.15 Implements pdfTeX's escape features (HO)

(c:/texlive/2025/texmf-dist/tex/generic/ltxcmds/ltxcmds.sty
Package: ltxcmds 2023-12-04 v1.26 LaTeX kernel commands for general use (HO)
)
(c:/texlive/2025/texmf-dist/tex/generic/pdftexcmds/pdftexcmds.sty
Package: pdftexcmds 2020-06-27 v0.33 Utility functions of pdfTeX for LuaTeX (HO
)
Package pdftexcmds Info: \pdf@primitive is available.
Package pdftexcmds Info: \pdf@ifprimitive is available.
Package pdftexcmds Info: \pdfdraftmode found.
))
(c:/texlive/2025/texmf-dist/tex/latex/hycolor/hycolor.sty
Package: hycolor 2020-01-27 v1.10 Color options for hyperref/bookmark (HO)
)
(c:/texlive/2025/texmf-dist/tex/latex/hyperref/nameref.sty
Package: nameref 2025-06-21 v2.57 Cross-referencing by name of section

(c:/texlive/2025/texmf-dist/tex/latex/refcount/refcount.sty
Package: refcount 2019/12/15 v3.6 Data extraction from label references (HO)
)
(c:/texlive/2025/texmf-dist/tex/generic/gettitlestring/gettitlestring.sty
Package: gettitlestring 2019/12/15 v1.6 Cleanup title references (HO)

(c:/texlive/2025/texmf-dist/tex/latex/kvoptions/kvoptions.sty
Package: kvoptions 2022-06-15 v3.15 Key value format for package options (HO)
))
\c@section@level=\count389
)
(c:/texlive/2025/texmf-dist/tex/generic/stringenc/stringenc.sty
Package: stringenc 2019/11/29 v1.12 Convert strings between diff. encodings (HO
)
)
\@linkdim=\dimen312
\Hy@linkcounter=\count390
\Hy@pagecounter=\count391

(c:/texlive/2025/texmf-dist/tex/latex/hyperref/pd1enc.def
File: pd1enc.def 2025-07-12 v7.01o Hyperref: PDFDocEncoding definition (HO)
Now handling font encoding PD1 ...
... no UTF-8 mapping file for font encoding PD1
)
\Hy@SavedSpaceFactor=\count392

(c:/texlive/2025/texmf-dist/tex/latex/hyperref/puenc.def
File: puenc.def 2025-07-12 v7.01o Hyperref: PDF Unicode definition (HO)
Now handling font encoding PU ...
... no UTF-8 mapping file for font encoding PU
)
Package hyperref Info: Option `unicode' set `true' on input line 3160.
Package hyperref Info: Hyper figures OFF on input line 4195.
Package hyperref Info: Link nesting OFF on input line 4200.
Package hyperref Info: Hyper index ON on input line 4203.
Package hyperref Info: Plain pages OFF on input line 4210.
Package hyperref Info: Backreferencing ON on input line 4213.
Package hyperref Info: Implicit mode ON; LaTeX internals redefined.
Package hyperref Info: Bookmarks ON on input line 4462.

(c:/texlive/2025/texmf-dist/tex/latex/hyperref/backref.sty
Package: backref 2025-06-21 v1.45 Bibliographical back referencing

(c:/texlive/2025/texmf-dist/tex/latex/rerunfilecheck/rerunfilecheck.sty
Package: rerunfilecheck 2025-06-21 v1.11 Rerun checks for auxiliary files (HO)

(c:/texlive/2025/texmf-dist/tex/generic/uniquecounter/uniquecounter.sty
Package: uniquecounter 2019/12/15 v1.4 Provide unlimited unique counter (HO)

(c:/texlive/2025/texmf-dist/tex/generic/bigintcalc/bigintcalc.sty
Package: bigintcalc 2019/12/15 v1.5 Expandable calculations on big integers (HO
)
))
Package uniquecounter Info: New unique counter `rerunfilecheck' on input line 2
84.
))
\c@Hy@tempcnt=\count393

(c:/texlive/2025/texmf-dist/tex/latex/url/url.sty
\Urlmuskip=\muskip17
Package: url 2013/09/16  ver 3.4  Verb mode for urls, etc.
)
LaTeX Info: Redefining \url on input line 4801.
\XeTeXLinkMargin=\dimen313

(c:/texlive/2025/texmf-dist/tex/generic/bitset/bitset.sty
Package: bitset 2019/12/09 v1.3 Handle bit-vector datatype (HO)
)
\Fld@menulength=\count394
\Field@Width=\dimen314
\Fld@charsize=\dimen315
Package hyperref Info: Hyper figures OFF on input line 6078.
Package hyperref Info: Link nesting OFF on input line 6083.
Package hyperref Info: Hyper index ON on input line 6086.
Package hyperref Info: backreferencing ON on input line 6091.
Package hyperref Info: Link coloring OFF on input line 6098.
Package hyperref Info: Link coloring with OCG OFF on input line 6103.
Package hyperref Info: PDF/A mode OFF on input line 6108.
\Hy@abspage=\count395
\c@Item=\count396
\c@Hfootnote=\count397
)
Package hyperref Info: Driver: hpdftex.

(c:/texlive/2025/texmf-dist/tex/latex/hyperref/hpdftex.def
File: hpdftex.def 2025-07-12 v7.01o Hyperref driver for pdfTeX
\Fld@listcount=\count398
\c@bookmark@seq@number=\count399
\Hy@SectionHShift=\skip133
)
Package hyperref Info: Option `colorlinks' set `true' on input line 181.
Package hyperref Info: Option `unicode' set `true' on input line 181.

(c:/texlive/2025/texmf-dist/tex/latex/caption/caption.sty
Package: caption 2023/08/05 v3.6o Customizing captions (AR)

(c:/texlive/2025/texmf-dist/tex/latex/caption/caption3.sty
Package: caption3 2023/07/31 v2.4d caption3 kernel (AR)
\caption@tempdima=\dimen316
\captionmargin=\dimen317
\caption@leftmargin=\dimen318
\caption@rightmargin=\dimen319
\caption@width=\dimen320
\caption@indent=\dimen321
\caption@parindent=\dimen322
\caption@hangindent=\dimen323
Package caption Info: Standard document class detected.
)
\c@caption@flags=\count400
\c@continuedfloat=\count401
Package caption Info: changepage package is loaded.
\caption@adjustwidth@hsize=\dimen324
\caption@adjustwidth@linewidth=\dimen325
Package caption Info: float package is loaded.
Package caption Info: hyperref package is loaded.
Package caption Info: longtable package is loaded.

(c:/texlive/2025/texmf-dist/tex/latex/caption/ltcaption.sty
Package: ltcaption 2021/01/08 v1.4c longtable captions (AR)
))
(c:/texlive/2025/texmf-dist/tex/latex/etoc/etoc.sty
Package: etoc 2023/10/29 v1.2d Completely customisable TOCs (JFB)
\Etoc@toctoks=\toks36
\c@etoc@tocid=\count402
\etoc@framed@titlebox=\box150
\etoc@framed@contentsbox=\box151
)
LaTeX Font Info:    Trying to load font information for T1+phv on input line 20
3.

(c:/texlive/2025/texmf-dist/tex/latex/psnfss/t1phv.fd
File: t1phv.fd 2020/03/25 scalable font definitions for T1/phv.
)
LaTeX Font Info:    Font shape `T1/phv/m/n' will be
(Font)              scaled to size 8.99994pt on input line 203.
 (./refman.aux
LaTeX Font Info:    Trying to load font information for T2A+phv on input line 1
0.
LaTeX Font Info:    No file T2Aphv.fd. on input line 10.


LaTeX Font Warning: Font shape `T2A/phv/m/n' undefined
(Font)              using `T2A/cmr/m/n' instead on input line 10.

Package babel Info: 'russian' activates 'russian' shorthands.
(babel)             Reported on input line 10.

LaTeX Warning: Label `doc-enum-members' multiply defined.


LaTeX Warning: Label `doc-func-members' multiply defined.


LaTeX Warning: Label `doc-constructors' multiply defined.


LaTeX Warning: Label `doc-func-members' multiply defined.


LaTeX Warning: Label `doc-func-members' multiply defined.


LaTeX Warning: Label `doc-property-members' multiply defined.


LaTeX Warning: Label `doc-func-members' multiply defined.


LaTeX Warning: Label `doc-func-members' multiply defined.


LaTeX Warning: Label `doc-constructors' multiply defined.


LaTeX Warning: Label `doc-func-members' multiply defined.


LaTeX Warning: Label `doc-property-members' multiply defined.


LaTeX Warning: Label `doc-constructors' multiply defined.


LaTeX Warning: Label `doc-func-members' multiply defined.


LaTeX Warning: Label `doc-constructors' multiply defined.


LaTeX Warning: Label `doc-func-members' multiply defined.


LaTeX Warning: Label `doc-func-members' multiply defined.


LaTeX Warning: Label `doc-func-members' multiply defined.


LaTeX Warning: Label `doc-constructors' multiply defined.


LaTeX Warning: Label `doc-func-members' multiply defined.


LaTeX Warning: Label `doc-constructors' multiply defined.


LaTeX Warning: Label `doc-func-members' multiply defined.


LaTeX Warning: Label `doc-constructors' multiply defined.


LaTeX Warning: Label `doc-func-members' multiply defined.


LaTeX Warning: Label `doc-property-members' multiply defined.


LaTeX Warning: Label `doc-func-members' multiply defined.


LaTeX Warning: Label `doc-property-members' multiply defined.


LaTeX Warning: Label `doc-func-members' multiply defined.


LaTeX Warning: Label `doc-func-members' multiply defined.


LaTeX Warning: Label `doc-func-members' multiply defined.


LaTeX Warning: Label `doc-func-members' multiply defined.


LaTeX Warning: Label `doc-func-members' multiply defined.


LaTeX Warning: Label `doc-constructors' multiply defined.


LaTeX Warning: Label `doc-func-members' multiply defined.


LaTeX Warning: Label `doc-constructors' multiply defined.


LaTeX Warning: Label `doc-func-members' multiply defined.


LaTeX Warning: Label `doc-constructors' multiply defined.


LaTeX Warning: Label `doc-func-members' multiply defined.


LaTeX Warning: Label `doc-func-members' multiply defined.


LaTeX Warning: Label `doc-func-members' multiply defined.


LaTeX Warning: Label `doc-func-members' multiply defined.


LaTeX Warning: Label `doc-property-members' multiply defined.


LaTeX Warning: Label `doc-func-members' multiply defined.


LaTeX Warning: Label `doc-func-members' multiply defined.


LaTeX Warning: Label `doc-constructors' multiply defined.


LaTeX Warning: Label `doc-property-members' multiply defined.


LaTeX Warning: Label `doc-constructors' multiply defined.


LaTeX Warning: Label `doc-func-members' multiply defined.


LaTeX Warning: Label `doc-property-members' multiply defined.


LaTeX Warning: Label `doc-func-members' multiply defined.


LaTeX Warning: Label `doc-variable-members' multiply defined.


LaTeX Warning: Label `doc-func-members' multiply defined.


LaTeX Warning: Label `doc-variable-members' multiply defined.

)
\openout1 = `refman.aux'.

LaTeX Font Info:    Checking defaults for OML/cmm/m/it on input line 203.
LaTeX Font Info:    ... okay on input line 203.
LaTeX Font Info:    Checking defaults for OMS/cmsy/m/n on input line 203.
LaTeX Font Info:    ... okay on input line 203.
LaTeX Font Info:    Checking defaults for OT1/cmr/m/n on input line 203.
LaTeX Font Info:    ... okay on input line 203.
LaTeX Font Info:    Checking defaults for T1/cmr/m/n on input line 203.
LaTeX Font Info:    ... okay on input line 203.
LaTeX Font Info:    Checking defaults for TS1/cmr/m/n on input line 203.
LaTeX Font Info:    ... okay on input line 203.
LaTeX Font Info:    Checking defaults for OMX/cmex/m/n on input line 203.
LaTeX Font Info:    ... okay on input line 203.
LaTeX Font Info:    Checking defaults for U/cmr/m/n on input line 203.
LaTeX Font Info:    ... okay on input line 203.
LaTeX Font Info:    Checking defaults for T2A/cmr/m/n on input line 203.
LaTeX Font Info:    ... okay on input line 203.
LaTeX Font Info:    Checking defaults for PD1/pdf/m/n on input line 203.
LaTeX Font Info:    ... okay on input line 203.
LaTeX Font Info:    Checking defaults for PU/pdf/m/n on input line 203.
LaTeX Font Info:    ... okay on input line 203.
 (c:/texlive/2025/texmf-dist/tex/context/base/mkii/supp-pdf.mkii
[Loading MPS to PDF converter (version 2006.09.02).]
\scratchcounter=\count403
\scratchdimen=\dimen326
\scratchbox=\box152
\nofMPsegments=\count404
\nofMParguments=\count405
\everyMPshowfont=\toks37
\MPscratchCnt=\count406
\MPscratchDim=\dimen327
\MPnumerator=\count407
\makeMPintoPDFobject=\count408
\everyMPtoPDFconversion=\toks38
) (c:/texlive/2025/texmf-dist/tex/latex/epstopdf-pkg/epstopdf-base.sty
Package: epstopdf-base 2020-01-24 v2.11 Base part for package epstopdf
Package epstopdf-base Info: Redefining graphics rule for `.eps' on input line 4
85.

(c:/texlive/2025/texmf-dist/tex/latex/latexconfig/epstopdf-sys.cfg
File: epstopdf-sys.cfg 2010/07/13 v1.3 Configuration of (r)epstopdf for TeX Liv
e
))
LaTeX Info: Redefining \th on input line 203.

*geometry* driver: auto-detecting
*geometry* detected driver: pdftex
*geometry* verbose mode - [ preamble ] result:
* driver: pdftex
* paper: a4paper
* layout: <same size as paper>
* layoutoffset:(h,v)=(0.0pt,0.0pt)
* modes: twoside 
* h-part:(L,W,R)=(71.13188pt, 455.24411pt, 71.13188pt)
* v-part:(T,H,B)=(71.13188pt, 702.78308pt, 71.13188pt)
* \paperwidth=597.50787pt
* \paperheight=845.04684pt
* \textwidth=455.24411pt
* \textheight=702.78308pt
* \oddsidemargin=-1.1381pt
* \evensidemargin=-1.1381pt
* \topmargin=-31.2056pt
* \headheight=12.0pt
* \headsep=18.06749pt
* \topskip=10.0pt
* \footskip=25.29494pt
* \marginparwidth=125.0pt
* \marginparsep=7.0pt
* \columnsep=10.0pt
* \skip\footins=9.0pt plus 4.0pt minus 2.0pt
* \hoffset=0.0pt
* \voffset=0.0pt
* \mag=1000
* \@twocolumnfalse
* \@twosidetrue
* \@mparswitchtrue
* \@reversemarginfalse
* (1in=72.27pt=25.4mm, 1cm=28.453pt)

Package backref Info: ** backref set up for natbib ** on input line 203.
Package hyperref Info: Link coloring ON on input line 203.
(./refman.out) (./refman.out)
\@outlinefile=\write5
\openout5 = `refman.out'.

Package caption Info: Begin \AtBeginDocument code.
Package caption Info: End \AtBeginDocument code.
\Etoc@tf=\read5
Package hyperref Info: Option `pageanchor' set `false' on input line 211.
Package hyperref Info: Option `bookmarksnumbered' set `true' on input line 211.

Package hyperref Info: Option `unicode' set `true' on input line 211.
LaTeX Font Info:    Trying to load font information for U+msa on input line 216
.

(c:/texlive/2025/texmf-dist/tex/latex/amsfonts/umsa.fd
File: umsa.fd 2013/01/14 v3.01 AMS symbols A
)
LaTeX Font Info:    Trying to load font information for U+msb on input line 216
.

(c:/texlive/2025/texmf-dist/tex/latex/amsfonts/umsb.fd
File: umsb.fd 2013/01/14 v3.01 AMS symbols B
)
LaTeX Font Info:    Trying to load font information for U+wasy on input line 21
6.

(c:/texlive/2025/texmf-dist/tex/latex/wasysym/uwasy.fd
File: uwasy.fd 2020/01/19 v2.4 Wasy-2 symbol font definitions
) [1


{c:/texlive/2025/texmf-var/fonts/map/pdftex/updmap/pdftex.map}{c:/texlive/2025/
texmf-dist/fonts/enc/dvips/cm-super/cm-super-t2a.enc}] [2

]
\tf@toc=\write6
\openout6 = `refman.toc'.



LaTeX Font Warning: Font shape `T2A/phv/b/n' undefined
(Font)              using `T2A/phv/m/n' instead on input line 225.

[1] [2] [3] [4] [5] [6] [7] [8] [9] [10

]
Package hyperref Info: Option `pageanchor' set `true' on input line 228.

{\cyrillictext \CYRG \cyrl \cyra \cyrv \cyra } 1.
(./dirs.tex [1

])
LaTeX Font Info:    Font shape `T1/phv/b/n' will be
(Font)              scaled to size 8.99994pt on input line 232.
Package babel Info: 'russian' activates 'russian' shorthands.
(babel)             Reported on input line 232.
 [2]
{\cyrillictext \CYRG \cyrl \cyra \cyrv \cyra } 2.
(./namespaces.tex) [3

] [4

]
{\cyrillictext \CYRG \cyrl \cyra \cyrv \cyra } 3.
(./hierarchy.tex) [5] [6

]
{\cyrillictext \CYRG \cyrl \cyra \cyrv \cyra } 4.
(./annotated.tex
Underfull \hbox (badness 1087) in paragraph at lines 6--6
 \T2A/phv/b/n/10 Scriptable[]Object äë˙ óďđŕâ-ëĺ-íč˙ ňŕá-ëč-öĺé áŕ-ëŕí-ńŕ, ńî-ä
ĺđ-ćŕ-ůĺé îďđĺ-äĺ-ëĺ-íč˙ 
 []

[7] [8]) [9] [10

]
{\cyrillictext \CYRG \cyrl \cyra \cyrv \cyra } 5.
(./files.tex) [11] [12

]
{\cyrillictext \CYRG \cyrl \cyra \cyrv \cyra } 6.
(./dir_9e128726d1308d452fad56211ece1ee0.tex
LaTeX Font Info:    Trying to load font information for TS1+phv on input line 6
.

(c:/texlive/2025/texmf-dist/tex/latex/psnfss/ts1phv.fd
File: ts1phv.fd 2020/03/25 scalable font definitions for TS1/phv.
)
LaTeX Font Info:    Font shape `TS1/phv/m/n' will be
(Font)              scaled to size 8.99994pt on input line 6.
)
(./dir_8bb2c51ffe6bc6e4c68f0f368a588488.tex)
(./dir_1f506e34c407ab7da2c870657a03df91.tex)
(./dir_64445029b80f5e62a510175172ba7335.tex)
(./dir_eab1cae7d63f379d3717a060d38622f3.tex [13{c:/texlive/2025/texmf-dist/font
s/enc/dvips/base/8r.enc}]) (./dir_0557ff5a3c75f9d64be2eac7eda97168.tex)
(./dir_c2989f8559fe2f6caa9d8534bd95d351.tex)
(./dir_b6d14c0632c7fbf5a34051f03b915960.tex)
(./dir_c6a2423b05f6d18eae1b815d20ccd11c.tex)
(./dir_57ff37c6d518ea6f4741685c27b310c0.tex)
(./dir_0949476634a1b53704df6c5644d3e71a.tex [14]) [15] [16

]
{\cyrillictext \CYRG \cyrl \cyra \cyrv \cyra } 7.
(./namespaceBalanceForge.tex) (./namespaceBalanceForge_1_1Core.tex)
(./namespaceBalanceForge_1_1Core_1_1Data.tex

LaTeX Font Warning: Font shape `T2A/phv/m/it' undefined
(Font)              using `T2A/phv/m/n' instead on input line 7.

[17]
LaTeX Font Info:    Trying to load font information for T2A+pcr on input line 5
6.
LaTeX Font Info:    No file T2Apcr.fd. on input line 56.


LaTeX Font Warning: Font shape `T2A/pcr/m/n' undefined
(Font)              using `T2A/cmr/m/n' instead on input line 56.

[18]) (./namespaceBalanceForge_1_1Data.tex)
(./namespaceBalanceForge_1_1Data_1_1Operations.tex [19] [20])
(./namespaceBalanceForge_1_1ImportExport.tex)
(./namespaceBalanceForge_1_1Services.tex [21])
(./namespaceBalanceForge_1_1Tests.tex) [22]
{\cyrillictext \CYRG \cyrl \cyra \cyrv \cyra } 8.
(./classBalanceForge_1_1Services_1_1AddRowCommand.tex <./classBalanceForge_1_1S
ervices_1_1AddRowCommand.pdf>
<classBalanceForge_1_1Services_1_1AddRowCommand.pdf, id=2355, 501.875pt x 154.4
2694pt>
File: classBalanceForge_1_1Services_1_1AddRowCommand.pdf Graphic file (type pdf
)
<use classBalanceForge_1_1Services_1_1AddRowCommand.pdf>
Package pdftex.def Info: classBalanceForge_1_1Services_1_1AddRowCommand.pdf  us
ed on input line 11.
(pdftex.def)             Requested size: 184.9327pt x 56.9055pt.


LaTeX Font Warning: Font shape `T2A/pcr/m/it' undefined
(Font)              using `T2A/pcr/m/n' instead on input line 37.

[23

]

LaTeX Font Warning: Font shape `T2A/phv/bc/n' undefined
(Font)              using `T2A/phv/m/n' instead on input line 79.


Underfull \hbox (badness 10000) detected at line 79
[][][]
 []

) (./classBalanceForge_1_1Tests_1_1BalanceForgeTests.tex [24] [25] [26]
[27] [28]) (./classBalanceForge_1_1Core_1_1Data_1_1BalanceRow.tex [29]
Underfull \hbox (badness 10000) detected at line 61
[][][]
 []


Underfull \hbox (badness 10000) detected at line 79
[][][]
 []

[30]) (./classBalanceForge_1_1Core_1_1Data_1_1BalanceTable.tex <./classBalanceF
orge_1_1Core_1_1Data_1_1BalanceTable.pdf>
<classBalanceForge_1_1Core_1_1Data_1_1BalanceTable.pdf, id=2522, 501.875pt x 16
5.2273pt>
File: classBalanceForge_1_1Core_1_1Data_1_1BalanceTable.pdf Graphic file (type 
pdf)
<use classBalanceForge_1_1Core_1_1Data_1_1BalanceTable.pdf>
Package pdftex.def Info: classBalanceForge_1_1Core_1_1Data_1_1BalanceTable.pdf 
 used on input line 11.
(pdftex.def)             Requested size: 172.84839pt x 56.9055pt.
 [31] [32]
Underfull \hbox (badness 10000) detected at line 79
[][][]
 []


Underfull \hbox (badness 10000) detected at line 97
[][][]
 []

[33]
Underfull \hbox (badness 10000) detected at line 115
[][][]
 []


Underfull \hbox (badness 10000) detected at line 133
[][][]
 []

[34]
Underfull \hbox (badness 10000) detected at line 166
[][][]
 []


Underfull \hbox (badness 10000) detected at line 179
[][][]
 []

[35]) (./classBalanceForge_1_1Services_1_1ClipboardService.tex [36]
Underfull \hbox (badness 10000) detected at line 46
[][][]
 []

[37]
Underfull \hbox (badness 10000) detected at line 106
[][][]
 []


Underfull \hbox (badness 10000) detected at line 119
[][][]
 []

) (./structBalanceForge_1_1Core_1_1Data_1_1ColorSerializable.tex [38]
Underfull \hbox (badness 10000) detected at line 52
[][][]
 []

[39]
Underfull \hbox (badness 10000) detected at line 65
[][][]
 []

) (./classBalanceForge_1_1Core_1_1Data_1_1ColumnDefinition.tex [40] [41]
Underfull \hbox (badness 10000) detected at line 86
[][][]
 []


Underfull \hbox (badness 10000) detected at line 99
[][][]
 []

[42]
Underfull \hbox (badness 10000) detected at line 132
[][][]
 []

[43]) (./classBalanceForge_1_1Data_1_1Operations_1_1ColumnFilter.tex <./classBa
lanceForge_1_1Data_1_1Operations_1_1ColumnFilter.pdf>
<classBalanceForge_1_1Data_1_1Operations_1_1ColumnFilter.pdf, id=2729, 501.875p
t x 148.1535pt>
File: classBalanceForge_1_1Data_1_1Operations_1_1ColumnFilter.pdf Graphic file 
(type pdf)
<use classBalanceForge_1_1Data_1_1Operations_1_1ColumnFilter.pdf>
Package pdftex.def Info: classBalanceForge_1_1Data_1_1Operations_1_1ColumnFilte
r.pdf  used on input line 11.
(pdftex.def)             Requested size: 192.76682pt x 56.9055pt.
 [44]
Underfull \hbox (badness 10000) detected at line 64
[][][]
 []

) (./classBalanceForge_1_1Data_1_1Operations_1_1CompositeFilter.tex <./classBal
anceForge_1_1Data_1_1Operations_1_1CompositeFilter.pdf>
<classBalanceForge_1_1Data_1_1Operations_1_1CompositeFilter.pdf, id=2754, 501.8
75pt x 139.89264pt>
File: classBalanceForge_1_1Data_1_1Operations_1_1CompositeFilter.pdf Graphic fi
le (type pdf)
<use classBalanceForge_1_1Data_1_1Operations_1_1CompositeFilter.pdf>
Package pdftex.def Info: classBalanceForge_1_1Data_1_1Operations_1_1CompositeFi
lter.pdf  used on input line 11.
(pdftex.def)             Requested size: 204.15424pt x 56.9055pt.
 [45] [46]
Underfull \hbox (badness 10000) detected at line 81
[][][]
 []

) (./classBalanceForge_1_1ImportExport_1_1CSVExporter.tex <./classBalanceForge_
1_1ImportExport_1_1CSVExporter.pdf>
<classBalanceForge_1_1ImportExport_1_1CSVExporter.pdf, id=2802, 501.875pt x 159
.32523pt>
File: classBalanceForge_1_1ImportExport_1_1CSVExporter.pdf Graphic file (type p
df)
<use classBalanceForge_1_1ImportExport_1_1CSVExporter.pdf>
Package pdftex.def Info: classBalanceForge_1_1ImportExport_1_1CSVExporter.pdf  
used on input line 11.
(pdftex.def)             Requested size: 179.25047pt x 56.9055pt.
 [47]
Underfull \hbox (badness 10000) detected at line 44
[][][]
 []

) (./classBalanceForge_1_1ImportExport_1_1CSVImporter.tex <./classBalanceForge_
1_1ImportExport_1_1CSVImporter.pdf>
<classBalanceForge_1_1ImportExport_1_1CSVImporter.pdf, id=2824, 501.875pt x 160
.6pt>
File: classBalanceForge_1_1ImportExport_1_1CSVImporter.pdf Graphic file (type p
df)
<use classBalanceForge_1_1ImportExport_1_1CSVImporter.pdf>
Package pdftex.def Info: classBalanceForge_1_1ImportExport_1_1CSVImporter.pdf  
used on input line 11.
(pdftex.def)             Requested size: 177.82608pt x 56.9055pt.
 [48]
Underfull \hbox (badness 10000) detected at line 44
[][][]
 []

[49]
Underfull \hbox (badness 10000) detected at line 66
[][][]
 []

) (./classBalanceForge_1_1Services_1_1DeleteRowCommand.tex <./classBalanceForge
_1_1Services_1_1DeleteRowCommand.pdf>
<classBalanceForge_1_1Services_1_1DeleteRowCommand.pdf, id=2864, 501.875pt x 14
7.06946pt>
File: classBalanceForge_1_1Services_1_1DeleteRowCommand.pdf Graphic file (type 
pdf)
<use classBalanceForge_1_1Services_1_1DeleteRowCommand.pdf>
Package pdftex.def Info: classBalanceForge_1_1Services_1_1DeleteRowCommand.pdf 
 used on input line 11.
(pdftex.def)             Requested size: 194.1912pt x 56.9055pt.
 [50]
Underfull \hbox (badness 10000) detected at line 79
[][][]
 []

) (./classBalanceForge_1_1Services_1_1EditCellCommand.tex <./classBalanceForge_
1_1Services_1_1EditCellCommand.pdf>
<classBalanceForge_1_1Services_1_1EditCellCommand.pdf, id=2898, 501.875pt x 156
.83594pt>
File: classBalanceForge_1_1Services_1_1EditCellCommand.pdf Graphic file (type p
df)
<use classBalanceForge_1_1Services_1_1EditCellCommand.pdf>
Package pdftex.def Info: classBalanceForge_1_1Services_1_1EditCellCommand.pdf  
used on input line 11.
(pdftex.def)             Requested size: 182.09924pt x 56.9055pt.
 [51] [52]
Underfull \hbox (badness 10000) detected at line 85
[][][]
 []

) (./classBalanceForge_1_1Core_1_1Data_1_1EnumDefinition.tex [53] [54]
Underfull \hbox (badness 10000) detected at line 84
[][][]
 []

) (./classBalanceForge_1_1Data_1_1Operations_1_1FilterCondition.tex [55]
Underfull \hbox (badness 10000) detected at line 45
[][][]
 []

[56]) (./interfaceBalanceForge_1_1Services_1_1ICommand.tex <./interfaceBalanceF
orge_1_1Services_1_1ICommand.pdf>
<interfaceBalanceForge_1_1Services_1_1ICommand.pdf, id=2995, 501.875pt x 36.365
86pt>
File: interfaceBalanceForge_1_1Services_1_1ICommand.pdf Graphic file (type pdf)

<use interfaceBalanceForge_1_1Services_1_1ICommand.pdf>
Package pdftex.def Info: interfaceBalanceForge_1_1Services_1_1ICommand.pdf  use
d on input line 11.
(pdftex.def)             Requested size: 398.36076pt x 28.86519pt.
 [57]
Underfull \hbox (badness 10000) detected at line 55
[][][]
 []

) (./interfaceBalanceForge_1_1ImportExport_1_1IExporter.tex <./interfaceBalance
Forge_1_1ImportExport_1_1IExporter.pdf>
<interfaceBalanceForge_1_1ImportExport_1_1IExporter.pdf, id=3025, 501.875pt x 1
59.32523pt>
File: interfaceBalanceForge_1_1ImportExport_1_1IExporter.pdf Graphic file (type
 pdf)
<use interfaceBalanceForge_1_1ImportExport_1_1IExporter.pdf>
Package pdftex.def Info: interfaceBalanceForge_1_1ImportExport_1_1IExporter.pdf
  used on input line 11.
(pdftex.def)             Requested size: 179.25047pt x 56.9055pt.
 [58]
Underfull \hbox (badness 10000) detected at line 44
[][][]
 []

) (./interfaceBalanceForge_1_1Data_1_1Operations_1_1IFilter.tex <./interfaceBal
anceForge_1_1Data_1_1Operations_1_1IFilter.pdf>
<interfaceBalanceForge_1_1Data_1_1Operations_1_1IFilter.pdf, id=3045, 501.875pt
 x 69.95134pt>
File: interfaceBalanceForge_1_1Data_1_1Operations_1_1IFilter.pdf Graphic file (
type pdf)
<use interfaceBalanceForge_1_1Data_1_1Operations_1_1IFilter.pdf>
Package pdftex.def Info: interfaceBalanceForge_1_1Data_1_1Operations_1_1IFilter
.pdf  used on input line 11.
(pdftex.def)             Requested size: 398.32246pt x 55.51752pt.
 [59]
Underfull \hbox (badness 10000) detected at line 42
[][][]
 []


Overfull \hbox (23.44455pt too wide) in paragraph at lines 47--48
[]\T2A/phv/bc/n/10 Çŕěĺůŕĺňń˙ â [] č []. 
 []

) (./interfaceBalanceForge_1_1ImportExport_1_1IImporter.tex <./interfaceBalance
Forge_1_1ImportExport_1_1IImporter.pdf>
<interfaceBalanceForge_1_1ImportExport_1_1IImporter.pdf, id=3069, 501.875pt x 1
60.6pt>
File: interfaceBalanceForge_1_1ImportExport_1_1IImporter.pdf Graphic file (type
 pdf)
<use interfaceBalanceForge_1_1ImportExport_1_1IImporter.pdf>
Package pdftex.def Info: interfaceBalanceForge_1_1ImportExport_1_1IImporter.pdf
  used on input line 11.
(pdftex.def)             Requested size: 177.82608pt x 56.9055pt.
 [60]
Underfull \hbox (badness 10000) detected at line 44
[][][]
 []


Underfull \hbox (badness 10000) detected at line 66
[][][]
 []

) (./interfaceBalanceForge_1_1Services_1_1IValidator.tex [61] <./interfaceBalan
ceForge_1_1Services_1_1IValidator.pdf>
<interfaceBalanceForge_1_1Services_1_1IValidator.pdf, id=3101, 501.875pt x 51.6
7305pt>
File: interfaceBalanceForge_1_1Services_1_1IValidator.pdf Graphic file (type pd
f)
<use interfaceBalanceForge_1_1Services_1_1IValidator.pdf>
Package pdftex.def Info: interfaceBalanceForge_1_1Services_1_1IValidator.pdf  u
sed on input line 11.
(pdftex.def)             Requested size: 398.34544pt x 41.01285pt.

Underfull \hbox (badness 10000) detected at line 39
[][][]
 []


Underfull \hbox (badness 10000) in paragraph at lines 44--45
[]\T2A/phv/bc/n/10 Çŕěĺůŕĺňń˙ â [], [] č
 []

[62]
Underfull \hbox (badness 10000) detected at line 61
[][][]
 []


Underfull \hbox (badness 10000) in paragraph at lines 66--67
[]\T2A/phv/bc/n/10 Çŕěĺůŕĺňń˙ â [], [] č
 []

) (./classBalanceForge_1_1Services_1_1MultiDeleteCommand.tex <./classBalanceFor
ge_1_1Services_1_1MultiDeleteCommand.pdf>
<classBalanceForge_1_1Services_1_1MultiDeleteCommand.pdf, id=3130, 501.875pt x 
145.47348pt>
File: classBalanceForge_1_1Services_1_1MultiDeleteCommand.pdf Graphic file (typ
e pdf)
<use classBalanceForge_1_1Services_1_1MultiDeleteCommand.pdf>
Package pdftex.def Info: classBalanceForge_1_1Services_1_1MultiDeleteCommand.pd
f  used on input line 11.
(pdftex.def)             Requested size: 196.32011pt x 56.9055pt.
 [63]
Underfull \hbox (badness 10000) detected at line 79
[][][]
 []

) (./classBalanceForge_1_1Services_1_1RangeValidator.tex [64] <./classBalanceFo
rge_1_1Services_1_1RangeValidator.pdf>
<classBalanceForge_1_1Services_1_1RangeValidator.pdf, id=3170, 501.875pt x 163.
88226pt>
File: classBalanceForge_1_1Services_1_1RangeValidator.pdf Graphic file (type pd
f)
<use classBalanceForge_1_1Services_1_1RangeValidator.pdf>
Package pdftex.def Info: classBalanceForge_1_1Services_1_1RangeValidator.pdf  u
sed on input line 11.
(pdftex.def)             Requested size: 174.26512pt x 56.9055pt.
 [65]
Underfull \hbox (badness 10000) detected at line 63
[][][]
 []


Underfull \hbox (badness 10000) detected at line 85
[][][]
 []

) (./classBalanceForge_1_1Services_1_1RegexValidator.tex <./classBalanceForge_1
_1Services_1_1RegexValidator.pdf>
<classBalanceForge_1_1Services_1_1RegexValidator.pdf, id=3195, 501.875pt x 164.
54472pt>
File: classBalanceForge_1_1Services_1_1RegexValidator.pdf Graphic file (type pd
f)
<use classBalanceForge_1_1Services_1_1RegexValidator.pdf>
Package pdftex.def Info: classBalanceForge_1_1Services_1_1RegexValidator.pdf  u
sed on input line 11.
(pdftex.def)             Requested size: 173.56058pt x 56.9055pt.
 [66]
Underfull \hbox (badness 10000) detected at line 61
[][][]
 []

[67]
Underfull \hbox (badness 10000) detected at line 83
[][][]
 []

) (./classBalanceForge_1_1Services_1_1RequiredValidator.tex <./classBalanceForg
e_1_1Services_1_1RequiredValidator.pdf>
<classBalanceForge_1_1Services_1_1RequiredValidator.pdf, id=3230, 501.875pt x 1
55.01915pt>
File: classBalanceForge_1_1Services_1_1RequiredValidator.pdf Graphic file (type
 pdf)
<use classBalanceForge_1_1Services_1_1RequiredValidator.pdf>
Package pdftex.def Info: classBalanceForge_1_1Services_1_1RequiredValidator.pdf
  used on input line 11.
(pdftex.def)             Requested size: 184.22816pt x 56.9055pt.
 [68]
Underfull \hbox (badness 10000) detected at line 39
[][][]
 []


Underfull \hbox (badness 10000) detected at line 61
[][][]
 []

) (./classBalanceForge_1_1Core_1_1Data_1_1SerializableDictionary-2-g.tex <./cla
ssBalanceForge_1_1Core_1_1Data_1_1SerializableDictionary-2-g.pdf>
<classBalanceForge_1_1Core_1_1Data_1_1SerializableDictionary-2-g.pdf, id=3250, 
501.875pt x 51.21132pt>
File: classBalanceForge_1_1Core_1_1Data_1_1SerializableDictionary-2-g.pdf Graph
ic file (type pdf)
<use classBalanceForge_1_1Core_1_1Data_1_1SerializableDictionary-2-g.pdf>
Package pdftex.def Info: classBalanceForge_1_1Core_1_1Data_1_1SerializableDicti
onary-2-g.pdf  used on input line 11.
(pdftex.def)             Requested size: 398.33778pt x 40.64685pt.
 [69])
(./classBalanceForge_1_1Data_1_1Operations_1_1SortingState.tex [70]

Package textcomp Warning: Symbol \textrightarrow not provided by
(textcomp)                font family phv in TS1 encoding.
(textcomp)                Default family used instead on input line 12.

LaTeX Font Info:    Trying to load font information for T2A+cmss on input line 
12.
(c:/texlive/2025/texmf-dist/tex/latex/cyrillic/t2acmss.fd
File: t2acmss.fd 2001/08/11 v1.0a Computer Modern Cyrillic font definitions
)

Package textcomp Warning: Symbol \textrightarrow not provided by
(textcomp)                font family phv in TS1 encoding.
(textcomp)                Default family used instead on input line 12.


Package textcomp Warning: Symbol \textrightarrow not provided by
(textcomp)                font family phv in TS1 encoding.
(textcomp)                Default family used instead on input line 12.


Package textcomp Warning: Symbol \textrightarrow not provided by
(textcomp)                font family phv in TS1 encoding.
(textcomp)                Default family used instead on input line 36.


Package textcomp Warning: Symbol \textrightarrow not provided by
(textcomp)                font family phv in TS1 encoding.
(textcomp)                Default family used instead on input line 36.


Package textcomp Warning: Symbol \textrightarrow not provided by
(textcomp)                font family phv in TS1 encoding.
(textcomp)                Default family used instead on input line 36.

) (./classBalanceForge_1_1Data_1_1Operations_1_1TableSorter.tex [71{c:/texlive/
2025/texmf-dist/fonts/enc/dvips/cm-super/cm-super-ts1.enc}]
Underfull \hbox (badness 10000) detected at line 42
[][][]
 []

) (./classBalanceForge_1_1Services_1_1UndoRedoService.tex [72]
Underfull \hbox (badness 10000) detected at line 41
[][][]
 []


Underfull \hbox (badness 10000) detected at line 54
[][][]
 []

[73]) (./classBalanceForge_1_1Core_1_1Data_1_1ValidationError.tex
Overfull \hbox (32.17078pt too wide) in paragraph at lines 11--12
[][] \T2A/phv/bc/n/10 (string row[]Id, string column[]Id, string message, [] se
verity=[]) 
 []

[74] [75]) (./classBalanceForge_1_1Core_1_1Data_1_1ValidationResult.tex
[76]
Underfull \hbox (badness 10000) detected at line 72
[][][]
 []

[77]) (./structBalanceForge_1_1Core_1_1Data_1_1Vector2Serializable.tex [78]
Underfull \hbox (badness 10000) detected at line 48
[][][]
 []


Underfull \hbox (badness 10000) detected at line 61
[][][]
 []

) (./structBalanceForge_1_1Core_1_1Data_1_1Vector3Serializable.tex [79]
Underfull \hbox (badness 10000) detected at line 50
[][][]
 []


Underfull \hbox (badness 10000) detected at line 63
[][][]
 []

[80]) [81] [82

]
{\cyrillictext \CYRG \cyrl \cyra \cyrv \cyra } 9.
(./BalanceRow_8cs.tex) (./BalanceTable_8cs.tex) (./ColumnDefinition_8cs.tex
[83]) (./ColumnType_8cs.tex
Overfull \hbox (26.22778pt too wide) in paragraph at lines 15--28
[] \T2A/phv/bc/n/10 , [] , []
 []

) (./EnumDefinition_8cs.tex) (./Filtering_8cs.tex [84]
Overfull \hbox (125.05087pt too wide) in paragraph at lines 26--36
[] \T2A/phv/bc/n/10 , [] , []
 []


Overfull \hbox (124.87036pt too wide) in paragraph at lines 26--36
[] \T2A/phv/bc/n/10 , [] , []
 []


Underfull \hbox (badness 4242) in paragraph at lines 37--40
[]\T2A/phv/bc/n/10 enum [] { [] ,
 []

) (./TableSorter_8cs.tex
Underfull \hbox (badness 10000) in paragraph at lines 22--26
[]\T2A/phv/bc/n/10 enum [] { [] ,
 []

[85]) (./SerializableDictionary_8cs.tex) (./ValidationResult_8cs.tex
Overfull \hbox (57.94226pt too wide) in paragraph at lines 22--26
[]\T2A/phv/bc/n/10 enum [] { [] , []
 []

) (./BalanceTableEditorWindow_8cs.tex) (./CreateTableWizard_8cs.tex)
(./CSVExporter_8cs.tex [86]) (./CSVImporter_8cs.tex)
(./ClipboardService_8cs.tex [87]) (./Commands_8cs.tex) (./IValidator_8cs.tex)
(./UndoRedoService_8cs.tex [88]) (./Validators_8cs.tex)
(./BalanceForgeTests_8cs.tex) [89] [90

] (./refman.ind
Underfull \hbox (badness 10000) in paragraph at lines 21--23
[]| \T2A/phv/bc/n/10 BalanceForge.Data.Operations.ColumnFilter,
 []

[91


]
Underfull \hbox (badness 10000) in paragraph at lines 104--106
[]\T2A/phv/bc/n/10 BalanceForge.Core.Data.SerializableDictionary$\OML/cmm/m/it/
10 <$
 []


Package fancyhdr Warning: \headheight is too small (12.0pt): 
(fancyhdr)                Make it at least 12.51453pt, for example:
(fancyhdr)                \setlength{\headheight}{12.51453pt}.
(fancyhdr)                You might also make \topmargin smaller:
(fancyhdr)                \addtolength{\topmargin}{-0.51453pt}.

[92]
Underfull \hbox (badness 10000) in paragraph at lines 234--235
[]| \T2A/phv/bc/n/10 Test01_BalanceRow_StringValue_Success,
 []


Underfull \hbox (badness 10000) in paragraph at lines 235--237
[]| \T2A/phv/bc/n/10 Test02_BalanceRow_IntegerValue_Success,
 []


Underfull \hbox (badness 10000) in paragraph at lines 238--240
[]| \T2A/phv/bc/n/10 Test04_BalanceRow_BooleanValue_Success,
 []


Underfull \hbox (badness 10000) in paragraph at lines 240--242
[]| \T2A/phv/bc/n/10 Test05_BalanceRow_Vector2Value_Success,
 []


Underfull \hbox (badness 10000) in paragraph at lines 242--244
[]| \T2A/phv/bc/n/10 Test06_BalanceRow_Vector3Value_Success,
 []


Overfull \hbox (47.78902pt too wide) in paragraph at lines 245--247
[]| \T2A/phv/bc/n/10 Test08_BalanceRow_NonExistentColumn_ReturnsNull,
 []


Overfull \hbox (24.43361pt too wide) in paragraph at lines 247--249
[]| \T2A/phv/bc/n/10 Test09_BalanceRow_NullValue_HandlesCorrectly,
 []


Overfull \hbox (40.51302pt too wide) in paragraph at lines 249--251
[]| \T2A/phv/bc/n/10 Test10_BalanceRow_Clone_CreatesIndependentCopy,
 []


Overfull \hbox (75.06013pt too wide) in paragraph at lines 256--258
[]| \T2A/phv/bc/n/10 Test14_BalanceTable_RemoveNonExistentRow_ReturnsFalse,
 []


Overfull \hbox (28.29378pt too wide) in paragraph at lines 258--260
[]| \T2A/phv/bc/n/10 Test15_BalanceTable_ValidateRequiredField_Fails,
 []


Overfull \hbox (36.7917pt too wide) in paragraph at lines 260--262
[]| \T2A/phv/bc/n/10 Test16_TableSorter_IntegerAscending_CorrectOrder,
 []


Overfull \hbox (41.37392pt too wide) in paragraph at lines 262--264
[]| \T2A/phv/bc/n/10 Test17_TableSorter_IntegerDescending_CorrectOrder,
 []


Overfull \hbox (32.90376pt too wide) in paragraph at lines 264--266
[]| \T2A/phv/bc/n/10 Test18_TableSorter_StringAscending_CorrectOrder,
 []


Overfull \hbox (29.86284pt too wide) in paragraph at lines 266--268
[]| \T2A/phv/bc/n/10 Test19_TableSorter_NullValues_HandlesGracefully,
 []


Overfull \hbox (18.71278pt too wide) in paragraph at lines 270--272
[]| \T2A/phv/bc/n/10 Test21_ColumnFilter_Contains_FiltersCorrectly,
 []


Overfull \hbox (36.83336pt too wide) in paragraph at lines 272--274
[]| \T2A/phv/bc/n/10 Test22_ColumnFilter_GreaterThan_FiltersCorrectly,
 []


Overfull \hbox (24.93349pt too wide) in paragraph at lines 274--276
[]| \T2A/phv/bc/n/10 Test23_CompositeFilter_And_CombinesCorrectly,
 []


Overfull \hbox (50.17732pt too wide) in paragraph at lines 276--278
[]| \T2A/phv/bc/n/10 Test24_UndoRedoService_ExecuteCommand_CanUndo,
 []


Overfull \hbox (49.98293pt too wide) in paragraph at lines 278--280
[]| \T2A/phv/bc/n/10 Test25_UndoRedoService_Undo_RestoresPreviousState,
 []


Overfull \hbox (38.15248pt too wide) in paragraph at lines 280--282
[]| \T2A/phv/bc/n/10 Test26_UndoRedoService_Redo_ReappliesCommand,
 []


Overfull \hbox (35.15321pt too wide) in paragraph at lines 282--284
[]| \T2A/phv/bc/n/10 Test27_RangeValidator_ValueInRange_ReturnsTrue,
 []


Overfull \hbox (55.59267pt too wide) in paragraph at lines 284--286
[]| \T2A/phv/bc/n/10 Test28_RangeValidator_ValueOutOfRange_ReturnsFalse,
 []


Overfull \hbox (59.06404pt too wide) in paragraph at lines 286--288
[]| \T2A/phv/bc/n/10 Test29_RequiredValidator_NonEmptyValue_ReturnsTrue,
 []


Overfull \hbox (42.56807pt too wide) in paragraph at lines 288--290
[]| \T2A/phv/bc/n/10 Test30_RequiredValidator_EmptyValue_ReturnsFalse,
 []


Overfull \hbox (48.51106pt too wide) in paragraph at lines 290--292
[]| \T2A/phv/bc/n/10 Test31_RegexValidator_MatchingPattern_ReturnsTrue,
 []


Overfull \hbox (68.11739pt too wide) in paragraph at lines 292--294
[]| \T2A/phv/bc/n/10 Test32_RegexValidator_NonMatchingPattern_ReturnsFalse,
 []


Overfull \hbox (27.57173pt too wide) in paragraph at lines 294--296
[]| \T2A/phv/bc/n/10 Test33_BalanceTable_LargeDataset_PerformsWell,
 []


Overfull \hbox (63.56294pt too wide) in paragraph at lines 296--298
[]| \T2A/phv/bc/n/10 Test34_BalanceRow_RapidUpdates_MaintainsConsistency,
 []


Overfull \hbox (81.91957pt too wide) in paragraph at lines 298--300
[]| \T2A/phv/bc/n/10 Test35_SerializableDictionary_LargeDataset_HandlesCorrectl
y,
 []


Underfull \hbox (badness 10000) in paragraph at lines 305--307
[]\T2A/phv/bc/n/10 BalanceForge/Core/Data/Operations/Filtering.cs,
 []


Overfull \hbox (26.20607pt too wide) in paragraph at lines 312--314
[]\T2A/phv/bc/n/10 BalanceForge/Editor/UI/BalanceTableEditorWindow.cs,
 []


Overfull \hbox (33.78755pt too wide) in paragraph at lines 314--316
[]\T2A/phv/bc/n/10 BalanceForge/Editor/UI/Windows/CreateTableWizard.cs,
 []


Underfull \hbox (badness 10000) in paragraph at lines 323--325
[]\T2A/phv/bc/n/10 BalanceForge/Tests/Editor/BalanceForgeTests.cs,
 []


Package fancyhdr Warning: \headheight is too small (12.0pt): 
(fancyhdr)                Make it at least 12.51453pt, for example:
(fancyhdr)                \setlength{\headheight}{12.51453pt}.
(fancyhdr)                You might also make \topmargin smaller:
(fancyhdr)                \addtolength{\topmargin}{-0.51453pt}.

[93]
Underfull \hbox (badness 10000) in paragraph at lines 351--353
[]| \T2A/phv/bc/n/10 BalanceForge.Data.Operations.ColumnFilter,
 []


Underfull \hbox (badness 10000) in paragraph at lines 383--384
[]| \T2A/phv/bc/n/10 BalanceForge.Services.DeleteRowCommand,
 []


Underfull \hbox (badness 10000) in paragraph at lines 387--389
[]| \T2A/phv/bc/n/10 BalanceForge.Data.Operations.SortingState,
 []


Underfull \hbox (badness 10000) in paragraph at lines 415--416
[]| \T2A/phv/bc/n/10 BalanceForge.Services.DeleteRowCommand,
 []


Underfull \hbox (badness 10000) in paragraph at lines 418--419
[]| \T2A/phv/bc/n/10 BalanceForge.Services.MultiDeleteCommand,
 []


Underfull \hbox (badness 10000) in paragraph at lines 434--436
[]| \T2A/phv/bc/n/10 BalanceForge.Core.Data.Vector2Serializable,
 []


Underfull \hbox (badness 10000) in paragraph at lines 437--439
[]| \T2A/phv/bc/n/10 BalanceForge.Core.Data.Vector3Serializable,
 []


Underfull \hbox (badness 10000) in paragraph at lines 450--451
[]| \T2A/phv/bc/n/10 BalanceForge.Services.DeleteRowCommand,
 []


Underfull \hbox (badness 10000) in paragraph at lines 453--454
[]| \T2A/phv/bc/n/10 BalanceForge.Services.MultiDeleteCommand,
 []


Package fancyhdr Warning: \headheight is too small (12.0pt): 
(fancyhdr)                Make it at least 12.51453pt, for example:
(fancyhdr)                \setlength{\headheight}{12.51453pt}.
(fancyhdr)                You might also make \topmargin smaller:
(fancyhdr)                \addtolength{\topmargin}{-0.51453pt}.

[94]
Underfull \hbox (badness 10000) in paragraph at lines 506--507
[]| \T2A/phv/bc/n/10 BalanceForge.Services.MultiDeleteCommand,
 []


Underfull \hbox (badness 10000) in paragraph at lines 570--572
[]| \T2A/phv/bc/n/10 BalanceForge.Data.Operations.SortingState,
 []


Package fancyhdr Warning: \headheight is too small (12.0pt): 
(fancyhdr)                Make it at least 12.51453pt, for example:
(fancyhdr)                \setlength{\headheight}{12.51453pt}.
(fancyhdr)                You might also make \topmargin smaller:
(fancyhdr)                \addtolength{\topmargin}{-0.51453pt}.

[95]
Overfull \hbox (25.01192pt too wide) in paragraph at lines 599--600
[]\T2A/phv/bc/n/10 Test08_BalanceRow_NonExistentColumn_ReturnsNull 
 []


Overfull \hbox (17.73592pt too wide) in paragraph at lines 603--604
[]\T2A/phv/bc/n/10 Test10_BalanceRow_Clone_CreatesIndependentCopy 
 []


Overfull \hbox (52.28304pt too wide) in paragraph at lines 611--612
[]\T2A/phv/bc/n/10 Test14_BalanceTable_RemoveNonExistentRow_ReturnsFalse 
 []


Overfull \hbox (18.59682pt too wide) in paragraph at lines 617--618
[]\T2A/phv/bc/n/10 Test17_TableSorter_IntegerDescending_CorrectOrder 
 []


Overfull \hbox (27.40022pt too wide) in paragraph at lines 631--632
[]\T2A/phv/bc/n/10 Test24_UndoRedoService_ExecuteCommand_CanUndo 
 []


Overfull \hbox (27.20583pt too wide) in paragraph at lines 633--634
[]\T2A/phv/bc/n/10 Test25_UndoRedoService_Undo_RestoresPreviousState 
 []


Overfull \hbox (15.37538pt too wide) in paragraph at lines 635--636
[]\T2A/phv/bc/n/10 Test26_UndoRedoService_Redo_ReappliesCommand 
 []


Overfull \hbox (32.81557pt too wide) in paragraph at lines 639--640
[]\T2A/phv/bc/n/10 Test28_RangeValidator_ValueOutOfRange_ReturnsFalse 
 []


Overfull \hbox (36.28694pt too wide) in paragraph at lines 641--642
[]\T2A/phv/bc/n/10 Test29_RequiredValidator_NonEmptyValue_ReturnsTrue 
 []


Overfull \hbox (19.79097pt too wide) in paragraph at lines 643--644
[]\T2A/phv/bc/n/10 Test30_RequiredValidator_EmptyValue_ReturnsFalse 
 []


Overfull \hbox (25.73396pt too wide) in paragraph at lines 645--646
[]\T2A/phv/bc/n/10 Test31_RegexValidator_MatchingPattern_ReturnsTrue 
 []


Overfull \hbox (45.34029pt too wide) in paragraph at lines 647--648
[]\T2A/phv/bc/n/10 Test32_RegexValidator_NonMatchingPattern_ReturnsFalse 
 []


Overfull \hbox (40.78584pt too wide) in paragraph at lines 651--652
[]\T2A/phv/bc/n/10 Test34_BalanceRow_RapidUpdates_MaintainsConsistency 
 []


Overfull \hbox (59.14247pt too wide) in paragraph at lines 653--654
[]\T2A/phv/bc/n/10 Test35_SerializableDictionary_LargeDataset_HandlesCorrectly 

 []


Underfull \hbox (badness 10000) in paragraph at lines 658--660
[]| \T2A/phv/bc/n/10 BalanceForge.Data.Operations.SortingState,
 []


Underfull \hbox (badness 10000) in paragraph at lines 661--663
[]| \T2A/phv/bc/n/10 BalanceForge.Core.Data.Vector2Serializable,
 []


Underfull \hbox (badness 10000) in paragraph at lines 664--666
[]| \T2A/phv/bc/n/10 BalanceForge.Core.Data.Vector3Serializable,
 []


Underfull \hbox (badness 10000) in paragraph at lines 671--672
[]| \T2A/phv/bc/n/10 BalanceForge.Services.DeleteRowCommand,
 []


Underfull \hbox (badness 10000) in paragraph at lines 674--675
[]| \T2A/phv/bc/n/10 BalanceForge.Services.MultiDeleteCommand,
 []


Underfull \hbox (badness 10000) in paragraph at lines 711--713
[]| \T2A/phv/bc/n/10 BalanceForge.Core.Data.Vector2Serializable,
 []


Underfull \hbox (badness 10000) in paragraph at lines 713--715
[]| \T2A/phv/bc/n/10 BalanceForge.Core.Data.Vector3Serializable,
 []


Underfull \hbox (badness 10000) in paragraph at lines 719--721
[]| \T2A/phv/bc/n/10 BalanceForge.Core.Data.Vector2Serializable,
 []


Underfull \hbox (badness 10000) in paragraph at lines 721--723
[]| \T2A/phv/bc/n/10 BalanceForge.Core.Data.Vector3Serializable,
 []


Package fancyhdr Warning: \headheight is too small (12.0pt): 
(fancyhdr)                Make it at least 12.51453pt, for example:
(fancyhdr)                \setlength{\headheight}{12.51453pt}.
(fancyhdr)                You might also make \topmargin smaller:
(fancyhdr)                \addtolength{\topmargin}{-0.51453pt}.

[96]
Underfull \hbox (badness 10000) in paragraph at lines 727--729
[]| \T2A/phv/bc/n/10 BalanceForge.Core.Data.Vector3Serializable,
 []


Overfull \hbox (57.30959pt too wide) in paragraph at lines 738--740
[]\T2A/phv/bc/n/10 Ńîäĺđćŕíčĺ äč-đĺę-ňî-đčč BalanceForge/Core/Data/Operations,
 []


Overfull \hbox (46.17342pt too wide) in paragraph at lines 744--746
[]\T2A/phv/bc/n/10 Ńîäĺđćŕíčĺ äč-đĺę-ňî-đčč BalanceForge/Editor/UI/Windows,
 []


Overfull \hbox (18.37465pt too wide) in paragraph at lines 746--748
[]\T2A/phv/bc/n/10 Ńîäĺđćŕíčĺ äč-đĺę-ňî-đčč BalanceForge/ImportExport,
 []


Package fancyhdr Warning: \headheight is too small (12.0pt): 
(fancyhdr)                Make it at least 12.51453pt, for example:
(fancyhdr)                \setlength{\headheight}{12.51453pt}.
(fancyhdr)                You might also make \topmargin smaller:
(fancyhdr)                \addtolength{\topmargin}{-0.51453pt}.

[97

]) (./refman.aux)
 ***********
LaTeX2e <2025-11-01>
L3 programming layer <2025-11-14>
 ***********


LaTeX Font Warning: Some font shapes were not available, defaults substituted.


LaTeX Warning: There were multiply-defined labels.

Package rerunfilecheck Info: File `refman.out' has not changed.
(rerunfilecheck)             Checksum: 4698F06197C8358E2D16A55E635C17DD;80862.
 ) 
Here is how much of TeX's memory you used:
 24648 strings out of 468952
 477717 string characters out of 5461134
 959140 words of memory out of 5000000
 51863 multiletter control sequences out of 15000+600000
 651689 words of font info for 97 fonts, out of 8000000 for 9000
 452 hyphenation exceptions out of 8191
 103i,16n,124p,1499b,1434s stack positions out of 10000i,1000n,20000p,200000b,200000s
<c:/texlive/2025/texmf-dist/fonts/type1/public/amsfonts/cm/cmmi10.pfb><c:/tex
live/2025/texmf-dist/fonts/type1/public/amsfonts/cm/cmmi12.pfb><c:/texlive/2025
/texmf-dist/fonts/type1/public/amsfonts/cm/cmmi7.pfb><c:/texlive/2025/texmf-dis
t/fonts/type1/public/amsfonts/cm/cmmi8.pfb><c:/texlive/2025/texmf-dist/fonts/ty
pe1/public/amsfonts/cm/cmmi9.pfb><c:/texlive/2025/texmf-dist/fonts/type1/public
/amsfonts/cm/cmsy7.pfb><c:/texlive/2025/texmf-dist/fonts/type1/public/cm-super/
sfrm0700.pfb><c:/texlive/2025/texmf-dist/fonts/type1/public/cm-super/sfrm0800.p
fb><c:/texlive/2025/texmf-dist/fonts/type1/public/cm-super/sfrm0900.pfb><c:/tex
live/2025/texmf-dist/fonts/type1/public/cm-super/sfrm1000.pfb><c:/texlive/2025/
texmf-dist/fonts/type1/public/cm-super/sfrm1200.pfb><c:/texlive/2025/texmf-dist
/fonts/type1/public/cm-super/sfrm1440.pfb><c:/texlive/2025/texmf-dist/fonts/typ
e1/public/cm-super/sfrm2074.pfb><c:/texlive/2025/texmf-dist/fonts/type1/public/
cm-super/sfrm2488.pfb><c:/texlive/2025/texmf-dist/fonts/type1/public/cm-super/s
fsi0900.pfb><c:/texlive/2025/texmf-dist/fonts/type1/public/cm-super/sfss1000.pf
b><c:/texlive/2025/texmf-dist/fonts/type1/urw/helvetic/uhvr8a.pfb>
Output written on refman.pdf (109 pages, 620641 bytes).
PDF statistics:
 4432 PDF objects out of 5155 (max. 8388607)
 4176 compressed objects within 42 object streams
 937 named destinations out of 1000 (max. 500000)
 2819 words of extra memory for PDF output out of 10000 (max. 10000000)

